<?xml version="1.0" encoding="UTF-8"?>
<testsuites name="Mobile test suite" time="710.525" tests="18" failures="0" errors="1">
   <testsuite name="Mobile test suite" tests="18" failures="0" errors="1" time="710.525" skipped="0" timestamp="2022-07-27 16:03:08" hostname="mkapuscinska - host.docker.internal" id="Test Suites/Mobile test suite">
      <properties>
         <property name="deviceName" value=""/>
         <property name="devicePlatform" value=""/>
         <property name="logFolder" value="C:\\projects\\Katalon\\rainbow_test_suite\\Reports\\20220727_160306\\Mobile test suite\\20220727_160306"/>
         <property name="logFiles" value="C:\\projects\\Katalon\\rainbow_test_suite\\Reports\\20220727_160306\\Mobile test suite\\20220727_160306\\execution0.log"/>
         <property name="attachments" value=""/>
         <property name="hostName" value="mkapuscinska - host.docker.internal"/>
         <property name="os" value="Windows 10 64bit"/>
         <property name="katalonVersion" value="8.4.0.208"/>
         <property name="browser" value="Chrome 90.0.4430.91"/>
         <property name="hostAddress" value="192.168.1.27"/>
         <property name="sessionId" value="3dd5f621eef20617a7f85b4633d902c4"/>
         <property name="seleniumVersion" value="3.141.59"/>
         <property name="proxyInformation" value="ProxyInformation { proxyOption=NO_PROXY, proxyServerType=HTTP, username=, password=********, proxyServerAddress=, proxyServerPort=0, executionList=&quot;&quot;, isApplyToDesiredCapabilities=true }"/>
         <property name="platform" value="Windows 10"/>
      </properties>
      <testcase name="Test Cases/Mobile Tests/Results/popularne-refresh-mobile" time="1.239" classname="Test Cases/Mobile Tests/Results/popularne-refresh-mobile" status="ERROR">
         <error type="ERROR" message="Test Cases/Mobile Tests/Results/popularne-refresh-mobile FAILED.
Reason:
org.openqa.selenium.InvalidArgumentException: invalid argument
  (Session info: chrome=103.0.5060.134)
Build info: version: '3.141.59', revision: 'e82be7d358', time: '2018-11-14T08:25:53'
System info: host: 'BH-N002', ip: '192.168.1.27', os.name: 'Windows 10', os.arch: 'amd64', os.version: '10.0', java.version: '1.8.0_282'
Driver info: org.openqa.selenium.chrome.ChromeDriver
Capabilities {acceptInsecureCerts: false, browserName: chrome, browserVersion: 103.0.5060.134, chrome: {chromedriverVersion: 103.0.5060.134 (8ec6fce403b..., userDataDir: C:\Users\MKAPUS~1\AppData\L...}, goog:chromeOptions: {debuggerAddress: localhost:52984}, javascriptEnabled: true, networkConnectionEnabled: false, pageLoadStrategy: normal, platform: WINDOWS, platformName: WINDOWS, proxy: Proxy(), setWindowRect: true, strictFileInteractability: false, timeouts: {implicit: 0, pageLoad: 300000, script: 30000}, unhandledPromptBehavior: dismiss and notify, webauthn:extension:credBlob: true, webauthn:extension:largeBlob: true, webauthn:virtualAuthenticators: true}
Session ID: f7d11353c69c666f343f1a120b6494c3
	at org.openqa.selenium.remote.http.W3CHttpResponseCodec.createException(W3CHttpResponseCodec.java:187)
	at org.openqa.selenium.remote.http.W3CHttpResponseCodec.decode(W3CHttpResponseCodec.java:122)
	at org.openqa.selenium.remote.http.W3CHttpResponseCodec.decode(W3CHttpResponseCodec.java:49)
	at org.openqa.selenium.remote.HttpCommandExecutor.execute(HttpCommandExecutor.java:158)
	at org.openqa.selenium.remote.service.DriverCommandExecutor.execute(DriverCommandExecutor.java:83)
	at org.openqa.selenium.remote.RemoteWebDriver.execute(RemoteWebDriver.java:552)
	at org.openqa.selenium.remote.RemoteWebDriver.get(RemoteWebDriver.java:277)
	at org.openqa.selenium.remote.RemoteWebDriver$RemoteNavigation.to(RemoteWebDriver.java:857)
	at org.openqa.selenium.WebDriver$Navigation$to.call(Unknown Source)
	at popularne-refresh-mobile.run(popularne-refresh-mobile:38)
	at com.kms.katalon.core.main.ScriptEngine.run(ScriptEngine.java:194)
	at com.kms.katalon.core.main.ScriptEngine.runScriptAsRawText(ScriptEngine.java:119)
	at com.kms.katalon.core.main.TestCaseExecutor.runScript(TestCaseExecutor.java:445)
	at com.kms.katalon.core.main.TestCaseExecutor.doExecute(TestCaseExecutor.java:436)
	at com.kms.katalon.core.main.TestCaseExecutor.processExecutionPhase(TestCaseExecutor.java:415)
	at com.kms.katalon.core.main.TestCaseExecutor.accessMainPhase(TestCaseExecutor.java:407)
	at com.kms.katalon.core.main.TestCaseExecutor.execute(TestCaseExecutor.java:284)
	at com.kms.katalon.core.main.TestCaseExecutor.execute(TestCaseExecutor.java:366)
	at com.kms.katalon.core.main.TestCaseExecutor.execute(TestCaseExecutor.java:366)
	at com.kms.katalon.core.main.TestCaseExecutor.execute(TestCaseExecutor.java:366)
	at com.kms.katalon.core.common.CommonExecutor.accessTestCaseMainPhase(CommonExecutor.java:65)
	at com.kms.katalon.core.main.TestSuiteExecutor.accessTestSuiteMainPhase(TestSuiteExecutor.java:144)
	at com.kms.katalon.core.main.TestSuiteExecutor.execute(TestSuiteExecutor.java:106)
	at com.kms.katalon.core.main.TestCaseMain.startTestSuite(TestCaseMain.java:185)
	at com.kms.katalon.core.main.TestCaseMain$startTestSuite$0.call(Unknown Source)
	at TempTestSuite1658930586090.run(TempTestSuite1658930586090.groovy:36)
"/>
         <system-out><![CDATA[2022-07-27 16:03:13 - [TEST_CASE][ERROR] - Test Cases/Mobile Tests/Results/popularne-refresh-mobile: Test Cases/Mobile Tests/Results/popularne-refresh-mobile FAILED.
Reason:
org.openqa.selenium.InvalidArgumentException: invalid argument
  (Session info: chrome=103.0.5060.134)
Build info: version: '3.141.59', revision: 'e82be7d358', time: '2018-11-14T08:25:53'
System info: host: 'BH-N002', ip: '192.168.1.27', os.name: 'Windows 10', os.arch: 'amd64', os.version: '10.0', java.version: '1.8.0_282'
Driver info: org.openqa.selenium.chrome.ChromeDriver
Capabilities {acceptInsecureCerts: false, browserName: chrome, browserVersion: 103.0.5060.134, chrome: {chromedriverVersion: 103.0.5060.134 (8ec6fce403b..., userDataDir: C:\Users\MKAPUS~1\AppData\L...}, goog:chromeOptions: {debuggerAddress: localhost:52984}, javascriptEnabled: true, networkConnectionEnabled: false, pageLoadStrategy: normal, platform: WINDOWS, platformName: WINDOWS, proxy: Proxy(), setWindowRect: true, strictFileInteractability: false, timeouts: {implicit: 0, pageLoad: 300000, script: 30000}, unhandledPromptBehavior: dismiss and notify, webauthn:extension:credBlob: true, webauthn:extension:largeBlob: true, webauthn:virtualAuthenticators: true}
Session ID: f7d11353c69c666f343f1a120b6494c3
	at org.openqa.selenium.remote.http.W3CHttpResponseCodec.createException(W3CHttpResponseCodec.java:187)
	at org.openqa.selenium.remote.http.W3CHttpResponseCodec.decode(W3CHttpResponseCodec.java:122)
	at org.openqa.selenium.remote.http.W3CHttpResponseCodec.decode(W3CHttpResponseCodec.java:49)
	at org.openqa.selenium.remote.HttpCommandExecutor.execute(HttpCommandExecutor.java:158)
	at org.openqa.selenium.remote.service.DriverCommandExecutor.execute(DriverCommandExecutor.java:83)
	at org.openqa.selenium.remote.RemoteWebDriver.execute(RemoteWebDriver.java:552)
	at org.openqa.selenium.remote.RemoteWebDriver.get(RemoteWebDriver.java:277)
	at org.openqa.selenium.remote.RemoteWebDriver$RemoteNavigation.to(RemoteWebDriver.java:857)
	at org.openqa.selenium.WebDriver$Navigation$to.call(Unknown Source)
	at popularne-refresh-mobile.run(popularne-refresh-mobile:38)
	at com.kms.katalon.core.main.ScriptEngine.run(ScriptEngine.java:194)
	at com.kms.katalon.core.main.ScriptEngine.runScriptAsRawText(ScriptEngine.java:119)
	at com.kms.katalon.core.main.TestCaseExecutor.runScript(TestCaseExecutor.java:445)
	at com.kms.katalon.core.main.TestCaseExecutor.doExecute(TestCaseExecutor.java:436)
	at com.kms.katalon.core.main.TestCaseExecutor.processExecutionPhase(TestCaseExecutor.java:415)
	at com.kms.katalon.core.main.TestCaseExecutor.accessMainPhase(TestCaseExecutor.java:407)
	at com.kms.katalon.core.main.TestCaseExecutor.execute(TestCaseExecutor.java:284)
	at com.kms.katalon.core.main.TestCaseExecutor.execute(TestCaseExecutor.java:366)
	at com.kms.katalon.core.main.TestCaseExecutor.execute(TestCaseExecutor.java:366)
	at com.kms.katalon.core.main.TestCaseExecutor.execute(TestCaseExecutor.java:366)
	at com.kms.katalon.core.common.CommonExecutor.accessTestCaseMainPhase(CommonExecutor.java:65)
	at com.kms.katalon.core.main.TestSuiteExecutor.accessTestSuiteMainPhase(TestSuiteExecutor.java:144)
	at com.kms.katalon.core.main.TestSuiteExecutor.execute(TestSuiteExecutor.java:106)
	at com.kms.katalon.core.main.TestCaseMain.startTestSuite(TestCaseMain.java:185)
	at com.kms.katalon.core.main.TestCaseMain$startTestSuite$0.call(Unknown Source)
	at TempTestSuite1658930586090.run(TempTestSuite1658930586090.groovy:36)


2022-07-27 16:03:13 - [TEST_STEP][PASSED] - System.setProperty("webdriver.chrome.driver", getChromeDriverPath()): null

2022-07-27 16:03:13 - [TEST_STEP][PASSED] - mobileEmulation = new java.util.HashMap(): null

2022-07-27 16:03:13 - [TEST_STEP][PASSED] - mobileEmulation.put("deviceName", mobileDevice): null

2022-07-27 16:03:13 - [TEST_STEP][PASSED] - chromeOptions = new org.openqa.selenium.chrome.ChromeOptions(): null

2022-07-27 16:03:13 - [TEST_STEP][PASSED] - chromeOptions.setExperimentalOption("mobileEmulation", mobileEmulation): null

2022-07-27 16:03:13 - [TEST_STEP][PASSED] - driver = new org.openqa.selenium.chrome.ChromeDriver(chromeOptions): null

2022-07-27 16:03:14 - [TEST_STEP][PASSED] - changeWebDriver(driver): null

2022-07-27 16:03:14 - [TEST_STEP][ERROR] - navigate().to(url): Test Cases/Mobile Tests/Results/popularne-refresh-mobile FAILED.
Reason:
org.openqa.selenium.InvalidArgumentException: invalid argument
  (Session info: chrome=103.0.5060.134)
Build info: version: '3.141.59', revision: 'e82be7d358', time: '2018-11-14T08:25:53'
System info: host: 'BH-N002', ip: '192.168.1.27', os.name: 'Windows 10', os.arch: 'amd64', os.version: '10.0', java.version: '1.8.0_282'
Driver info: org.openqa.selenium.chrome.ChromeDriver
Capabilities {acceptInsecureCerts: false, browserName: chrome, browserVersion: 103.0.5060.134, chrome: {chromedriverVersion: 103.0.5060.134 (8ec6fce403b..., userDataDir: C:\Users\MKAPUS~1\AppData\L...}, goog:chromeOptions: {debuggerAddress: localhost:52984}, javascriptEnabled: true, networkConnectionEnabled: false, pageLoadStrategy: normal, platform: WINDOWS, platformName: WINDOWS, proxy: Proxy(), setWindowRect: true, strictFileInteractability: false, timeouts: {implicit: 0, pageLoad: 300000, script: 30000}, unhandledPromptBehavior: dismiss and notify, webauthn:extension:credBlob: true, webauthn:extension:largeBlob: true, webauthn:virtualAuthenticators: true}
Session ID: f7d11353c69c666f343f1a120b6494c3
	at org.openqa.selenium.remote.http.W3CHttpResponseCodec.createException(W3CHttpResponseCodec.java:187)
	at org.openqa.selenium.remote.http.W3CHttpResponseCodec.decode(W3CHttpResponseCodec.java:122)
	at org.openqa.selenium.remote.http.W3CHttpResponseCodec.decode(W3CHttpResponseCodec.java:49)
	at org.openqa.selenium.remote.HttpCommandExecutor.execute(HttpCommandExecutor.java:158)
	at org.openqa.selenium.remote.service.DriverCommandExecutor.execute(DriverCommandExecutor.java:83)
	at org.openqa.selenium.remote.RemoteWebDriver.execute(RemoteWebDriver.java:552)
	at org.openqa.selenium.remote.RemoteWebDriver.get(RemoteWebDriver.java:277)
	at org.openqa.selenium.remote.RemoteWebDriver$RemoteNavigation.to(RemoteWebDriver.java:857)
	at org.openqa.selenium.WebDriver$Navigation$to.call(Unknown Source)
	at popularne-refresh-mobile.run(popularne-refresh-mobile:38)
	at com.kms.katalon.core.main.ScriptEngine.run(ScriptEngine.java:194)
	at com.kms.katalon.core.main.ScriptEngine.runScriptAsRawText(ScriptEngine.java:119)
	at com.kms.katalon.core.main.TestCaseExecutor.runScript(TestCaseExecutor.java:445)
	at com.kms.katalon.core.main.TestCaseExecutor.doExecute(TestCaseExecutor.java:436)
	at com.kms.katalon.core.main.TestCaseExecutor.processExecutionPhase(TestCaseExecutor.java:415)
	at com.kms.katalon.core.main.TestCaseExecutor.accessMainPhase(TestCaseExecutor.java:407)
	at com.kms.katalon.core.main.TestCaseExecutor.execute(TestCaseExecutor.java:284)
	at com.kms.katalon.core.main.TestCaseExecutor.execute(TestCaseExecutor.java:366)
	at com.kms.katalon.core.main.TestCaseExecutor.execute(TestCaseExecutor.java:366)
	at com.kms.katalon.core.main.TestCaseExecutor.execute(TestCaseExecutor.java:366)
	at com.kms.katalon.core.common.CommonExecutor.accessTestCaseMainPhase(CommonExecutor.java:65)
	at com.kms.katalon.core.main.TestSuiteExecutor.accessTestSuiteMainPhase(TestSuiteExecutor.java:144)
	at com.kms.katalon.core.main.TestSuiteExecutor.execute(TestSuiteExecutor.java:106)
	at com.kms.katalon.core.main.TestCaseMain.startTestSuite(TestCaseMain.java:185)
	at com.kms.katalon.core.main.TestCaseMain$startTestSuite$0.call(Unknown Source)
	at TempTestSuite1658930586090.run(TempTestSuite1658930586090.groovy:36)


2022-07-27 16:03:14 - [MESSAGE][ERROR] - Test Cases/Mobile Tests/Results/popularne-refresh-mobile FAILED.
Reason:
org.openqa.selenium.InvalidArgumentException: invalid argument
  (Session info: chrome=103.0.5060.134)
Build info: version: '3.141.59', revision: 'e82be7d358', time: '2018-11-14T08:25:53'
System info: host: 'BH-N002', ip: '192.168.1.27', os.name: 'Windows 10', os.arch: 'amd64', os.version: '10.0', java.version: '1.8.0_282'
Driver info: org.openqa.selenium.chrome.ChromeDriver
Capabilities {acceptInsecureCerts: false, browserName: chrome, browserVersion: 103.0.5060.134, chrome: {chromedriverVersion: 103.0.5060.134 (8ec6fce403b..., userDataDir: C:\Users\MKAPUS~1\AppData\L...}, goog:chromeOptions: {debuggerAddress: localhost:52984}, javascriptEnabled: true, networkConnectionEnabled: false, pageLoadStrategy: normal, platform: WINDOWS, platformName: WINDOWS, proxy: Proxy(), setWindowRect: true, strictFileInteractability: false, timeouts: {implicit: 0, pageLoad: 300000, script: 30000}, unhandledPromptBehavior: dismiss and notify, webauthn:extension:credBlob: true, webauthn:extension:largeBlob: true, webauthn:virtualAuthenticators: true}
Session ID: f7d11353c69c666f343f1a120b6494c3
	at org.openqa.selenium.remote.http.W3CHttpResponseCodec.createException(W3CHttpResponseCodec.java:187)
	at org.openqa.selenium.remote.http.W3CHttpResponseCodec.decode(W3CHttpResponseCodec.java:122)
	at org.openqa.selenium.remote.http.W3CHttpResponseCodec.decode(W3CHttpResponseCodec.java:49)
	at org.openqa.selenium.remote.HttpCommandExecutor.execute(HttpCommandExecutor.java:158)
	at org.openqa.selenium.remote.service.DriverCommandExecutor.execute(DriverCommandExecutor.java:83)
	at org.openqa.selenium.remote.RemoteWebDriver.execute(RemoteWebDriver.java:552)
	at org.openqa.selenium.remote.RemoteWebDriver.get(RemoteWebDriver.java:277)
	at org.openqa.selenium.remote.RemoteWebDriver$RemoteNavigation.to(RemoteWebDriver.java:857)
	at org.openqa.selenium.WebDriver$Navigation$to.call(Unknown Source)
	at popularne-refresh-mobile.run(popularne-refresh-mobile:38)
	at com.kms.katalon.core.main.ScriptEngine.run(ScriptEngine.java:194)
	at com.kms.katalon.core.main.ScriptEngine.runScriptAsRawText(ScriptEngine.java:119)
	at com.kms.katalon.core.main.TestCaseExecutor.runScript(TestCaseExecutor.java:445)
	at com.kms.katalon.core.main.TestCaseExecutor.doExecute(TestCaseExecutor.java:436)
	at com.kms.katalon.core.main.TestCaseExecutor.processExecutionPhase(TestCaseExecutor.java:415)
	at com.kms.katalon.core.main.TestCaseExecutor.accessMainPhase(TestCaseExecutor.java:407)
	at com.kms.katalon.core.main.TestCaseExecutor.execute(TestCaseExecutor.java:284)
	at com.kms.katalon.core.main.TestCaseExecutor.execute(TestCaseExecutor.java:366)
	at com.kms.katalon.core.main.TestCaseExecutor.execute(TestCaseExecutor.java:366)
	at com.kms.katalon.core.main.TestCaseExecutor.execute(TestCaseExecutor.java:366)
	at com.kms.katalon.core.common.CommonExecutor.accessTestCaseMainPhase(CommonExecutor.java:65)
	at com.kms.katalon.core.main.TestSuiteExecutor.accessTestSuiteMainPhase(TestSuiteExecutor.java:144)
	at com.kms.katalon.core.main.TestSuiteExecutor.execute(TestSuiteExecutor.java:106)
	at com.kms.katalon.core.main.TestCaseMain.startTestSuite(TestCaseMain.java:185)
	at com.kms.katalon.core.main.TestCaseMain$startTestSuite$0.call(Unknown Source)
	at TempTestSuite1658930586090.run(TempTestSuite1658930586090.groovy:36)]]></system-out>
         <system-err><![CDATA[2022-07-27 16:03:13 - [TEST_CASE][ERROR] - Test Cases/Mobile Tests/Results/popularne-refresh-mobile: Test Cases/Mobile Tests/Results/popularne-refresh-mobile FAILED.
Reason:
org.openqa.selenium.InvalidArgumentException: invalid argument
  (Session info: chrome=103.0.5060.134)
Build info: version: '3.141.59', revision: 'e82be7d358', time: '2018-11-14T08:25:53'
System info: host: 'BH-N002', ip: '192.168.1.27', os.name: 'Windows 10', os.arch: 'amd64', os.version: '10.0', java.version: '1.8.0_282'
Driver info: org.openqa.selenium.chrome.ChromeDriver
Capabilities {acceptInsecureCerts: false, browserName: chrome, browserVersion: 103.0.5060.134, chrome: {chromedriverVersion: 103.0.5060.134 (8ec6fce403b..., userDataDir: C:\Users\MKAPUS~1\AppData\L...}, goog:chromeOptions: {debuggerAddress: localhost:52984}, javascriptEnabled: true, networkConnectionEnabled: false, pageLoadStrategy: normal, platform: WINDOWS, platformName: WINDOWS, proxy: Proxy(), setWindowRect: true, strictFileInteractability: false, timeouts: {implicit: 0, pageLoad: 300000, script: 30000}, unhandledPromptBehavior: dismiss and notify, webauthn:extension:credBlob: true, webauthn:extension:largeBlob: true, webauthn:virtualAuthenticators: true}
Session ID: f7d11353c69c666f343f1a120b6494c3
	at org.openqa.selenium.remote.http.W3CHttpResponseCodec.createException(W3CHttpResponseCodec.java:187)
	at org.openqa.selenium.remote.http.W3CHttpResponseCodec.decode(W3CHttpResponseCodec.java:122)
	at org.openqa.selenium.remote.http.W3CHttpResponseCodec.decode(W3CHttpResponseCodec.java:49)
	at org.openqa.selenium.remote.HttpCommandExecutor.execute(HttpCommandExecutor.java:158)
	at org.openqa.selenium.remote.service.DriverCommandExecutor.execute(DriverCommandExecutor.java:83)
	at org.openqa.selenium.remote.RemoteWebDriver.execute(RemoteWebDriver.java:552)
	at org.openqa.selenium.remote.RemoteWebDriver.get(RemoteWebDriver.java:277)
	at org.openqa.selenium.remote.RemoteWebDriver$RemoteNavigation.to(RemoteWebDriver.java:857)
	at org.openqa.selenium.WebDriver$Navigation$to.call(Unknown Source)
	at popularne-refresh-mobile.run(popularne-refresh-mobile:38)
	at com.kms.katalon.core.main.ScriptEngine.run(ScriptEngine.java:194)
	at com.kms.katalon.core.main.ScriptEngine.runScriptAsRawText(ScriptEngine.java:119)
	at com.kms.katalon.core.main.TestCaseExecutor.runScript(TestCaseExecutor.java:445)
	at com.kms.katalon.core.main.TestCaseExecutor.doExecute(TestCaseExecutor.java:436)
	at com.kms.katalon.core.main.TestCaseExecutor.processExecutionPhase(TestCaseExecutor.java:415)
	at com.kms.katalon.core.main.TestCaseExecutor.accessMainPhase(TestCaseExecutor.java:407)
	at com.kms.katalon.core.main.TestCaseExecutor.execute(TestCaseExecutor.java:284)
	at com.kms.katalon.core.main.TestCaseExecutor.execute(TestCaseExecutor.java:366)
	at com.kms.katalon.core.main.TestCaseExecutor.execute(TestCaseExecutor.java:366)
	at com.kms.katalon.core.main.TestCaseExecutor.execute(TestCaseExecutor.java:366)
	at com.kms.katalon.core.common.CommonExecutor.accessTestCaseMainPhase(CommonExecutor.java:65)
	at com.kms.katalon.core.main.TestSuiteExecutor.accessTestSuiteMainPhase(TestSuiteExecutor.java:144)
	at com.kms.katalon.core.main.TestSuiteExecutor.execute(TestSuiteExecutor.java:106)
	at com.kms.katalon.core.main.TestCaseMain.startTestSuite(TestCaseMain.java:185)
	at com.kms.katalon.core.main.TestCaseMain$startTestSuite$0.call(Unknown Source)
	at TempTestSuite1658930586090.run(TempTestSuite1658930586090.groovy:36)]]></system-err>
      </testcase>
      <testcase name="Test Cases/Mobile Tests/Homepage/homepage-mobile_basic-test" time="25.63" classname="Test Cases/Mobile Tests/Homepage/homepage-mobile_basic-test" status="PASSED">
         <system-out><![CDATA[2022-07-27 16:03:14 - [TEST_CASE][PASSED] - Test Cases/Mobile Tests/Homepage/homepage-mobile_basic-test: Test Cases/Mobile Tests/Homepage/homepage-mobile_basic-test

2022-07-27 16:03:15 - [TEST_STEP][PASSED] - System.setProperty("webdriver.chrome.driver", getChromeDriverPath()): null

2022-07-27 16:03:15 - [TEST_STEP][PASSED] - mobileEmulation = new java.util.HashMap(): null

2022-07-27 16:03:15 - [TEST_STEP][PASSED] - mobileEmulation.put("deviceName", mobileDevice): null

2022-07-27 16:03:15 - [TEST_STEP][PASSED] - chromeOptions = new org.openqa.selenium.chrome.ChromeOptions(): null

2022-07-27 16:03:15 - [TEST_STEP][PASSED] - chromeOptions.setExperimentalOption("mobileEmulation", mobileEmulation): null

2022-07-27 16:03:15 - [TEST_STEP][PASSED] - driver = new org.openqa.selenium.chrome.ChromeDriver(chromeOptions): null

2022-07-27 16:03:16 - [TEST_STEP][PASSED] - changeWebDriver(driver): null

2022-07-27 16:03:16 - [TEST_STEP][PASSED] - navigate().to(homepageUrl): null

2022-07-27 16:03:20 - [TEST_STEP][PASSED] - waitForPageLoad(5): Wait for page load successfully

2022-07-27 16:03:20 - [MESSAGE][PASSED] - Wait for page load successfully

2022-07-27 16:03:20 - [TEST_STEP][PASSED] - click(findTestObject("HomePage/zamknijCiastka")): Object: 'Object Repository/HomePage/zamknijCiastka' is clicked on

2022-07-27 16:03:20 - [MESSAGE][PASSED] - Object: 'Object Repository/HomePage/zamknijCiastka' is clicked on

2022-07-27 16:03:20 - [TEST_STEP][PASSED] - comment("SearchBar / Hero"): SearchBar / Hero

2022-07-27 16:03:20 - [MESSAGE][INFO] - SearchBar / Hero

2022-07-27 16:03:20 - [TEST_STEP][PASSED] - verifyElementPresent(findTestObject("Object Repository/Mobile Objects/HomePage/homepage-hero-filtry/wraper"), timeout): Object 'Object Repository/Mobile Objects/HomePage/homepage-hero-filtry/wraper' is present

2022-07-27 16:03:20 - [MESSAGE][PASSED] - Object 'Object Repository/Mobile Objects/HomePage/homepage-hero-filtry/wraper' is present

2022-07-27 16:03:20 - [TEST_STEP][PASSED] - verifyElementVisible(findTestObject("Object Repository/Mobile Objects/HomePage/homepage-hero-filtry/wraper"), STOP_ON_FAILURE): Object 'Object Repository/Mobile Objects/HomePage/homepage-hero-filtry/wraper' is visible

2022-07-27 16:03:21 - [MESSAGE][PASSED] - Object 'Object Repository/Mobile Objects/HomePage/homepage-hero-filtry/wraper' is visible

2022-07-27 16:03:21 - [TEST_STEP][PASSED] - verifyElementPresent(findTestObject("Object Repository/Mobile Objects/HomePage/homepage-hero-filtry/gdziekolwiek"), timeout): Object 'Object Repository/Mobile Objects/HomePage/homepage-hero-filtry/gdziekolwiek' is present

2022-07-27 16:03:21 - [MESSAGE][PASSED] - Object 'Object Repository/Mobile Objects/HomePage/homepage-hero-filtry/gdziekolwiek' is present

2022-07-27 16:03:21 - [TEST_STEP][PASSED] - verifyElementClickable(findTestObject("Object Repository/Mobile Objects/HomePage/homepage-hero-filtry/gdziekolwiek"), STOP_ON_FAILURE): Object 'Object Repository/Mobile Objects/HomePage/homepage-hero-filtry/gdziekolwiek' is clickable

2022-07-27 16:03:21 - [MESSAGE][PASSED] - Object 'Object Repository/Mobile Objects/HomePage/homepage-hero-filtry/gdziekolwiek' is clickable

2022-07-27 16:03:21 - [TEST_STEP][PASSED] - verifyElementPresent(findTestObject("Object Repository/Mobile Objects/HomePage/homepage-hero-filtry/kiedykolwiek"), timeout): Object 'Object Repository/Mobile Objects/HomePage/homepage-hero-filtry/kiedykolwiek' is present

2022-07-27 16:03:21 - [MESSAGE][PASSED] - Object 'Object Repository/Mobile Objects/HomePage/homepage-hero-filtry/kiedykolwiek' is present

2022-07-27 16:03:21 - [TEST_STEP][PASSED] - verifyElementClickable(findTestObject("Object Repository/Mobile Objects/HomePage/homepage-hero-filtry/kiedykolwiek"), STOP_ON_FAILURE): Object 'Object Repository/Mobile Objects/HomePage/homepage-hero-filtry/kiedykolwiek' is clickable

2022-07-27 16:03:21 - [MESSAGE][PASSED] - Object 'Object Repository/Mobile Objects/HomePage/homepage-hero-filtry/kiedykolwiek' is clickable

2022-07-27 16:03:21 - [TEST_STEP][PASSED] - verifyElementPresent(findTestObject("Object Repository/Mobile Objects/HomePage/homepage-hero-filtry/ilosc-osob"), timeout): Object 'Object Repository/Mobile Objects/HomePage/homepage-hero-filtry/ilosc-osob' is present

2022-07-27 16:03:21 - [MESSAGE][PASSED] - Object 'Object Repository/Mobile Objects/HomePage/homepage-hero-filtry/ilosc-osob' is present

2022-07-27 16:03:21 - [TEST_STEP][PASSED] - verifyElementClickable(findTestObject("Object Repository/Mobile Objects/HomePage/homepage-hero-filtry/ilosc-osob"), STOP_ON_FAILURE): Object 'Object Repository/Mobile Objects/HomePage/homepage-hero-filtry/ilosc-osob' is clickable

2022-07-27 16:03:21 - [MESSAGE][PASSED] - Object 'Object Repository/Mobile Objects/HomePage/homepage-hero-filtry/ilosc-osob' is clickable

2022-07-27 16:03:21 - [TEST_STEP][PASSED] - verifyElementPresent(findTestObject("Object Repository/Mobile Objects/HomePage/homepage-hero-filtry/skadkolwiek"), timeout): Object 'Object Repository/Mobile Objects/HomePage/homepage-hero-filtry/skadkolwiek' is present

2022-07-27 16:03:21 - [MESSAGE][PASSED] - Object 'Object Repository/Mobile Objects/HomePage/homepage-hero-filtry/skadkolwiek' is present

2022-07-27 16:03:21 - [TEST_STEP][PASSED] - verifyElementClickable(findTestObject("Object Repository/Mobile Objects/HomePage/homepage-hero-filtry/skadkolwiek"), STOP_ON_FAILURE): Object 'Object Repository/Mobile Objects/HomePage/homepage-hero-filtry/skadkolwiek' is clickable

2022-07-27 16:03:21 - [MESSAGE][PASSED] - Object 'Object Repository/Mobile Objects/HomePage/homepage-hero-filtry/skadkolwiek' is clickable

2022-07-27 16:03:21 - [TEST_STEP][PASSED] - verifyElementPresent(findTestObject("Object Repository/Mobile Objects/HomePage/homepage-hero-filtry/typ-transportu"), timeout): Object 'Object Repository/Mobile Objects/HomePage/homepage-hero-filtry/typ-transportu' is present

2022-07-27 16:03:22 - [MESSAGE][PASSED] - Object 'Object Repository/Mobile Objects/HomePage/homepage-hero-filtry/typ-transportu' is present

2022-07-27 16:03:22 - [TEST_STEP][PASSED] - verifyElementClickable(findTestObject("Object Repository/Mobile Objects/HomePage/homepage-hero-filtry/typ-transportu"), STOP_ON_FAILURE): Object 'Object Repository/Mobile Objects/HomePage/homepage-hero-filtry/typ-transportu' is clickable

2022-07-27 16:03:22 - [MESSAGE][PASSED] - Object 'Object Repository/Mobile Objects/HomePage/homepage-hero-filtry/typ-transportu' is clickable

2022-07-27 16:03:22 - [TEST_STEP][PASSED] - verifyElementPresent(findTestObject("Object Repository/Mobile Objects/HomePage/homepage-hero-filtry/a_SZUKAJ-hero"), timeout): Object 'Object Repository/Mobile Objects/HomePage/homepage-hero-filtry/a_SZUKAJ-hero' is present

2022-07-27 16:03:22 - [MESSAGE][PASSED] - Object 'Object Repository/Mobile Objects/HomePage/homepage-hero-filtry/a_SZUKAJ-hero' is present

2022-07-27 16:03:22 - [TEST_STEP][PASSED] - verifyElementClickable(findTestObject("Object Repository/Mobile Objects/HomePage/homepage-hero-filtry/a_SZUKAJ-hero"), STOP_ON_FAILURE): Object 'Object Repository/Mobile Objects/HomePage/homepage-hero-filtry/a_SZUKAJ-hero' is clickable

2022-07-27 16:03:22 - [MESSAGE][PASSED] - Object 'Object Repository/Mobile Objects/HomePage/homepage-hero-filtry/a_SZUKAJ-hero' is clickable

2022-07-27 16:03:22 - [TEST_STEP][PASSED] - comment("Sekcja 1 - Biuro podróży"): Sekcja 1 - Biuro podróży

2022-07-27 16:03:22 - [MESSAGE][INFO] - Sekcja 1 - Biuro podróży

2022-07-27 16:03:22 - [TEST_STEP][PASSED] - verifyElementPresent(findTestObject("HomePage/biuro-podrozy-rainbow/Header-Biuro-podrozy-rainbow"), timeout): Object 'Object Repository/HomePage/biuro-podrozy-rainbow/Header-Biuro-podrozy-rainbow' is present

2022-07-27 16:03:22 - [MESSAGE][PASSED] - Object 'Object Repository/HomePage/biuro-podrozy-rainbow/Header-Biuro-podrozy-rainbow' is present

2022-07-27 16:03:22 - [TEST_STEP][PASSED] - verifyElementText(findTestObject("HomePage/biuro-podrozy-rainbow/Header-Biuro-podrozy-rainbow"), "Biuro podróży Rainbow"): Actual text and expected text of test object 'Object Repository/HomePage/biuro-podrozy-rainbow/Header-Biuro-podrozy-rainbow' are matched.

2022-07-27 16:03:22 - [MESSAGE][PASSED] - Actual text and expected text of test object 'Object Repository/HomePage/biuro-podrozy-rainbow/Header-Biuro-podrozy-rainbow' are matched.

2022-07-27 16:03:22 - [TEST_STEP][PASSED] - verifyElementPresent(findTestObject("HomePage/biuro-podrozy-rainbow/slider-1-wrapper"), timeout): Object 'Object Repository/HomePage/biuro-podrozy-rainbow/slider-1-wrapper' is present

2022-07-27 16:03:22 - [MESSAGE][PASSED] - Object 'Object Repository/HomePage/biuro-podrozy-rainbow/slider-1-wrapper' is present

2022-07-27 16:03:22 - [TEST_STEP][PASSED] - verifyElementVisible(findTestObject("HomePage/biuro-podrozy-rainbow/slider-1-wrapper"), STOP_ON_FAILURE): Object 'Object Repository/HomePage/biuro-podrozy-rainbow/slider-1-wrapper' is visible

2022-07-27 16:03:22 - [MESSAGE][PASSED] - Object 'Object Repository/HomePage/biuro-podrozy-rainbow/slider-1-wrapper' is visible

2022-07-27 16:03:22 - [TEST_STEP][PASSED] - comment("1.1 - Topniejace"): 1.1 - Topniejace

2022-07-27 16:03:22 - [MESSAGE][INFO] - 1.1 - Topniejace

2022-07-27 16:03:22 - [TEST_STEP][PASSED] - verifyElementClickable(findTestObject("HomePage/biuro-podrozy-rainbow/Topniejace/slider__TopniejceRabaty-btn")): Object 'Object Repository/HomePage/biuro-podrozy-rainbow/Topniejace/slider__TopniejceRabaty-btn' is clickable

2022-07-27 16:03:22 - [MESSAGE][PASSED] - Object 'Object Repository/HomePage/biuro-podrozy-rainbow/Topniejace/slider__TopniejceRabaty-btn' is clickable

2022-07-27 16:03:22 - [TEST_STEP][PASSED] - click(findTestObject("HomePage/biuro-podrozy-rainbow/Topniejace/slider__TopniejceRabaty-btn")): Object: 'Object Repository/HomePage/biuro-podrozy-rainbow/Topniejace/slider__TopniejceRabaty-btn' is clicked on

2022-07-27 16:03:23 - [MESSAGE][PASSED] - Object: 'Object Repository/HomePage/biuro-podrozy-rainbow/Topniejace/slider__TopniejceRabaty-btn' is clicked on

2022-07-27 16:03:23 - [TEST_STEP][PASSED] - delay(smallTimout): Delayed 3 second(s)

2022-07-27 16:03:26 - [MESSAGE][PASSED] - Delayed 3 second(s)

2022-07-27 16:03:26 - [TEST_STEP][PASSED] - verifyElementPresent(findTestObject("HomePage/biuro-podrozy-rainbow/Topniejace/slider__Topniejace"), timeout): Object 'Object Repository/HomePage/biuro-podrozy-rainbow/Topniejace/slider__Topniejace' is present

2022-07-27 16:03:26 - [MESSAGE][PASSED] - Object 'Object Repository/HomePage/biuro-podrozy-rainbow/Topniejace/slider__Topniejace' is present

2022-07-27 16:03:26 - [TEST_STEP][PASSED] - verifyElementPresent(findTestObject("HomePage/biuro-podrozy-rainbow/Topniejace/slider_Topniejace-firstEle"), timeout): Object 'Object Repository/HomePage/biuro-podrozy-rainbow/Topniejace/slider_Topniejace-firstEle' is present

2022-07-27 16:03:26 - [MESSAGE][PASSED] - Object 'Object Repository/HomePage/biuro-podrozy-rainbow/Topniejace/slider_Topniejace-firstEle' is present

2022-07-27 16:03:26 - [TEST_STEP][PASSED] - comment("1.2 - Last Minute"): 1.2 - Last Minute

2022-07-27 16:03:26 - [MESSAGE][INFO] - 1.2 - Last Minute

2022-07-27 16:03:26 - [TEST_STEP][PASSED] - verifyElementClickable(findTestObject("HomePage/biuro-podrozy-rainbow/LastMinute/slider__LastMinute-btn")): Object 'Object Repository/HomePage/biuro-podrozy-rainbow/LastMinute/slider__LastMinute-btn' is clickable

2022-07-27 16:03:26 - [MESSAGE][PASSED] - Object 'Object Repository/HomePage/biuro-podrozy-rainbow/LastMinute/slider__LastMinute-btn' is clickable

2022-07-27 16:03:26 - [TEST_STEP][PASSED] - click(findTestObject("HomePage/biuro-podrozy-rainbow/LastMinute/slider__LastMinute-btn")): Object: 'Object Repository/HomePage/biuro-podrozy-rainbow/LastMinute/slider__LastMinute-btn' is clicked on

2022-07-27 16:03:26 - [MESSAGE][PASSED] - Object: 'Object Repository/HomePage/biuro-podrozy-rainbow/LastMinute/slider__LastMinute-btn' is clicked on

2022-07-27 16:03:26 - [TEST_STEP][PASSED] - delay(smallTimout): Delayed 3 second(s)

2022-07-27 16:03:29 - [MESSAGE][PASSED] - Delayed 3 second(s)

2022-07-27 16:03:29 - [TEST_STEP][PASSED] - verifyElementPresent(findTestObject("HomePage/biuro-podrozy-rainbow/LastMinute/slider__Last"), timeout): Object 'Object Repository/HomePage/biuro-podrozy-rainbow/LastMinute/slider__Last' is present

2022-07-27 16:03:29 - [MESSAGE][PASSED] - Object 'Object Repository/HomePage/biuro-podrozy-rainbow/LastMinute/slider__Last' is present

2022-07-27 16:03:29 - [TEST_STEP][PASSED] - verifyElementPresent(findTestObject("HomePage/biuro-podrozy-rainbow/LastMinute/slider_Last-firstEle"), timeout): Object 'Object Repository/HomePage/biuro-podrozy-rainbow/LastMinute/slider_Last-firstEle' is present

2022-07-27 16:03:29 - [MESSAGE][PASSED] - Object 'Object Repository/HomePage/biuro-podrozy-rainbow/LastMinute/slider_Last-firstEle' is present

2022-07-27 16:03:29 - [TEST_STEP][PASSED] - comment("1.3 - Turcja"): 1.3 - Turcja

2022-07-27 16:03:29 - [MESSAGE][INFO] - 1.3 - Turcja

2022-07-27 16:03:29 - [TEST_STEP][PASSED] - verifyElementClickable(findTestObject("HomePage/biuro-podrozy-rainbow/Turcja/slider__Turcja-btn")): Object 'Object Repository/HomePage/biuro-podrozy-rainbow/Turcja/slider__Turcja-btn' is clickable

2022-07-27 16:03:29 - [MESSAGE][PASSED] - Object 'Object Repository/HomePage/biuro-podrozy-rainbow/Turcja/slider__Turcja-btn' is clickable

2022-07-27 16:03:29 - [TEST_STEP][PASSED] - click(findTestObject("HomePage/biuro-podrozy-rainbow/Turcja/slider__Turcja-btn")): Object: 'Object Repository/HomePage/biuro-podrozy-rainbow/Turcja/slider__Turcja-btn' is clicked on

2022-07-27 16:03:30 - [MESSAGE][PASSED] - Object: 'Object Repository/HomePage/biuro-podrozy-rainbow/Turcja/slider__Turcja-btn' is clicked on

2022-07-27 16:03:30 - [TEST_STEP][PASSED] - delay(smallTimout): Delayed 3 second(s)

2022-07-27 16:03:33 - [MESSAGE][PASSED] - Delayed 3 second(s)

2022-07-27 16:03:33 - [TEST_STEP][PASSED] - verifyElementPresent(findTestObject("HomePage/biuro-podrozy-rainbow/Turcja/slider__Turcja"), timeout): Object 'Object Repository/HomePage/biuro-podrozy-rainbow/Turcja/slider__Turcja' is present

2022-07-27 16:03:33 - [MESSAGE][PASSED] - Object 'Object Repository/HomePage/biuro-podrozy-rainbow/Turcja/slider__Turcja' is present

2022-07-27 16:03:33 - [TEST_STEP][PASSED] - verifyElementPresent(findTestObject("HomePage/biuro-podrozy-rainbow/Turcja/slider_Turcja-firstEle"), timeout): Object 'Object Repository/HomePage/biuro-podrozy-rainbow/Turcja/slider_Turcja-firstEle' is present

2022-07-27 16:03:33 - [MESSAGE][PASSED] - Object 'Object Repository/HomePage/biuro-podrozy-rainbow/Turcja/slider_Turcja-firstEle' is present

2022-07-27 16:03:33 - [TEST_STEP][PASSED] - comment("1.4 - Egoztyka"): 1.4 - Egoztyka

2022-07-27 16:03:33 - [MESSAGE][INFO] - 1.4 - Egoztyka

2022-07-27 16:03:33 - [TEST_STEP][PASSED] - verifyElementClickable(findTestObject("HomePage/biuro-podrozy-rainbow/Egoztyka/slider__Egzotyka-btn")): Object 'Object Repository/HomePage/biuro-podrozy-rainbow/Egoztyka/slider__Egzotyka-btn' is clickable

2022-07-27 16:03:33 - [MESSAGE][PASSED] - Object 'Object Repository/HomePage/biuro-podrozy-rainbow/Egoztyka/slider__Egzotyka-btn' is clickable

2022-07-27 16:03:33 - [TEST_STEP][PASSED] - click(findTestObject("HomePage/biuro-podrozy-rainbow/Egoztyka/slider__Egzotyka-btn")): Object: 'Object Repository/HomePage/biuro-podrozy-rainbow/Egoztyka/slider__Egzotyka-btn' is clicked on

2022-07-27 16:03:33 - [MESSAGE][PASSED] - Object: 'Object Repository/HomePage/biuro-podrozy-rainbow/Egoztyka/slider__Egzotyka-btn' is clicked on

2022-07-27 16:03:33 - [TEST_STEP][PASSED] - delay(smallTimout): Delayed 3 second(s)

2022-07-27 16:03:36 - [MESSAGE][PASSED] - Delayed 3 second(s)

2022-07-27 16:03:36 - [TEST_STEP][PASSED] - verifyElementPresent(findTestObject("HomePage/biuro-podrozy-rainbow/Egoztyka/slider__Egzotyka"), timeout): Object 'Object Repository/HomePage/biuro-podrozy-rainbow/Egoztyka/slider__Egzotyka' is present

2022-07-27 16:03:36 - [MESSAGE][PASSED] - Object 'Object Repository/HomePage/biuro-podrozy-rainbow/Egoztyka/slider__Egzotyka' is present

2022-07-27 16:03:36 - [TEST_STEP][PASSED] - verifyElementPresent(findTestObject("HomePage/biuro-podrozy-rainbow/Egoztyka/slider__Egzotyka-firstEle"), timeout): Object 'Object Repository/HomePage/biuro-podrozy-rainbow/Egoztyka/slider__Egzotyka-firstEle' is present

2022-07-27 16:03:36 - [MESSAGE][PASSED] - Object 'Object Repository/HomePage/biuro-podrozy-rainbow/Egoztyka/slider__Egzotyka-firstEle' is present

2022-07-27 16:03:36 - [TEST_STEP][PASSED] - comment("Sekcja 2 - Aktualne wytyczne"): Sekcja 2 - Aktualne wytyczne

2022-07-27 16:03:36 - [MESSAGE][INFO] - Sekcja 2 - Aktualne wytyczne

2022-07-27 16:03:36 - [TEST_STEP][PASSED] - verifyElementPresent(findTestObject("HomePage/wytyczne/aktualne-wytyczne"), timeout): Object 'Object Repository/HomePage/wytyczne/aktualne-wytyczne' is present

2022-07-27 16:03:36 - [MESSAGE][PASSED] - Object 'Object Repository/HomePage/wytyczne/aktualne-wytyczne' is present

2022-07-27 16:03:36 - [TEST_STEP][PASSED] - verifyElementVisible(findTestObject("HomePage/wytyczne/aktualne-wytyczne"), STOP_ON_FAILURE): Object 'Object Repository/HomePage/wytyczne/aktualne-wytyczne' is visible

2022-07-27 16:03:37 - [MESSAGE][PASSED] - Object 'Object Repository/HomePage/wytyczne/aktualne-wytyczne' is visible

2022-07-27 16:03:37 - [TEST_STEP][PASSED] - verifyElementPresent(findTestObject("HomePage/wytyczne/aktualne-wytyczne__sprawdz-teraz"), timeout): Object 'Object Repository/HomePage/wytyczne/aktualne-wytyczne__sprawdz-teraz' is present

2022-07-27 16:03:37 - [MESSAGE][PASSED] - Object 'Object Repository/HomePage/wytyczne/aktualne-wytyczne__sprawdz-teraz' is present

2022-07-27 16:03:37 - [TEST_STEP][PASSED] - verifyElementClickable(findTestObject("HomePage/wytyczne/aktualne-wytyczne__sprawdz-teraz"), STOP_ON_FAILURE): Object 'Object Repository/HomePage/wytyczne/aktualne-wytyczne__sprawdz-teraz' is clickable

2022-07-27 16:03:37 - [MESSAGE][PASSED] - Object 'Object Repository/HomePage/wytyczne/aktualne-wytyczne__sprawdz-teraz' is clickable

2022-07-27 16:03:37 - [TEST_STEP][PASSED] - verifyElementAttributeValue(findTestObject("HomePage/wytyczne/wytyczne__link"), "href", "https://r.pl/wytyczne", timeout): Object 'Object Repository/HomePage/wytyczne/wytyczne__link' has attribute 'href' with value 'https://r.pl/wytyczne'

2022-07-27 16:03:37 - [MESSAGE][PASSED] - Object 'Object Repository/HomePage/wytyczne/wytyczne__link' has attribute 'href' with value 'https://r.pl/wytyczne'

2022-07-27 16:03:37 - [TEST_STEP][PASSED] - comment("Sekcja 3 - Rainbow poleca"): Sekcja 3 - Rainbow poleca

2022-07-27 16:03:37 - [MESSAGE][INFO] - Sekcja 3 - Rainbow poleca

2022-07-27 16:03:37 - [TEST_STEP][PASSED] - verifyElementPresent(findTestObject("HomePage/rainbow-poleca/Header-rainbow-poleca"), timeout): Object 'Object Repository/HomePage/rainbow-poleca/Header-rainbow-poleca' is present

2022-07-27 16:03:37 - [MESSAGE][PASSED] - Object 'Object Repository/HomePage/rainbow-poleca/Header-rainbow-poleca' is present

2022-07-27 16:03:37 - [TEST_STEP][PASSED] - verifyElementText(findTestObject("HomePage/rainbow-poleca/Header-rainbow-poleca"), "Rainbow poleca"): Actual text and expected text of test object 'Object Repository/HomePage/rainbow-poleca/Header-rainbow-poleca' are matched.

2022-07-27 16:03:37 - [MESSAGE][PASSED] - Actual text and expected text of test object 'Object Repository/HomePage/rainbow-poleca/Header-rainbow-poleca' are matched.

2022-07-27 16:03:37 - [TEST_STEP][PASSED] - verifyElementPresent(findTestObject("HomePage/rainbow-poleca/rainbow-poleca__slider"), timeout): Object 'Object Repository/HomePage/rainbow-poleca/rainbow-poleca__slider' is present

2022-07-27 16:03:37 - [MESSAGE][PASSED] - Object 'Object Repository/HomePage/rainbow-poleca/rainbow-poleca__slider' is present

2022-07-27 16:03:37 - [TEST_STEP][PASSED] - verifyElementVisible(findTestObject("HomePage/rainbow-poleca/rainbow-poleca__slider"), STOP_ON_FAILURE): Object 'Object Repository/HomePage/rainbow-poleca/rainbow-poleca__slider' is visible

2022-07-27 16:03:37 - [MESSAGE][PASSED] - Object 'Object Repository/HomePage/rainbow-poleca/rainbow-poleca__slider' is visible

2022-07-27 16:03:37 - [TEST_STEP][PASSED] - comment("Sekcja 4 - Popularne kierunki"): Sekcja 4 - Popularne kierunki

2022-07-27 16:03:37 - [MESSAGE][INFO] - Sekcja 4 - Popularne kierunki

2022-07-27 16:03:37 - [TEST_STEP][PASSED] - verifyElementPresent(findTestObject("HomePage/popularne-kierunki/Header-popularne-kierunki"), timeout): Object 'Object Repository/HomePage/popularne-kierunki/Header-popularne-kierunki' is present

2022-07-27 16:03:37 - [MESSAGE][PASSED] - Object 'Object Repository/HomePage/popularne-kierunki/Header-popularne-kierunki' is present

2022-07-27 16:03:37 - [TEST_STEP][PASSED] - verifyElementText(findTestObject("HomePage/popularne-kierunki/Header-popularne-kierunki"), "Popularne kierunki"): Actual text and expected text of test object 'Object Repository/HomePage/popularne-kierunki/Header-popularne-kierunki' are matched.

2022-07-27 16:03:37 - [MESSAGE][PASSED] - Actual text and expected text of test object 'Object Repository/HomePage/popularne-kierunki/Header-popularne-kierunki' are matched.

2022-07-27 16:03:37 - [TEST_STEP][PASSED] - verifyElementPresent(findTestObject("HomePage/popularne-kierunki/kolaz-kierunkow"), timeout): Object 'Object Repository/HomePage/popularne-kierunki/kolaz-kierunkow' is present

2022-07-27 16:03:37 - [MESSAGE][PASSED] - Object 'Object Repository/HomePage/popularne-kierunki/kolaz-kierunkow' is present

2022-07-27 16:03:37 - [TEST_STEP][PASSED] - verifyElementVisible(findTestObject("HomePage/popularne-kierunki/kolaz-kierunkow"), STOP_ON_FAILURE): Object 'Object Repository/HomePage/popularne-kierunki/kolaz-kierunkow' is visible

2022-07-27 16:03:38 - [MESSAGE][PASSED] - Object 'Object Repository/HomePage/popularne-kierunki/kolaz-kierunkow' is visible

2022-07-27 16:03:38 - [TEST_STEP][PASSED] - scrollToElement(findTestObject("HomePage/popularne-kierunki/kolaz-kierunkow"), 0): Scroll to object 'Object Repository/HomePage/popularne-kierunki/kolaz-kierunkow' successfully

2022-07-27 16:03:38 - [MESSAGE][WARNING] - Timeout '0' is invalid. Using default page load timeout: '60'

2022-07-27 16:03:38 - [MESSAGE][PASSED] - Scroll to object 'Object Repository/HomePage/popularne-kierunki/kolaz-kierunkow' successfully

2022-07-27 16:03:38 - [TEST_STEP][PASSED] - verifyElementPresent(findTestObject("Object Repository/Mobile Objects/HomePage/popularne-kierunki/grecja-pierwszy-kierunek"), timeout): Object 'Object Repository/Mobile Objects/HomePage/popularne-kierunki/grecja-pierwszy-kierunek' is present

2022-07-27 16:03:38 - [MESSAGE][PASSED] - Object 'Object Repository/Mobile Objects/HomePage/popularne-kierunki/grecja-pierwszy-kierunek' is present

2022-07-27 16:03:38 - [TEST_STEP][PASSED] - verifyElementClickable(findTestObject("Object Repository/Mobile Objects/HomePage/popularne-kierunki/grecja-pierwszy-kierunek"), STOP_ON_FAILURE): Object 'Object Repository/Mobile Objects/HomePage/popularne-kierunki/grecja-pierwszy-kierunek' is clickable

2022-07-27 16:03:38 - [MESSAGE][PASSED] - Object 'Object Repository/Mobile Objects/HomePage/popularne-kierunki/grecja-pierwszy-kierunek' is clickable

2022-07-27 16:03:38 - [TEST_STEP][PASSED] - comment("Pierwszy popularny kierunek (popularne-first-href)"): Pierwszy popularny kierunek (popularne-first-href)

2022-07-27 16:03:38 - [MESSAGE][INFO] - Pierwszy popularny kierunek (popularne-first-href)

2022-07-27 16:03:38 - [TEST_STEP][PASSED] - verifyElementAttributeValue(findTestObject("Object Repository/Mobile Objects/HomePage/popularne-kierunki/grecja-pierwszy-kierunek"), "href", popularneHref, timeout): Object 'Object Repository/Mobile Objects/HomePage/popularne-kierunki/grecja-pierwszy-kierunek' has attribute 'href' with value 'https://r.pl/grecja'

2022-07-27 16:03:38 - [MESSAGE][PASSED] - Object 'Object Repository/Mobile Objects/HomePage/popularne-kierunki/grecja-pierwszy-kierunek' has attribute 'href' with value 'https://r.pl/grecja'

2022-07-27 16:03:38 - [TEST_STEP][PASSED] - comment("Sekcja 5 - Blog"): Sekcja 5 - Blog

2022-07-27 16:03:38 - [MESSAGE][INFO] - Sekcja 5 - Blog

2022-07-27 16:03:38 - [TEST_STEP][PASSED] - verifyElementPresent(findTestObject("HomePage/blog/Header-blog"), timeout): Object 'Object Repository/HomePage/blog/Header-blog' is present

2022-07-27 16:03:38 - [MESSAGE][PASSED] - Object 'Object Repository/HomePage/blog/Header-blog' is present

2022-07-27 16:03:38 - [TEST_STEP][PASSED] - verifyElementText(findTestObject("HomePage/blog/Header-blog"), "blog"): Actual text and expected text of test object 'Object Repository/HomePage/blog/Header-blog' are matched.

2022-07-27 16:03:38 - [MESSAGE][PASSED] - Actual text and expected text of test object 'Object Repository/HomePage/blog/Header-blog' are matched.

2022-07-27 16:03:38 - [TEST_STEP][PASSED] - verifyElementPresent(findTestObject("HomePage/blog/blog-articles__wrap"), timeout): Object 'Object Repository/HomePage/blog/blog-articles__wrap' is present

2022-07-27 16:03:38 - [MESSAGE][PASSED] - Object 'Object Repository/HomePage/blog/blog-articles__wrap' is present

2022-07-27 16:03:38 - [TEST_STEP][PASSED] - verifyElementVisible(findTestObject("HomePage/blog/blog-articles__wrap"), STOP_ON_FAILURE): Object 'Object Repository/HomePage/blog/blog-articles__wrap' is visible

2022-07-27 16:03:38 - [MESSAGE][PASSED] - Object 'Object Repository/HomePage/blog/blog-articles__wrap' is visible

2022-07-27 16:03:38 - [TEST_STEP][PASSED] - verifyElementPresent(findTestObject("HomePage/blog/blog-articles__first-element"), timeout): Object 'Object Repository/HomePage/blog/blog-articles__first-element' is present

2022-07-27 16:03:38 - [MESSAGE][PASSED] - Object 'Object Repository/HomePage/blog/blog-articles__first-element' is present

2022-07-27 16:03:38 - [TEST_STEP][PASSED] - verifyElementVisible(findTestObject("HomePage/blog/blog-articles__first-element"), STOP_ON_FAILURE): Object 'Object Repository/HomePage/blog/blog-articles__first-element' is visible

2022-07-27 16:03:39 - [MESSAGE][PASSED] - Object 'Object Repository/HomePage/blog/blog-articles__first-element' is visible

2022-07-27 16:03:39 - [TEST_STEP][PASSED] - comment("Sekcja 5 - Content"): Sekcja 5 - Content

2022-07-27 16:03:39 - [MESSAGE][INFO] - Sekcja 5 - Content

2022-07-27 16:03:39 - [TEST_STEP][PASSED] - verifyElementPresent(findTestObject("HomePage/content-boxes/content-section"), timeout): Object 'Object Repository/HomePage/content-boxes/content-section' is present

2022-07-27 16:03:39 - [MESSAGE][PASSED] - Object 'Object Repository/HomePage/content-boxes/content-section' is present

2022-07-27 16:03:39 - [TEST_STEP][PASSED] - verifyElementVisible(findTestObject("HomePage/content-boxes/content-section"), STOP_ON_FAILURE): Object 'Object Repository/HomePage/content-boxes/content-section' is visible

2022-07-27 16:03:39 - [MESSAGE][PASSED] - Object 'Object Repository/HomePage/content-boxes/content-section' is visible

2022-07-27 16:03:39 - [TEST_STEP][PASSED] - verifyElementPresent(findTestObject("HomePage/content-boxes/content-section__box-1"), timeout): Object 'Object Repository/HomePage/content-boxes/content-section__box-1' is present

2022-07-27 16:03:39 - [MESSAGE][PASSED] - Object 'Object Repository/HomePage/content-boxes/content-section__box-1' is present

2022-07-27 16:03:39 - [TEST_STEP][PASSED] - verifyElementVisible(findTestObject("HomePage/content-boxes/content-section__box-1"), STOP_ON_FAILURE): Object 'Object Repository/HomePage/content-boxes/content-section__box-1' is visible

2022-07-27 16:03:39 - [MESSAGE][PASSED] - Object 'Object Repository/HomePage/content-boxes/content-section__box-1' is visible

2022-07-27 16:03:39 - [TEST_STEP][PASSED] - verifyElementPresent(findTestObject("Object Repository/Mobile Objects/HomePage/content-section/content-2"), timeout): Object 'Object Repository/Mobile Objects/HomePage/content-section/content-2' is present

2022-07-27 16:03:39 - [MESSAGE][PASSED] - Object 'Object Repository/Mobile Objects/HomePage/content-section/content-2' is present

2022-07-27 16:03:39 - [TEST_STEP][PASSED] - verifyElementVisible(findTestObject("Object Repository/Mobile Objects/HomePage/content-section/content-2"), STOP_ON_FAILURE): Object 'Object Repository/Mobile Objects/HomePage/content-section/content-2' is visible

2022-07-27 16:03:39 - [MESSAGE][PASSED] - Object 'Object Repository/Mobile Objects/HomePage/content-section/content-2' is visible

2022-07-27 16:03:39 - [TEST_STEP][PASSED] - verifyElementPresent(findTestObject("Object Repository/Mobile Objects/HomePage/content-section/content-3"), timeout): Object 'Object Repository/Mobile Objects/HomePage/content-section/content-3' is present

2022-07-27 16:03:39 - [MESSAGE][PASSED] - Object 'Object Repository/Mobile Objects/HomePage/content-section/content-3' is present

2022-07-27 16:03:39 - [TEST_STEP][PASSED] - verifyElementVisible(findTestObject("Object Repository/Mobile Objects/HomePage/content-section/content-3"), STOP_ON_FAILURE): Object 'Object Repository/Mobile Objects/HomePage/content-section/content-3' is visible

2022-07-27 16:03:39 - [MESSAGE][PASSED] - Object 'Object Repository/Mobile Objects/HomePage/content-section/content-3' is visible

2022-07-27 16:03:39 - [TEST_STEP][PASSED] - comment("Koniec"): Koniec

2022-07-27 16:03:39 - [MESSAGE][INFO] - Koniec

2022-07-27 16:03:39 - [TEST_STEP][PASSED] - closeBrowser(): Browser is closed

2022-07-27 16:03:40 - [MESSAGE][PASSED] - Browser is closed]]></system-out>
         <system-err><![CDATA[]]></system-err>
      </testcase>
      <testcase name="Test Cases/Mobile Tests/Homepage/Nav and footer/footer-mobile" time="8.398" classname="Test Cases/Mobile Tests/Homepage/Nav and footer/footer-mobile" status="PASSED">
         <system-out><![CDATA[2022-07-27 16:03:40 - [TEST_CASE][PASSED] - Test Cases/Mobile Tests/Homepage/Nav and footer/footer-mobile: Test Cases/Mobile Tests/Homepage/Nav and footer/footer-mobile

2022-07-27 16:03:40 - [TEST_STEP][PASSED] - System.setProperty("webdriver.chrome.driver", getChromeDriverPath()): null

2022-07-27 16:03:40 - [TEST_STEP][PASSED] - mobileEmulation = new java.util.HashMap(): null

2022-07-27 16:03:40 - [TEST_STEP][PASSED] - mobileEmulation.put("deviceName", mobileDevice): null

2022-07-27 16:03:40 - [TEST_STEP][PASSED] - chromeOptions = new org.openqa.selenium.chrome.ChromeOptions(): null

2022-07-27 16:03:40 - [TEST_STEP][PASSED] - chromeOptions.setExperimentalOption("mobileEmulation", mobileEmulation): null

2022-07-27 16:03:40 - [TEST_STEP][PASSED] - driver = new org.openqa.selenium.chrome.ChromeDriver(chromeOptions): null

2022-07-27 16:03:42 - [TEST_STEP][PASSED] - changeWebDriver(driver): null

2022-07-27 16:03:42 - [TEST_STEP][PASSED] - navigate().to("https://r.pl/"): null

2022-07-27 16:03:45 - [TEST_STEP][PASSED] - waitForPageLoad(timeout): Wait for page load successfully

2022-07-27 16:03:45 - [MESSAGE][PASSED] - Wait for page load successfully

2022-07-27 16:03:45 - [TEST_STEP][PASSED] - verifyElementPresent(findTestObject("Object Repository/HomePage/Footer/footer-sekcja"), timeout): Object 'Object Repository/HomePage/Footer/footer-sekcja' is present

2022-07-27 16:03:45 - [MESSAGE][PASSED] - Object 'Object Repository/HomePage/Footer/footer-sekcja' is present

2022-07-27 16:03:45 - [TEST_STEP][PASSED] - verifyElementPresent(findTestObject("HomePage/Footer/footer-subsekcja-gorna"), timeout): Object 'Object Repository/HomePage/Footer/footer-subsekcja-gorna' is present

2022-07-27 16:03:46 - [MESSAGE][PASSED] - Object 'Object Repository/HomePage/Footer/footer-subsekcja-gorna' is present

2022-07-27 16:03:46 - [TEST_STEP][PASSED] - verifyElementPresent(findTestObject("Object Repository/HomePage/Footer/span_Call center"), timeout): Object 'Object Repository/HomePage/Footer/span_Call center' is present

2022-07-27 16:03:46 - [MESSAGE][PASSED] - Object 'Object Repository/HomePage/Footer/span_Call center' is present

2022-07-27 16:03:46 - [TEST_STEP][PASSED] - verifyElementText(findTestObject("Object Repository/HomePage/Footer/span_Call center"), "Call center"): Actual text and expected text of test object 'Object Repository/HomePage/Footer/span_Call center' are matched.

2022-07-27 16:03:46 - [MESSAGE][PASSED] - Actual text and expected text of test object 'Object Repository/HomePage/Footer/span_Call center' are matched.

2022-07-27 16:03:46 - [TEST_STEP][PASSED] - verifyElementPresent(findTestObject("Object Repository/HomePage/Footer/span_Mail"), timeout): Object 'Object Repository/HomePage/Footer/span_Mail' is present

2022-07-27 16:03:46 - [MESSAGE][PASSED] - Object 'Object Repository/HomePage/Footer/span_Mail' is present

2022-07-27 16:03:46 - [TEST_STEP][PASSED] - verifyElementText(findTestObject("Object Repository/HomePage/Footer/span_Mail"), "Mail"): Actual text and expected text of test object 'Object Repository/HomePage/Footer/span_Mail' are matched.

2022-07-27 16:03:46 - [MESSAGE][PASSED] - Actual text and expected text of test object 'Object Repository/HomePage/Footer/span_Mail' are matched.

2022-07-27 16:03:46 - [TEST_STEP][PASSED] - verifyElementPresent(findTestObject("Object Repository/HomePage/Footer/span_Biura Rainbow"), timeout): Object 'Object Repository/HomePage/Footer/span_Biura Rainbow' is present

2022-07-27 16:03:46 - [MESSAGE][PASSED] - Object 'Object Repository/HomePage/Footer/span_Biura Rainbow' is present

2022-07-27 16:03:46 - [TEST_STEP][PASSED] - verifyElementText(findTestObject("Object Repository/HomePage/Footer/span_Biura Rainbow"), "Biura Rainbow"): Actual text and expected text of test object 'Object Repository/HomePage/Footer/span_Biura Rainbow' are matched.

2022-07-27 16:03:46 - [MESSAGE][PASSED] - Actual text and expected text of test object 'Object Repository/HomePage/Footer/span_Biura Rainbow' are matched.

2022-07-27 16:03:46 - [TEST_STEP][PASSED] - verifyElementPresent(findTestObject("Object Repository/HomePage/Footer/newsletter-box"), timeout): Object 'Object Repository/HomePage/Footer/newsletter-box' is present

2022-07-27 16:03:46 - [MESSAGE][PASSED] - Object 'Object Repository/HomePage/Footer/newsletter-box' is present

2022-07-27 16:03:46 - [TEST_STEP][PASSED] - verifyElementPresent(findTestObject("Object Repository/HomePage/Footer/input_email"), timeout): Object 'Object Repository/HomePage/Footer/input_email' is present

2022-07-27 16:03:46 - [MESSAGE][PASSED] - Object 'Object Repository/HomePage/Footer/input_email' is present

2022-07-27 16:03:46 - [TEST_STEP][PASSED] - verifyElementClickable(findTestObject("Object Repository/HomePage/Footer/input_email"), STOP_ON_FAILURE): Object 'Object Repository/HomePage/Footer/input_email' is clickable

2022-07-27 16:03:46 - [MESSAGE][PASSED] - Object 'Object Repository/HomePage/Footer/input_email' is clickable

2022-07-27 16:03:46 - [TEST_STEP][PASSED] - verifyElementPresent(findTestObject("Object Repository/HomePage/Footer/input_btn"), timeout): Object 'Object Repository/HomePage/Footer/input_btn' is present

2022-07-27 16:03:46 - [MESSAGE][PASSED] - Object 'Object Repository/HomePage/Footer/input_btn' is present

2022-07-27 16:03:46 - [TEST_STEP][PASSED] - verifyElementClickable(findTestObject("Object Repository/HomePage/Footer/input_btn")): Object 'Object Repository/HomePage/Footer/input_btn' is clickable

2022-07-27 16:03:47 - [MESSAGE][PASSED] - Object 'Object Repository/HomePage/Footer/input_btn' is clickable

2022-07-27 16:03:47 - [TEST_STEP][PASSED] - verifyElementPresent(findTestObject("Object Repository/HomePage/Footer/footer-subsekcja-dolna"), timeout): Object 'Object Repository/HomePage/Footer/footer-subsekcja-dolna' is present

2022-07-27 16:03:47 - [MESSAGE][PASSED] - Object 'Object Repository/HomePage/Footer/footer-subsekcja-dolna' is present

2022-07-27 16:03:47 - [TEST_STEP][PASSED] - verifyElementPresent(findTestObject("Object Repository/HomePage/Footer/span_O nas"), timeout): Object 'Object Repository/HomePage/Footer/span_O nas' is present

2022-07-27 16:03:47 - [MESSAGE][PASSED] - Object 'Object Repository/HomePage/Footer/span_O nas' is present

2022-07-27 16:03:47 - [TEST_STEP][PASSED] - verifyElementText(findTestObject("Object Repository/HomePage/Footer/span_O nas"), "O nas"): Actual text and expected text of test object 'Object Repository/HomePage/Footer/span_O nas' are matched.

2022-07-27 16:03:47 - [MESSAGE][PASSED] - Actual text and expected text of test object 'Object Repository/HomePage/Footer/span_O nas' are matched.

2022-07-27 16:03:47 - [TEST_STEP][PASSED] - verifyElementPresent(findTestObject("Object Repository/HomePage/Footer/span_Dla klientw"), timeout): Object 'Object Repository/HomePage/Footer/span_Dla klientw' is present

2022-07-27 16:03:47 - [MESSAGE][PASSED] - Object 'Object Repository/HomePage/Footer/span_Dla klientw' is present

2022-07-27 16:03:47 - [TEST_STEP][PASSED] - verifyElementText(findTestObject("Object Repository/HomePage/Footer/span_Dla klientw"), "Dla klientów"): Actual text and expected text of test object 'Object Repository/HomePage/Footer/span_Dla klientw' are matched.

2022-07-27 16:03:47 - [MESSAGE][PASSED] - Actual text and expected text of test object 'Object Repository/HomePage/Footer/span_Dla klientw' are matched.

2022-07-27 16:03:47 - [TEST_STEP][PASSED] - verifyElementPresent(findTestObject("Object Repository/HomePage/Footer/span_Zasady korzystania"), timeout): Object 'Object Repository/HomePage/Footer/span_Zasady korzystania' is present

2022-07-27 16:03:47 - [MESSAGE][PASSED] - Object 'Object Repository/HomePage/Footer/span_Zasady korzystania' is present

2022-07-27 16:03:47 - [TEST_STEP][PASSED] - verifyElementText(findTestObject("Object Repository/HomePage/Footer/span_Zasady korzystania"), "Zasady korzystania"): Actual text and expected text of test object 'Object Repository/HomePage/Footer/span_Zasady korzystania' are matched.

2022-07-27 16:03:47 - [MESSAGE][PASSED] - Actual text and expected text of test object 'Object Repository/HomePage/Footer/span_Zasady korzystania' are matched.

2022-07-27 16:03:47 - [TEST_STEP][PASSED] - verifyElementPresent(findTestObject("Object Repository/HomePage/Footer/h2_Kanay patnoci"), timeout): Object 'Object Repository/HomePage/Footer/h2_Kanay patnoci' is present

2022-07-27 16:03:47 - [MESSAGE][PASSED] - Object 'Object Repository/HomePage/Footer/h2_Kanay patnoci' is present

2022-07-27 16:03:47 - [TEST_STEP][PASSED] - verifyElementText(findTestObject("Object Repository/HomePage/Footer/h2_Kanay patnoci"), "Kanały płatności"): Actual text and expected text of test object 'Object Repository/HomePage/Footer/h2_Kanay patnoci' are matched.

2022-07-27 16:03:47 - [MESSAGE][PASSED] - Actual text and expected text of test object 'Object Repository/HomePage/Footer/h2_Kanay patnoci' are matched.

2022-07-27 16:03:47 - [TEST_STEP][PASSED] - verifyElementPresent(findTestObject("Object Repository/HomePage/Footer/span_Usugi dodatkowe"), timeout): Object 'Object Repository/HomePage/Footer/span_Usugi dodatkowe' is present

2022-07-27 16:03:47 - [MESSAGE][PASSED] - Object 'Object Repository/HomePage/Footer/span_Usugi dodatkowe' is present

2022-07-27 16:03:47 - [TEST_STEP][PASSED] - verifyElementText(findTestObject("Object Repository/HomePage/Footer/span_Usugi dodatkowe"), "Usługi dodatkowe"): Actual text and expected text of test object 'Object Repository/HomePage/Footer/span_Usugi dodatkowe' are matched.

2022-07-27 16:03:48 - [MESSAGE][PASSED] - Actual text and expected text of test object 'Object Repository/HomePage/Footer/span_Usugi dodatkowe' are matched.

2022-07-27 16:03:48 - [TEST_STEP][PASSED] - verifyElementPresent(findTestObject("Object Repository/HomePage/Footer/h2_Social media"), timeout): Object 'Object Repository/HomePage/Footer/h2_Social media' is present

2022-07-27 16:03:48 - [MESSAGE][PASSED] - Object 'Object Repository/HomePage/Footer/h2_Social media' is present

2022-07-27 16:03:48 - [TEST_STEP][PASSED] - verifyElementText(findTestObject("Object Repository/HomePage/Footer/h2_Social media"), "Social media"): Actual text and expected text of test object 'Object Repository/HomePage/Footer/h2_Social media' are matched.

2022-07-27 16:03:48 - [MESSAGE][PASSED] - Actual text and expected text of test object 'Object Repository/HomePage/Footer/h2_Social media' are matched.

2022-07-27 16:03:48 - [TEST_STEP][PASSED] - closeBrowser(): Browser is closed

2022-07-27 16:03:48 - [MESSAGE][PASSED] - Browser is closed]]></system-out>
         <system-err><![CDATA[]]></system-err>
      </testcase>
      <testcase name="Test Cases/Mobile Tests/Homepage/Nav and footer/nav-mobile" time="11.525" classname="Test Cases/Mobile Tests/Homepage/Nav and footer/nav-mobile" status="PASSED">
         <system-out><![CDATA[2022-07-27 16:03:48 - [TEST_CASE][PASSED] - Test Cases/Mobile Tests/Homepage/Nav and footer/nav-mobile: Test Cases/Mobile Tests/Homepage/Nav and footer/nav-mobile

2022-07-27 16:03:49 - [TEST_STEP][PASSED] - System.setProperty("webdriver.chrome.driver", getChromeDriverPath()): null

2022-07-27 16:03:49 - [TEST_STEP][PASSED] - mobileEmulation = new java.util.HashMap(): null

2022-07-27 16:03:49 - [TEST_STEP][PASSED] - mobileEmulation.put("deviceName", mobileDevice): null

2022-07-27 16:03:49 - [TEST_STEP][PASSED] - chromeOptions = new org.openqa.selenium.chrome.ChromeOptions(): null

2022-07-27 16:03:49 - [TEST_STEP][PASSED] - chromeOptions.setExperimentalOption("mobileEmulation", mobileEmulation): null

2022-07-27 16:03:49 - [TEST_STEP][PASSED] - driver = new org.openqa.selenium.chrome.ChromeDriver(chromeOptions): null

2022-07-27 16:03:50 - [TEST_STEP][PASSED] - changeWebDriver(driver): null

2022-07-27 16:03:50 - [TEST_STEP][PASSED] - navigate().to("https://r.pl/"): null

2022-07-27 16:03:53 - [TEST_STEP][PASSED] - click(findTestObject("HomePage/zamknijCiastka")): Object: 'Object Repository/HomePage/zamknijCiastka' is clicked on

2022-07-27 16:03:53 - [MESSAGE][PASSED] - Object: 'Object Repository/HomePage/zamknijCiastka' is clicked on

2022-07-27 16:03:53 - [TEST_STEP][PASSED] - click(findTestObject("Object Repository/Mobile Objects/HomePage/nav/burger")): Object: 'Object Repository/Mobile Objects/HomePage/nav/burger' is clicked on

2022-07-27 16:03:53 - [MESSAGE][PASSED] - Object: 'Object Repository/Mobile Objects/HomePage/nav/burger' is clicked on

2022-07-27 16:03:53 - [TEST_STEP][PASSED] - comment("Offerta"): Offerta

2022-07-27 16:03:53 - [MESSAGE][INFO] - Offerta

2022-07-27 16:03:53 - [TEST_STEP][PASSED] - verifyElementPresent(findTestObject("Object Repository/Mobile Objects/HomePage/nav/Oferta-akord"), 0): Object 'Object Repository/Mobile Objects/HomePage/nav/Oferta-akord' is present

2022-07-27 16:03:53 - [MESSAGE][WARNING] - Timeout '0' is invalid. Using default page load timeout: '60'

2022-07-27 16:03:53 - [MESSAGE][PASSED] - Object 'Object Repository/Mobile Objects/HomePage/nav/Oferta-akord' is present

2022-07-27 16:03:53 - [TEST_STEP][PASSED] - verifyElementClickable(findTestObject("Object Repository/Mobile Objects/HomePage/nav/Oferta-akord")): Object 'Object Repository/Mobile Objects/HomePage/nav/Oferta-akord' is clickable

2022-07-27 16:03:53 - [MESSAGE][PASSED] - Object 'Object Repository/Mobile Objects/HomePage/nav/Oferta-akord' is clickable

2022-07-27 16:03:53 - [TEST_STEP][PASSED] - click(findTestObject("Object Repository/Mobile Objects/HomePage/nav/Oferta-akord")): Object: 'Object Repository/Mobile Objects/HomePage/nav/Oferta-akord' is clicked on

2022-07-27 16:03:53 - [MESSAGE][PASSED] - Object: 'Object Repository/Mobile Objects/HomePage/nav/Oferta-akord' is clicked on

2022-07-27 16:03:53 - [TEST_STEP][PASSED] - verifyElementPresent(findTestObject("Object Repository/Mobile Objects/HomePage/nav/deal_Lato 2022"), 0): Object 'Object Repository/Mobile Objects/HomePage/nav/deal_Lato 2022' is present

2022-07-27 16:03:53 - [MESSAGE][WARNING] - Timeout '0' is invalid. Using default page load timeout: '60'

2022-07-27 16:03:53 - [MESSAGE][PASSED] - Object 'Object Repository/Mobile Objects/HomePage/nav/deal_Lato 2022' is present

2022-07-27 16:03:53 - [TEST_STEP][PASSED] - verifyElementClickable(findTestObject("Object Repository/Mobile Objects/HomePage/nav/deal_Lato 2022"), STOP_ON_FAILURE): Object 'Object Repository/Mobile Objects/HomePage/nav/deal_Lato 2022' is clickable

2022-07-27 16:03:54 - [MESSAGE][PASSED] - Object 'Object Repository/Mobile Objects/HomePage/nav/deal_Lato 2022' is clickable

2022-07-27 16:03:54 - [TEST_STEP][PASSED] - verifyElementPresent(findTestObject("Object Repository/Mobile Objects/HomePage/nav/deal_Zima 20222023 Second Minute"), 0): Object 'Object Repository/Mobile Objects/HomePage/nav/deal_Zima 20222023 Second Minute' is present

2022-07-27 16:03:54 - [MESSAGE][WARNING] - Timeout '0' is invalid. Using default page load timeout: '60'

2022-07-27 16:03:54 - [MESSAGE][PASSED] - Object 'Object Repository/Mobile Objects/HomePage/nav/deal_Zima 20222023 Second Minute' is present

2022-07-27 16:03:54 - [TEST_STEP][PASSED] - verifyElementClickable(findTestObject("Object Repository/Mobile Objects/HomePage/nav/deal_Zima 20222023 Second Minute"), STOP_ON_FAILURE): Object 'Object Repository/Mobile Objects/HomePage/nav/deal_Zima 20222023 Second Minute' is clickable

2022-07-27 16:03:54 - [MESSAGE][PASSED] - Object 'Object Repository/Mobile Objects/HomePage/nav/deal_Zima 20222023 Second Minute' is clickable

2022-07-27 16:03:54 - [TEST_STEP][PASSED] - verifyElementPresent(findTestObject("Object Repository/Mobile Objects/HomePage/nav/deal_Wypoczynek i zwiedzanie"), 0): Object 'Object Repository/Mobile Objects/HomePage/nav/deal_Wypoczynek i zwiedzanie' is present

2022-07-27 16:03:54 - [MESSAGE][WARNING] - Timeout '0' is invalid. Using default page load timeout: '60'

2022-07-27 16:03:54 - [MESSAGE][PASSED] - Object 'Object Repository/Mobile Objects/HomePage/nav/deal_Wypoczynek i zwiedzanie' is present

2022-07-27 16:03:54 - [TEST_STEP][PASSED] - verifyElementClickable(findTestObject("Object Repository/Mobile Objects/HomePage/nav/deal_Wypoczynek i zwiedzanie"), STOP_ON_FAILURE): Object 'Object Repository/Mobile Objects/HomePage/nav/deal_Wypoczynek i zwiedzanie' is clickable

2022-07-27 16:03:54 - [MESSAGE][PASSED] - Object 'Object Repository/Mobile Objects/HomePage/nav/deal_Wypoczynek i zwiedzanie' is clickable

2022-07-27 16:03:54 - [TEST_STEP][PASSED] - verifyElementPresent(findTestObject("Object Repository/Mobile Objects/HomePage/nav/deal_Wycieczki objazdowe"), 0): Object 'Object Repository/Mobile Objects/HomePage/nav/deal_Wycieczki objazdowe' is present

2022-07-27 16:03:54 - [MESSAGE][WARNING] - Timeout '0' is invalid. Using default page load timeout: '60'

2022-07-27 16:03:54 - [MESSAGE][PASSED] - Object 'Object Repository/Mobile Objects/HomePage/nav/deal_Wycieczki objazdowe' is present

2022-07-27 16:03:54 - [TEST_STEP][PASSED] - verifyElementClickable(findTestObject("Object Repository/Mobile Objects/HomePage/nav/deal_Wycieczki objazdowe"), STOP_ON_FAILURE): Object 'Object Repository/Mobile Objects/HomePage/nav/deal_Wycieczki objazdowe' is clickable

2022-07-27 16:03:54 - [MESSAGE][PASSED] - Object 'Object Repository/Mobile Objects/HomePage/nav/deal_Wycieczki objazdowe' is clickable

2022-07-27 16:03:54 - [TEST_STEP][PASSED] - verifyElementPresent(findTestObject("Object Repository/Mobile Objects/HomePage/nav/deal_Dojazd wasny"), 0): Object 'Object Repository/Mobile Objects/HomePage/nav/deal_Dojazd wasny' is present

2022-07-27 16:03:54 - [MESSAGE][WARNING] - Timeout '0' is invalid. Using default page load timeout: '60'

2022-07-27 16:03:54 - [MESSAGE][PASSED] - Object 'Object Repository/Mobile Objects/HomePage/nav/deal_Dojazd wasny' is present

2022-07-27 16:03:54 - [TEST_STEP][PASSED] - verifyElementClickable(findTestObject("Object Repository/Mobile Objects/HomePage/nav/deal_Dojazd wasny"), STOP_ON_FAILURE): Object 'Object Repository/Mobile Objects/HomePage/nav/deal_Dojazd wasny' is clickable

2022-07-27 16:03:54 - [MESSAGE][PASSED] - Object 'Object Repository/Mobile Objects/HomePage/nav/deal_Dojazd wasny' is clickable

2022-07-27 16:03:54 - [TEST_STEP][PASSED] - verifyElementPresent(findTestObject("Object Repository/Mobile Objects/HomePage/nav/deal_All inclusive"), 0): Object 'Object Repository/Mobile Objects/HomePage/nav/deal_All inclusive' is present

2022-07-27 16:03:54 - [MESSAGE][WARNING] - Timeout '0' is invalid. Using default page load timeout: '60'

2022-07-27 16:03:54 - [MESSAGE][PASSED] - Object 'Object Repository/Mobile Objects/HomePage/nav/deal_All inclusive' is present

2022-07-27 16:03:54 - [TEST_STEP][PASSED] - verifyElementClickable(findTestObject("Object Repository/Mobile Objects/HomePage/nav/deal_All inclusive"), STOP_ON_FAILURE): Object 'Object Repository/Mobile Objects/HomePage/nav/deal_All inclusive' is clickable

2022-07-27 16:03:54 - [MESSAGE][PASSED] - Object 'Object Repository/Mobile Objects/HomePage/nav/deal_All inclusive' is clickable

2022-07-27 16:03:54 - [TEST_STEP][PASSED] - verifyElementPresent(findTestObject("Object Repository/Mobile Objects/HomePage/nav/deal_Hotele Elite"), 0): Object 'Object Repository/Mobile Objects/HomePage/nav/deal_Hotele Elite' is present

2022-07-27 16:03:54 - [MESSAGE][WARNING] - Timeout '0' is invalid. Using default page load timeout: '60'

2022-07-27 16:03:54 - [MESSAGE][PASSED] - Object 'Object Repository/Mobile Objects/HomePage/nav/deal_Hotele Elite' is present

2022-07-27 16:03:54 - [TEST_STEP][PASSED] - verifyElementClickable(findTestObject("Object Repository/Mobile Objects/HomePage/nav/deal_Hotele Elite"), STOP_ON_FAILURE): Object 'Object Repository/Mobile Objects/HomePage/nav/deal_Hotele Elite' is clickable

2022-07-27 16:03:54 - [MESSAGE][PASSED] - Object 'Object Repository/Mobile Objects/HomePage/nav/deal_Hotele Elite' is clickable

2022-07-27 16:03:54 - [TEST_STEP][PASSED] - verifyElementPresent(findTestObject("Object Repository/Mobile Objects/HomePage/nav/deal_Wakacje z dziemi"), 0): Object 'Object Repository/Mobile Objects/HomePage/nav/deal_Wakacje z dziemi' is present

2022-07-27 16:03:55 - [MESSAGE][WARNING] - Timeout '0' is invalid. Using default page load timeout: '60'

2022-07-27 16:03:55 - [MESSAGE][PASSED] - Object 'Object Repository/Mobile Objects/HomePage/nav/deal_Wakacje z dziemi' is present

2022-07-27 16:03:55 - [TEST_STEP][PASSED] - verifyElementClickable(findTestObject("Object Repository/Mobile Objects/HomePage/nav/deal_Wakacje z dziemi"), STOP_ON_FAILURE): Object 'Object Repository/Mobile Objects/HomePage/nav/deal_Wakacje z dziemi' is clickable

2022-07-27 16:03:55 - [MESSAGE][PASSED] - Object 'Object Repository/Mobile Objects/HomePage/nav/deal_Wakacje z dziemi' is clickable

2022-07-27 16:03:55 - [TEST_STEP][PASSED] - verifyElementPresent(findTestObject("Object Repository/Mobile Objects/HomePage/nav/deal_Hotele White Olive"), 0): Object 'Object Repository/Mobile Objects/HomePage/nav/deal_Hotele White Olive' is present

2022-07-27 16:03:55 - [MESSAGE][WARNING] - Timeout '0' is invalid. Using default page load timeout: '60'

2022-07-27 16:03:55 - [MESSAGE][PASSED] - Object 'Object Repository/Mobile Objects/HomePage/nav/deal_Hotele White Olive' is present

2022-07-27 16:03:55 - [TEST_STEP][PASSED] - verifyElementClickable(findTestObject("Object Repository/Mobile Objects/HomePage/nav/deal_Hotele White Olive"), STOP_ON_FAILURE): Object 'Object Repository/Mobile Objects/HomePage/nav/deal_Hotele White Olive' is clickable

2022-07-27 16:03:55 - [MESSAGE][PASSED] - Object 'Object Repository/Mobile Objects/HomePage/nav/deal_Hotele White Olive' is clickable

2022-07-27 16:03:55 - [TEST_STEP][PASSED] - verifyElementPresent(findTestObject("Object Repository/Mobile Objects/HomePage/nav/deal_Autokarem z Polski"), 0): Object 'Object Repository/Mobile Objects/HomePage/nav/deal_Autokarem z Polski' is present

2022-07-27 16:03:55 - [MESSAGE][WARNING] - Timeout '0' is invalid. Using default page load timeout: '60'

2022-07-27 16:03:55 - [MESSAGE][PASSED] - Object 'Object Repository/Mobile Objects/HomePage/nav/deal_Autokarem z Polski' is present

2022-07-27 16:03:55 - [TEST_STEP][PASSED] - verifyElementClickable(findTestObject("Object Repository/Mobile Objects/HomePage/nav/deal_Autokarem z Polski"), STOP_ON_FAILURE): Object 'Object Repository/Mobile Objects/HomePage/nav/deal_Autokarem z Polski' is clickable

2022-07-27 16:03:55 - [MESSAGE][PASSED] - Object 'Object Repository/Mobile Objects/HomePage/nav/deal_Autokarem z Polski' is clickable

2022-07-27 16:03:55 - [TEST_STEP][PASSED] - verifyElementPresent(findTestObject("Object Repository/Mobile Objects/HomePage/nav/deal_Rejsy"), 0): Object 'Object Repository/Mobile Objects/HomePage/nav/deal_Rejsy' is present

2022-07-27 16:03:55 - [MESSAGE][WARNING] - Timeout '0' is invalid. Using default page load timeout: '60'

2022-07-27 16:03:55 - [MESSAGE][PASSED] - Object 'Object Repository/Mobile Objects/HomePage/nav/deal_Rejsy' is present

2022-07-27 16:03:55 - [TEST_STEP][PASSED] - verifyElementClickable(findTestObject("Object Repository/Mobile Objects/HomePage/nav/deal_Rejsy"), STOP_ON_FAILURE): Object 'Object Repository/Mobile Objects/HomePage/nav/deal_Rejsy' is clickable

2022-07-27 16:03:55 - [MESSAGE][PASSED] - Object 'Object Repository/Mobile Objects/HomePage/nav/deal_Rejsy' is clickable

2022-07-27 16:03:55 - [TEST_STEP][PASSED] - verifyElementPresent(findTestObject("Object Repository/Mobile Objects/HomePage/nav/deal_Wakacje w Polsce"), 0): Object 'Object Repository/Mobile Objects/HomePage/nav/deal_Wakacje w Polsce' is present

2022-07-27 16:03:55 - [MESSAGE][WARNING] - Timeout '0' is invalid. Using default page load timeout: '60'

2022-07-27 16:03:55 - [MESSAGE][PASSED] - Object 'Object Repository/Mobile Objects/HomePage/nav/deal_Wakacje w Polsce' is present

2022-07-27 16:03:55 - [TEST_STEP][PASSED] - verifyElementClickable(findTestObject("Object Repository/Mobile Objects/HomePage/nav/deal_Wakacje w Polsce"), STOP_ON_FAILURE): Object 'Object Repository/Mobile Objects/HomePage/nav/deal_Wakacje w Polsce' is clickable

2022-07-27 16:03:55 - [MESSAGE][PASSED] - Object 'Object Repository/Mobile Objects/HomePage/nav/deal_Wakacje w Polsce' is clickable

2022-07-27 16:03:55 - [TEST_STEP][PASSED] - verifyElementPresent(findTestObject("Object Repository/Mobile Objects/HomePage/nav/deal_Krotki urlop"), 0): Object 'Object Repository/Mobile Objects/HomePage/nav/deal_Krotki urlop' is present

2022-07-27 16:03:55 - [MESSAGE][WARNING] - Timeout '0' is invalid. Using default page load timeout: '60'

2022-07-27 16:03:55 - [MESSAGE][PASSED] - Object 'Object Repository/Mobile Objects/HomePage/nav/deal_Krotki urlop' is present

2022-07-27 16:03:55 - [TEST_STEP][PASSED] - verifyElementClickable(findTestObject("Object Repository/Mobile Objects/HomePage/nav/deal_Krotki urlop"), STOP_ON_FAILURE): Object 'Object Repository/Mobile Objects/HomePage/nav/deal_Krotki urlop' is clickable

2022-07-27 16:03:55 - [MESSAGE][PASSED] - Object 'Object Repository/Mobile Objects/HomePage/nav/deal_Krotki urlop' is clickable

2022-07-27 16:03:55 - [TEST_STEP][PASSED] - verifyElementPresent(findTestObject("Object Repository/Mobile Objects/HomePage/nav/deal_City Break"), 0): Object 'Object Repository/Mobile Objects/HomePage/nav/deal_City Break' is present

2022-07-27 16:03:55 - [MESSAGE][WARNING] - Timeout '0' is invalid. Using default page load timeout: '60'

2022-07-27 16:03:55 - [MESSAGE][PASSED] - Object 'Object Repository/Mobile Objects/HomePage/nav/deal_City Break' is present

2022-07-27 16:03:55 - [TEST_STEP][PASSED] - verifyElementClickable(findTestObject("Object Repository/Mobile Objects/HomePage/nav/deal_City Break"), STOP_ON_FAILURE): Object 'Object Repository/Mobile Objects/HomePage/nav/deal_City Break' is clickable

2022-07-27 16:03:55 - [MESSAGE][PASSED] - Object 'Object Repository/Mobile Objects/HomePage/nav/deal_City Break' is clickable

2022-07-27 16:03:55 - [TEST_STEP][PASSED] - verifyElementPresent(findTestObject("Object Repository/Mobile Objects/HomePage/nav/deal_Wycieczki fakultatywne"), 0): Object 'Object Repository/Mobile Objects/HomePage/nav/deal_Wycieczki fakultatywne' is present

2022-07-27 16:03:55 - [MESSAGE][WARNING] - Timeout '0' is invalid. Using default page load timeout: '60'

2022-07-27 16:03:56 - [MESSAGE][PASSED] - Object 'Object Repository/Mobile Objects/HomePage/nav/deal_Wycieczki fakultatywne' is present

2022-07-27 16:03:56 - [TEST_STEP][PASSED] - verifyElementClickable(findTestObject("Object Repository/Mobile Objects/HomePage/nav/deal_Wycieczki fakultatywne"), STOP_ON_FAILURE): Object 'Object Repository/Mobile Objects/HomePage/nav/deal_Wycieczki fakultatywne' is clickable

2022-07-27 16:03:56 - [MESSAGE][PASSED] - Object 'Object Repository/Mobile Objects/HomePage/nav/deal_Wycieczki fakultatywne' is clickable

2022-07-27 16:03:56 - [TEST_STEP][PASSED] - verifyElementPresent(findTestObject("Object Repository/Mobile Objects/HomePage/nav/deal_Przelot Dreamlinerem"), 0): Object 'Object Repository/Mobile Objects/HomePage/nav/deal_Przelot Dreamlinerem' is present

2022-07-27 16:03:56 - [MESSAGE][WARNING] - Timeout '0' is invalid. Using default page load timeout: '60'

2022-07-27 16:03:56 - [MESSAGE][PASSED] - Object 'Object Repository/Mobile Objects/HomePage/nav/deal_Przelot Dreamlinerem' is present

2022-07-27 16:03:56 - [TEST_STEP][PASSED] - verifyElementClickable(findTestObject("Object Repository/Mobile Objects/HomePage/nav/deal_Przelot Dreamlinerem"), STOP_ON_FAILURE): Object 'Object Repository/Mobile Objects/HomePage/nav/deal_Przelot Dreamlinerem' is clickable

2022-07-27 16:03:56 - [MESSAGE][PASSED] - Object 'Object Repository/Mobile Objects/HomePage/nav/deal_Przelot Dreamlinerem' is clickable

2022-07-27 16:03:56 - [TEST_STEP][PASSED] - verifyElementPresent(findTestObject("Object Repository/Mobile Objects/HomePage/nav/deal_Parking przy lotnisku"), 0): Object 'Object Repository/Mobile Objects/HomePage/nav/deal_Parking przy lotnisku' is present

2022-07-27 16:03:56 - [MESSAGE][WARNING] - Timeout '0' is invalid. Using default page load timeout: '60'

2022-07-27 16:03:56 - [MESSAGE][PASSED] - Object 'Object Repository/Mobile Objects/HomePage/nav/deal_Parking przy lotnisku' is present

2022-07-27 16:03:56 - [TEST_STEP][PASSED] - verifyElementClickable(findTestObject("Object Repository/Mobile Objects/HomePage/nav/deal_Parking przy lotnisku"), STOP_ON_FAILURE): Object 'Object Repository/Mobile Objects/HomePage/nav/deal_Parking przy lotnisku' is clickable

2022-07-27 16:03:56 - [MESSAGE][PASSED] - Object 'Object Repository/Mobile Objects/HomePage/nav/deal_Parking przy lotnisku' is clickable

2022-07-27 16:03:56 - [TEST_STEP][PASSED] - verifyElementPresent(findTestObject("Object Repository/Mobile Objects/HomePage/nav/deal_Ubezpieczenia podrne"), 0): Object 'Object Repository/Mobile Objects/HomePage/nav/deal_Ubezpieczenia podrne' is present

2022-07-27 16:03:56 - [MESSAGE][WARNING] - Timeout '0' is invalid. Using default page load timeout: '60'

2022-07-27 16:03:56 - [MESSAGE][PASSED] - Object 'Object Repository/Mobile Objects/HomePage/nav/deal_Ubezpieczenia podrne' is present

2022-07-27 16:03:56 - [TEST_STEP][PASSED] - verifyElementClickable(findTestObject("Object Repository/Mobile Objects/HomePage/nav/deal_Ubezpieczenia podrne"), STOP_ON_FAILURE): Object 'Object Repository/Mobile Objects/HomePage/nav/deal_Ubezpieczenia podrne' is clickable

2022-07-27 16:03:56 - [MESSAGE][PASSED] - Object 'Object Repository/Mobile Objects/HomePage/nav/deal_Ubezpieczenia podrne' is clickable

2022-07-27 16:03:56 - [TEST_STEP][PASSED] - verifyElementPresent(findTestObject("Object Repository/Mobile Objects/HomePage/nav/deal_Wszystkie kierunki"), 0): Object 'Object Repository/Mobile Objects/HomePage/nav/deal_Wszystkie kierunki' is present

2022-07-27 16:03:56 - [MESSAGE][WARNING] - Timeout '0' is invalid. Using default page load timeout: '60'

2022-07-27 16:03:56 - [MESSAGE][PASSED] - Object 'Object Repository/Mobile Objects/HomePage/nav/deal_Wszystkie kierunki' is present

2022-07-27 16:03:56 - [TEST_STEP][PASSED] - verifyElementClickable(findTestObject("Object Repository/Mobile Objects/HomePage/nav/deal_Wszystkie kierunki"), STOP_ON_FAILURE): Object 'Object Repository/Mobile Objects/HomePage/nav/deal_Wszystkie kierunki' is clickable

2022-07-27 16:03:56 - [MESSAGE][PASSED] - Object 'Object Repository/Mobile Objects/HomePage/nav/deal_Wszystkie kierunki' is clickable

2022-07-27 16:03:56 - [TEST_STEP][PASSED] - click(findTestObject("Object Repository/Mobile Objects/HomePage/nav/Oferta-akord")): Object: 'Object Repository/Mobile Objects/HomePage/nav/Oferta-akord' is clicked on

2022-07-27 16:03:56 - [MESSAGE][PASSED] - Object: 'Object Repository/Mobile Objects/HomePage/nav/Oferta-akord' is clicked on

2022-07-27 16:03:56 - [TEST_STEP][PASSED] - comment("Promocje"): Promocje

2022-07-27 16:03:56 - [MESSAGE][INFO] - Promocje

2022-07-27 16:03:56 - [TEST_STEP][PASSED] - verifyElementPresent(findTestObject("Object Repository/Mobile Objects/HomePage/nav/Promocje-akord"), 0): Object 'Object Repository/Mobile Objects/HomePage/nav/Promocje-akord' is present

2022-07-27 16:03:56 - [MESSAGE][WARNING] - Timeout '0' is invalid. Using default page load timeout: '60'

2022-07-27 16:03:57 - [MESSAGE][PASSED] - Object 'Object Repository/Mobile Objects/HomePage/nav/Promocje-akord' is present

2022-07-27 16:03:57 - [TEST_STEP][PASSED] - verifyElementPresent(findTestObject("Object Repository/Mobile Objects/HomePage/nav/promo_Topniejce Rabaty"), 0): Object 'Object Repository/Mobile Objects/HomePage/nav/promo_Topniejce Rabaty' is present

2022-07-27 16:03:57 - [MESSAGE][WARNING] - Timeout '0' is invalid. Using default page load timeout: '60'

2022-07-27 16:03:57 - [MESSAGE][PASSED] - Object 'Object Repository/Mobile Objects/HomePage/nav/promo_Topniejce Rabaty' is present

2022-07-27 16:03:57 - [TEST_STEP][PASSED] - verifyElementPresent(findTestObject("Object Repository/Mobile Objects/HomePage/nav/promo_Happy Hours"), 0): Object 'Object Repository/Mobile Objects/HomePage/nav/promo_Happy Hours' is present

2022-07-27 16:03:57 - [MESSAGE][WARNING] - Timeout '0' is invalid. Using default page load timeout: '60'

2022-07-27 16:03:57 - [MESSAGE][PASSED] - Object 'Object Repository/Mobile Objects/HomePage/nav/promo_Happy Hours' is present

2022-07-27 16:03:57 - [TEST_STEP][PASSED] - verifyElementPresent(findTestObject("Object Repository/Mobile Objects/HomePage/nav/promo_Super sroda"), 0): Object 'Object Repository/Mobile Objects/HomePage/nav/promo_Super sroda' is present

2022-07-27 16:03:57 - [MESSAGE][WARNING] - Timeout '0' is invalid. Using default page load timeout: '60'

2022-07-27 16:03:57 - [MESSAGE][PASSED] - Object 'Object Repository/Mobile Objects/HomePage/nav/promo_Super sroda' is present

2022-07-27 16:03:57 - [TEST_STEP][PASSED] - verifyElementPresent(findTestObject("Object Repository/Mobile Objects/HomePage/nav/promo_Koncweczka"), 0): Object 'Object Repository/Mobile Objects/HomePage/nav/promo_Koncweczka' is present

2022-07-27 16:03:57 - [MESSAGE][WARNING] - Timeout '0' is invalid. Using default page load timeout: '60'

2022-07-27 16:03:57 - [MESSAGE][PASSED] - Object 'Object Repository/Mobile Objects/HomePage/nav/promo_Koncweczka' is present

2022-07-27 16:03:57 - [TEST_STEP][PASSED] - comment("Reszta nava"): Reszta nava

2022-07-27 16:03:57 - [MESSAGE][INFO] - Reszta nava

2022-07-27 16:03:57 - [TEST_STEP][PASSED] - verifyElementPresent(findTestObject("Object Repository/Mobile Objects/HomePage/nav/a_Last Minute"), 0): Object 'Object Repository/Mobile Objects/HomePage/nav/a_Last Minute' is present

2022-07-27 16:03:57 - [MESSAGE][WARNING] - Timeout '0' is invalid. Using default page load timeout: '60'

2022-07-27 16:03:57 - [MESSAGE][PASSED] - Object 'Object Repository/Mobile Objects/HomePage/nav/a_Last Minute' is present

2022-07-27 16:03:57 - [TEST_STEP][PASSED] - verifyElementClickable(findTestObject("Object Repository/Mobile Objects/HomePage/nav/a_Last Minute")): Object 'Object Repository/Mobile Objects/HomePage/nav/a_Last Minute' is clickable

2022-07-27 16:03:57 - [MESSAGE][PASSED] - Object 'Object Repository/Mobile Objects/HomePage/nav/a_Last Minute' is clickable

2022-07-27 16:03:57 - [TEST_STEP][PASSED] - verifyElementAttributeValue(findTestObject("Mobile Objects/HomePage/nav/a_Last Minute"), "href", "https://r.pl/last-minute", 3): Object 'Object Repository/Mobile Objects/HomePage/nav/a_Last Minute' has attribute 'href' with value 'https://r.pl/last-minute'

2022-07-27 16:03:57 - [MESSAGE][PASSED] - Object 'Object Repository/Mobile Objects/HomePage/nav/a_Last Minute' has attribute 'href' with value 'https://r.pl/last-minute'

2022-07-27 16:03:57 - [TEST_STEP][PASSED] - verifyElementPresent(findTestObject("Object Repository/Mobile Objects/HomePage/nav/a_Czartery"), 0): Object 'Object Repository/Mobile Objects/HomePage/nav/a_Czartery' is present

2022-07-27 16:03:57 - [MESSAGE][WARNING] - Timeout '0' is invalid. Using default page load timeout: '60'

2022-07-27 16:03:57 - [MESSAGE][PASSED] - Object 'Object Repository/Mobile Objects/HomePage/nav/a_Czartery' is present

2022-07-27 16:03:57 - [TEST_STEP][PASSED] - verifyElementClickable(findTestObject("Object Repository/Mobile Objects/HomePage/nav/a_Czartery")): Object 'Object Repository/Mobile Objects/HomePage/nav/a_Czartery' is clickable

2022-07-27 16:03:57 - [MESSAGE][PASSED] - Object 'Object Repository/Mobile Objects/HomePage/nav/a_Czartery' is clickable

2022-07-27 16:03:57 - [TEST_STEP][PASSED] - verifyElementPresent(findTestObject("Object Repository/Mobile Objects/HomePage/nav/a_Wycieczki fakultatywne"), 0): Object 'Object Repository/Mobile Objects/HomePage/nav/a_Wycieczki fakultatywne' is present

2022-07-27 16:03:57 - [MESSAGE][WARNING] - Timeout '0' is invalid. Using default page load timeout: '60'

2022-07-27 16:03:57 - [MESSAGE][PASSED] - Object 'Object Repository/Mobile Objects/HomePage/nav/a_Wycieczki fakultatywne' is present

2022-07-27 16:03:57 - [TEST_STEP][PASSED] - verifyElementClickable(findTestObject("Object Repository/Mobile Objects/HomePage/nav/a_Wycieczki fakultatywne")): Object 'Object Repository/Mobile Objects/HomePage/nav/a_Wycieczki fakultatywne' is clickable

2022-07-27 16:03:57 - [MESSAGE][PASSED] - Object 'Object Repository/Mobile Objects/HomePage/nav/a_Wycieczki fakultatywne' is clickable

2022-07-27 16:03:57 - [TEST_STEP][PASSED] - verifyElementAttributeValue(findTestObject("Mobile Objects/HomePage/nav/a_Wycieczki fakultatywne"), "href", "https://r.pl/wycieczki-fakultatywne", 3): Object 'Object Repository/Mobile Objects/HomePage/nav/a_Wycieczki fakultatywne' has attribute 'href' with value 'https://r.pl/wycieczki-fakultatywne'

2022-07-27 16:03:58 - [MESSAGE][PASSED] - Object 'Object Repository/Mobile Objects/HomePage/nav/a_Wycieczki fakultatywne' has attribute 'href' with value 'https://r.pl/wycieczki-fakultatywne'

2022-07-27 16:03:58 - [TEST_STEP][PASSED] - verifyElementPresent(findTestObject("Object Repository/Mobile Objects/HomePage/nav/a_Blog"), 0): Object 'Object Repository/Mobile Objects/HomePage/nav/a_Blog' is present

2022-07-27 16:03:58 - [MESSAGE][WARNING] - Timeout '0' is invalid. Using default page load timeout: '60'

2022-07-27 16:03:58 - [MESSAGE][PASSED] - Object 'Object Repository/Mobile Objects/HomePage/nav/a_Blog' is present

2022-07-27 16:03:58 - [TEST_STEP][PASSED] - verifyElementClickable(findTestObject("Object Repository/Mobile Objects/HomePage/nav/a_Blog")): Object 'Object Repository/Mobile Objects/HomePage/nav/a_Blog' is clickable

2022-07-27 16:03:58 - [MESSAGE][PASSED] - Object 'Object Repository/Mobile Objects/HomePage/nav/a_Blog' is clickable

2022-07-27 16:03:58 - [TEST_STEP][PASSED] - verifyElementAttributeValue(findTestObject("Mobile Objects/HomePage/nav/a_Blog"), "href", "https://r.pl/blog", 3): Object 'Object Repository/Mobile Objects/HomePage/nav/a_Blog' has attribute 'href' with value 'https://r.pl/blog'

2022-07-27 16:03:58 - [MESSAGE][PASSED] - Object 'Object Repository/Mobile Objects/HomePage/nav/a_Blog' has attribute 'href' with value 'https://r.pl/blog'

2022-07-27 16:03:58 - [TEST_STEP][PASSED] - verifyElementPresent(findTestObject("Object Repository/Mobile Objects/HomePage/nav/a_Ulubione"), 0): Object 'Object Repository/Mobile Objects/HomePage/nav/a_Ulubione' is present

2022-07-27 16:03:58 - [MESSAGE][WARNING] - Timeout '0' is invalid. Using default page load timeout: '60'

2022-07-27 16:03:58 - [MESSAGE][PASSED] - Object 'Object Repository/Mobile Objects/HomePage/nav/a_Ulubione' is present

2022-07-27 16:03:58 - [TEST_STEP][PASSED] - verifyElementClickable(findTestObject("Object Repository/Mobile Objects/HomePage/nav/a_Ulubione"), STOP_ON_FAILURE): Object 'Object Repository/Mobile Objects/HomePage/nav/a_Ulubione' is clickable

2022-07-27 16:03:58 - [MESSAGE][PASSED] - Object 'Object Repository/Mobile Objects/HomePage/nav/a_Ulubione' is clickable

2022-07-27 16:03:58 - [TEST_STEP][PASSED] - verifyElementAttributeValue(findTestObject("Object Repository/Mobile Objects/HomePage/nav/a_Ulubione"), "href", "https://r.pl/schowek", 3): Object 'Object Repository/Mobile Objects/HomePage/nav/a_Ulubione' has attribute 'href' with value 'https://r.pl/schowek'

2022-07-27 16:03:58 - [MESSAGE][PASSED] - Object 'Object Repository/Mobile Objects/HomePage/nav/a_Ulubione' has attribute 'href' with value 'https://r.pl/schowek'

2022-07-27 16:03:58 - [TEST_STEP][PASSED] - verifyElementPresent(findTestObject("Object Repository/Mobile Objects/HomePage/nav/a_Zaloguj sie"), 0): Object 'Object Repository/Mobile Objects/HomePage/nav/a_Zaloguj sie' is present

2022-07-27 16:03:58 - [MESSAGE][WARNING] - Timeout '0' is invalid. Using default page load timeout: '60'

2022-07-27 16:03:58 - [MESSAGE][PASSED] - Object 'Object Repository/Mobile Objects/HomePage/nav/a_Zaloguj sie' is present

2022-07-27 16:03:58 - [TEST_STEP][PASSED] - verifyElementClickable(findTestObject("Object Repository/Mobile Objects/HomePage/nav/a_Zaloguj sie"), STOP_ON_FAILURE): Object 'Object Repository/Mobile Objects/HomePage/nav/a_Zaloguj sie' is clickable

2022-07-27 16:03:58 - [MESSAGE][PASSED] - Object 'Object Repository/Mobile Objects/HomePage/nav/a_Zaloguj sie' is clickable

2022-07-27 16:03:58 - [TEST_STEP][PASSED] - verifyElementPresent(findTestObject("Object Repository/Mobile Objects/HomePage/nav/a_telefon"), 0): Object 'Object Repository/Mobile Objects/HomePage/nav/a_telefon' is present

2022-07-27 16:03:58 - [MESSAGE][WARNING] - Timeout '0' is invalid. Using default page load timeout: '60'

2022-07-27 16:03:58 - [MESSAGE][PASSED] - Object 'Object Repository/Mobile Objects/HomePage/nav/a_telefon' is present

2022-07-27 16:03:58 - [TEST_STEP][PASSED] - verifyElementClickable(findTestObject("Object Repository/Mobile Objects/HomePage/nav/a_telefon"), STOP_ON_FAILURE): Object 'Object Repository/Mobile Objects/HomePage/nav/a_telefon' is clickable

2022-07-27 16:03:58 - [MESSAGE][PASSED] - Object 'Object Repository/Mobile Objects/HomePage/nav/a_telefon' is clickable

2022-07-27 16:03:58 - [TEST_STEP][PASSED] - verifyElementAttributeValue(findTestObject("Mobile Objects/HomePage/nav/a_telefon"), "href", "tel:426803851", 3): Object 'Object Repository/Mobile Objects/HomePage/nav/a_telefon' has attribute 'href' with value 'tel:426803851'

2022-07-27 16:03:58 - [MESSAGE][PASSED] - Object 'Object Repository/Mobile Objects/HomePage/nav/a_telefon' has attribute 'href' with value 'tel:426803851'

2022-07-27 16:03:58 - [TEST_STEP][PASSED] - verifyElementPresent(findTestObject("Object Repository/Mobile Objects/HomePage/nav/a_Nasze biura"), 0): Object 'Object Repository/Mobile Objects/HomePage/nav/a_Nasze biura' is present

2022-07-27 16:03:58 - [MESSAGE][WARNING] - Timeout '0' is invalid. Using default page load timeout: '60'

2022-07-27 16:03:59 - [MESSAGE][PASSED] - Object 'Object Repository/Mobile Objects/HomePage/nav/a_Nasze biura' is present

2022-07-27 16:03:59 - [TEST_STEP][PASSED] - verifyElementClickable(findTestObject("Object Repository/Mobile Objects/HomePage/nav/a_Nasze biura"), STOP_ON_FAILURE): Object 'Object Repository/Mobile Objects/HomePage/nav/a_Nasze biura' is clickable

2022-07-27 16:03:59 - [MESSAGE][PASSED] - Object 'Object Repository/Mobile Objects/HomePage/nav/a_Nasze biura' is clickable

2022-07-27 16:03:59 - [TEST_STEP][PASSED] - verifyElementAttributeValue(findTestObject("Mobile Objects/HomePage/nav/a_Nasze biura"), "href", "https://r.pl/biura", 3): Object 'Object Repository/Mobile Objects/HomePage/nav/a_Nasze biura' has attribute 'href' with value 'https://r.pl/biura'

2022-07-27 16:03:59 - [MESSAGE][PASSED] - Object 'Object Repository/Mobile Objects/HomePage/nav/a_Nasze biura' has attribute 'href' with value 'https://r.pl/biura'

2022-07-27 16:03:59 - [TEST_STEP][PASSED] - click(findTestObject("Object Repository/Mobile Objects/HomePage/nav/burger-cross")): Object: 'Object Repository/Mobile Objects/HomePage/nav/burger-cross' is clicked on

2022-07-27 16:03:59 - [MESSAGE][PASSED] - Object: 'Object Repository/Mobile Objects/HomePage/nav/burger-cross' is clicked on

2022-07-27 16:03:59 - [TEST_STEP][PASSED] - verifyElementPresent(findTestObject("Mobile Objects/HomePage/nav/Logo"), 0): Object 'Object Repository/Mobile Objects/HomePage/nav/Logo' is present

2022-07-27 16:03:59 - [MESSAGE][WARNING] - Timeout '0' is invalid. Using default page load timeout: '60'

2022-07-27 16:03:59 - [MESSAGE][PASSED] - Object 'Object Repository/Mobile Objects/HomePage/nav/Logo' is present

2022-07-27 16:03:59 - [TEST_STEP][PASSED] - verifyElementClickable(findTestObject("Mobile Objects/HomePage/nav/Logo"), STOP_ON_FAILURE): Object 'Object Repository/Mobile Objects/HomePage/nav/Logo' is clickable

2022-07-27 16:03:59 - [MESSAGE][PASSED] - Object 'Object Repository/Mobile Objects/HomePage/nav/Logo' is clickable

2022-07-27 16:03:59 - [TEST_STEP][PASSED] - verifyElementPresent(findTestObject("Mobile Objects/HomePage/nav/info-ukraina"), 0): Object 'Object Repository/Mobile Objects/HomePage/nav/info-ukraina' is present

2022-07-27 16:03:59 - [MESSAGE][WARNING] - Timeout '0' is invalid. Using default page load timeout: '60'

2022-07-27 16:03:59 - [MESSAGE][PASSED] - Object 'Object Repository/Mobile Objects/HomePage/nav/info-ukraina' is present

2022-07-27 16:03:59 - [TEST_STEP][PASSED] - verifyElementClickable(findTestObject("Mobile Objects/HomePage/nav/info-ukraina"), STOP_ON_FAILURE): Object 'Object Repository/Mobile Objects/HomePage/nav/info-ukraina' is clickable

2022-07-27 16:03:59 - [MESSAGE][PASSED] - Object 'Object Repository/Mobile Objects/HomePage/nav/info-ukraina' is clickable

2022-07-27 16:03:59 - [TEST_STEP][PASSED] - verifyElementPresent(findTestObject("Mobile Objects/HomePage/nav/phone-img"), 0): Object 'Object Repository/Mobile Objects/HomePage/nav/phone-img' is present

2022-07-27 16:03:59 - [MESSAGE][WARNING] - Timeout '0' is invalid. Using default page load timeout: '60'

2022-07-27 16:03:59 - [MESSAGE][PASSED] - Object 'Object Repository/Mobile Objects/HomePage/nav/phone-img' is present

2022-07-27 16:03:59 - [TEST_STEP][PASSED] - verifyElementClickable(findTestObject("Mobile Objects/HomePage/nav/phone-img"), STOP_ON_FAILURE): Object 'Object Repository/Mobile Objects/HomePage/nav/phone-img' is clickable

2022-07-27 16:03:59 - [MESSAGE][PASSED] - Object 'Object Repository/Mobile Objects/HomePage/nav/phone-img' is clickable

2022-07-27 16:03:59 - [TEST_STEP][PASSED] - closeBrowser(): Browser is closed

2022-07-27 16:04:00 - [MESSAGE][PASSED] - Browser is closed]]></system-out>
         <system-err><![CDATA[]]></system-err>
      </testcase>
      <testcase name="Test Cases/Mobile Tests/SearchPage/units-sidebar-filter-mobile/cena-query-mobile" time="20.896" classname="Test Cases/Mobile Tests/SearchPage/units-sidebar-filter-mobile/cena-query-mobile" status="PASSED">
         <system-out><![CDATA[2022-07-27 16:04:00 - [TEST_CASE][PASSED] - Test Cases/Mobile Tests/SearchPage/units-sidebar-filter-mobile/cena-query-mobile: Test Cases/Mobile Tests/SearchPage/units-sidebar-filter-mobile/cena-query-mobile

2022-07-27 16:04:00 - [TEST_STEP][PASSED] - System.setProperty("webdriver.chrome.driver", getChromeDriverPath()): null

2022-07-27 16:04:00 - [TEST_STEP][PASSED] - mobileEmulation = new java.util.HashMap(): null

2022-07-27 16:04:00 - [TEST_STEP][PASSED] - mobileEmulation.put("deviceName", mobileDevice): null

2022-07-27 16:04:00 - [TEST_STEP][PASSED] - chromeOptions = new org.openqa.selenium.chrome.ChromeOptions(): null

2022-07-27 16:04:00 - [TEST_STEP][PASSED] - chromeOptions.setExperimentalOption("mobileEmulation", mobileEmulation): null

2022-07-27 16:04:00 - [TEST_STEP][PASSED] - driver = new org.openqa.selenium.chrome.ChromeDriver(chromeOptions): null

2022-07-27 16:04:01 - [TEST_STEP][PASSED] - changeWebDriver(driver): null

2022-07-27 16:04:02 - [TEST_STEP][PASSED] - navigate().to("https://r.pl/szukaj"): null

2022-07-27 16:04:07 - [TEST_STEP][PASSED] - click(findTestObject("Object Repository/SzukajPage/ZamknijCiastka")): Object: 'Object Repository/SzukajPage/ZamknijCiastka' is clicked on

2022-07-27 16:04:07 - [MESSAGE][PASSED] - Object: 'Object Repository/SzukajPage/ZamknijCiastka' is clicked on

2022-07-27 16:04:07 - [TEST_STEP][PASSED] - click(findTestObject("Object Repository/Mobile Objects/SearchPage/filtry-boczne/pokaz-filtry-mobile-btn")): Object: 'Object Repository/Mobile Objects/SearchPage/filtry-boczne/pokaz-filtry-mobile-btn' is clicked on

2022-07-27 16:04:08 - [MESSAGE][PASSED] - Object: 'Object Repository/Mobile Objects/SearchPage/filtry-boczne/pokaz-filtry-mobile-btn' is clicked on

2022-07-27 16:04:08 - [TEST_STEP][PASSED] - enableSmartWait(): null

2022-07-27 16:04:08 - [TEST_STEP][PASSED] - comment("Cena"): Cena

2022-07-27 16:04:08 - [MESSAGE][INFO] - Cena

2022-07-27 16:04:08 - [TEST_STEP][PASSED] - scrollToElement(findTestObject("Mobile Objects/SearchPage/filtry-boczne/typ-wyjazdu/Objazd_wypoczynek"), 2): Scroll to object 'Object Repository/Mobile Objects/SearchPage/filtry-boczne/typ-wyjazdu/Objazd_wypoczynek' successfully

2022-07-27 16:04:08 - [MESSAGE][PASSED] - Scroll to object 'Object Repository/Mobile Objects/SearchPage/filtry-boczne/typ-wyjazdu/Objazd_wypoczynek' successfully

2022-07-27 16:04:08 - [TEST_STEP][PASSED] - search.filterQueryCheck.clickFilterOnce(findTestObject("Mobile Objects/SearchPage/filtry-boczne/cena/Za wszystkie osoby"), timeout, 3, cena[1]): search.filterQueryCheck.clickFilterOnce is PASSED

2022-07-27 16:04:08 - [MESSAGE][PASSED] - Object: 'Object Repository/Mobile Objects/SearchPage/filtry-boczne/cena/Za wszystkie osoby' is clicked on

2022-07-27 16:04:11 - [MESSAGE][PASSED] - Delayed 3 second(s)

2022-07-27 16:04:11 - [MESSAGE][PASSED] - Current window's url is: 'https://r.pl/szukaj?datyUrodzenia[]=1992-01-01&datyUrodzenia[]=1992-01-01&liczbaPokoi=1&sortowanie=popularne-desc&widok=filter&cena[]=sum&dlugoscPobytu[]=%2A-%2A&typTransportu[]=AIR&typTransportu[]=dreamliner'

2022-07-27 16:04:14 - [MESSAGE][PASSED] - Delayed 3 second(s)

2022-07-27 16:04:14 - [MESSAGE][PASSED] - search.filterQueryCheck.clickFilterOnce is PASSED

2022-07-27 16:04:14 - [TEST_STEP][PASSED] - search.filterQueryCheck.clickFilterOnce(findTestObject("Mobile Objects/SearchPage/filtry-boczne/cena/Cena za osobe"), timeout, 3, cena[0]): search.filterQueryCheck.clickFilterOnce is PASSED

2022-07-27 16:04:14 - [MESSAGE][PASSED] - Object: 'Object Repository/Mobile Objects/SearchPage/filtry-boczne/cena/Cena za osobe' is clicked on

2022-07-27 16:04:17 - [MESSAGE][PASSED] - Delayed 3 second(s)

2022-07-27 16:04:17 - [MESSAGE][PASSED] - Current window's url is: 'https://r.pl/szukaj?datyUrodzenia[]=1992-01-01&datyUrodzenia[]=1992-01-01&liczbaPokoi=1&sortowanie=popularne-desc&widok=filter&cena[]=avg&dlugoscPobytu[]=%2A-%2A&typTransportu[]=AIR&typTransportu[]=dreamliner'

2022-07-27 16:04:20 - [MESSAGE][PASSED] - Delayed 3 second(s)

2022-07-27 16:04:20 - [MESSAGE][PASSED] - search.filterQueryCheck.clickFilterOnce is PASSED

2022-07-27 16:04:20 - [TEST_STEP][PASSED] - closeBrowser(): Browser is closed

2022-07-27 16:04:21 - [MESSAGE][PASSED] - Browser is closed]]></system-out>
         <system-err><![CDATA[]]></system-err>
      </testcase>
      <testcase name="Test Cases/Mobile Tests/SearchPage/units-sidebar-filter-mobile/dokumenty-query-mobile" time="19.137" classname="Test Cases/Mobile Tests/SearchPage/units-sidebar-filter-mobile/dokumenty-query-mobile" status="PASSED">
         <system-out><![CDATA[2022-07-27 16:04:21 - [TEST_CASE][PASSED] - Test Cases/Mobile Tests/SearchPage/units-sidebar-filter-mobile/dokumenty-query-mobile: Test Cases/Mobile Tests/SearchPage/units-sidebar-filter-mobile/dokumenty-query-mobile

2022-07-27 16:04:21 - [TEST_STEP][PASSED] - System.setProperty("webdriver.chrome.driver", getChromeDriverPath()): null

2022-07-27 16:04:21 - [TEST_STEP][PASSED] - mobileEmulation = new java.util.HashMap(): null

2022-07-27 16:04:21 - [TEST_STEP][PASSED] - mobileEmulation.put("deviceName", mobileDevice): null

2022-07-27 16:04:21 - [TEST_STEP][PASSED] - chromeOptions = new org.openqa.selenium.chrome.ChromeOptions(): null

2022-07-27 16:04:21 - [TEST_STEP][PASSED] - chromeOptions.setExperimentalOption("mobileEmulation", mobileEmulation): null

2022-07-27 16:04:21 - [TEST_STEP][PASSED] - driver = new org.openqa.selenium.chrome.ChromeDriver(chromeOptions): null

2022-07-27 16:04:22 - [TEST_STEP][PASSED] - changeWebDriver(driver): null

2022-07-27 16:04:22 - [TEST_STEP][PASSED] - navigate().to("https://r.pl/szukaj"): null

2022-07-27 16:04:26 - [TEST_STEP][PASSED] - click(findTestObject("Object Repository/SzukajPage/ZamknijCiastka")): Object: 'Object Repository/SzukajPage/ZamknijCiastka' is clicked on

2022-07-27 16:04:26 - [MESSAGE][PASSED] - Object: 'Object Repository/SzukajPage/ZamknijCiastka' is clicked on

2022-07-27 16:04:26 - [TEST_STEP][PASSED] - click(findTestObject("Object Repository/Mobile Objects/SearchPage/filtry-boczne/pokaz-filtry-mobile-btn")): Object: 'Object Repository/Mobile Objects/SearchPage/filtry-boczne/pokaz-filtry-mobile-btn' is clicked on

2022-07-27 16:04:26 - [MESSAGE][PASSED] - Object: 'Object Repository/Mobile Objects/SearchPage/filtry-boczne/pokaz-filtry-mobile-btn' is clicked on

2022-07-27 16:04:26 - [TEST_STEP][PASSED] - enableSmartWait(): null

2022-07-27 16:04:26 - [TEST_STEP][PASSED] - comment("Dokumenty"): Dokumenty

2022-07-27 16:04:26 - [MESSAGE][INFO] - Dokumenty

2022-07-27 16:04:26 - [TEST_STEP][PASSED] - scrollToElement(findTestObject("Mobile Objects/SearchPage/filtry-boczne/udogodnienia/W-blisko centrum"), 0): Scroll to object 'Object Repository/Mobile Objects/SearchPage/filtry-boczne/udogodnienia/W-blisko centrum' successfully

2022-07-27 16:04:26 - [MESSAGE][WARNING] - Timeout '0' is invalid. Using default page load timeout: '60'

2022-07-27 16:04:27 - [MESSAGE][PASSED] - Scroll to object 'Object Repository/Mobile Objects/SearchPage/filtry-boczne/udogodnienia/W-blisko centrum' successfully

2022-07-27 16:04:27 - [TEST_STEP][PASSED] - search.filterQueryCheck.clickFilterUnclick(findTestObject("Mobile Objects/SearchPage/filtry-boczne/dokumenty/Bez paszportu"), timeout, 8, dokumenty[0]): search.filterQueryCheck.clickFilterUnclick is PASSED

2022-07-27 16:04:27 - [MESSAGE][PASSED] - Object: 'Object Repository/Mobile Objects/SearchPage/filtry-boczne/dokumenty/Bez paszportu' is clicked on

2022-07-27 16:04:30 - [MESSAGE][PASSED] - Delayed 3 second(s)

2022-07-27 16:04:30 - [MESSAGE][PASSED] - Current window's url is: 'https://r.pl/szukaj?datyUrodzenia[]=1992-01-01&datyUrodzenia[]=1992-01-01&liczbaPokoi=1&sortowanie=popularne-desc&widok=filter&cena[]=avg&dlugoscPobytu[]=%2A-%2A&typTransportu[]=AIR&typTransportu[]=dreamliner&atrybutWymaganeDokumenty[]=paszport'

2022-07-27 16:04:30 - [MESSAGE][PASSED] - Object: 'Object Repository/Mobile Objects/SearchPage/filtry-boczne/dokumenty/Bez paszportu' is clicked on

2022-07-27 16:04:33 - [MESSAGE][PASSED] - Delayed 3 second(s)

2022-07-27 16:04:33 - [MESSAGE][PASSED] - search.filterQueryCheck.clickFilterUnclick is PASSED

2022-07-27 16:04:33 - [TEST_STEP][PASSED] - search.filterQueryCheck.clickFilterUnclick(findTestObject("Mobile Objects/SearchPage/filtry-boczne/dokumenty/Bez wizy"), timeout, 8, dokumenty[1]): search.filterQueryCheck.clickFilterUnclick is PASSED

2022-07-27 16:04:33 - [MESSAGE][PASSED] - Object: 'Object Repository/Mobile Objects/SearchPage/filtry-boczne/dokumenty/Bez wizy' is clicked on

2022-07-27 16:04:36 - [MESSAGE][PASSED] - Delayed 3 second(s)

2022-07-27 16:04:36 - [MESSAGE][PASSED] - Current window's url is: 'https://r.pl/szukaj?datyUrodzenia[]=1992-01-01&datyUrodzenia[]=1992-01-01&liczbaPokoi=1&sortowanie=popularne-desc&widok=filter&cena[]=avg&dlugoscPobytu[]=%2A-%2A&typTransportu[]=AIR&typTransportu[]=dreamliner&atrybutWymaganeDokumenty[]=wiza'

2022-07-27 16:04:36 - [MESSAGE][PASSED] - Object: 'Object Repository/Mobile Objects/SearchPage/filtry-boczne/dokumenty/Bez wizy' is clicked on

2022-07-27 16:04:39 - [MESSAGE][PASSED] - Delayed 3 second(s)

2022-07-27 16:04:39 - [MESSAGE][PASSED] - search.filterQueryCheck.clickFilterUnclick is PASSED

2022-07-27 16:04:39 - [TEST_STEP][PASSED] - closeBrowser(): Browser is closed

2022-07-27 16:04:40 - [MESSAGE][PASSED] - Browser is closed]]></system-out>
         <system-err><![CDATA[]]></system-err>
      </testcase>
      <testcase name="Test Cases/Mobile Tests/SearchPage/units-sidebar-filter-mobile/ilosc-dni-query-mobile" time="37.211" classname="Test Cases/Mobile Tests/SearchPage/units-sidebar-filter-mobile/ilosc-dni-query-mobile" status="PASSED">
         <system-out><![CDATA[2022-07-27 16:04:40 - [TEST_CASE][PASSED] - Test Cases/Mobile Tests/SearchPage/units-sidebar-filter-mobile/ilosc-dni-query-mobile: Test Cases/Mobile Tests/SearchPage/units-sidebar-filter-mobile/ilosc-dni-query-mobile

2022-07-27 16:04:40 - [TEST_STEP][PASSED] - System.setProperty("webdriver.chrome.driver", getChromeDriverPath()): null

2022-07-27 16:04:40 - [TEST_STEP][PASSED] - mobileEmulation = new java.util.HashMap(): null

2022-07-27 16:04:40 - [TEST_STEP][PASSED] - mobileEmulation.put("deviceName", mobileDevice): null

2022-07-27 16:04:40 - [TEST_STEP][PASSED] - chromeOptions = new org.openqa.selenium.chrome.ChromeOptions(): null

2022-07-27 16:04:40 - [TEST_STEP][PASSED] - chromeOptions.setExperimentalOption("mobileEmulation", mobileEmulation): null

2022-07-27 16:04:40 - [TEST_STEP][PASSED] - driver = new org.openqa.selenium.chrome.ChromeDriver(chromeOptions): null

2022-07-27 16:04:42 - [TEST_STEP][PASSED] - changeWebDriver(driver): null

2022-07-27 16:04:42 - [TEST_STEP][PASSED] - navigate().to("https://r.pl/szukaj"): null

2022-07-27 16:04:45 - [TEST_STEP][PASSED] - click(findTestObject("Object Repository/SzukajPage/ZamknijCiastka")): Object: 'Object Repository/SzukajPage/ZamknijCiastka' is clicked on

2022-07-27 16:04:45 - [MESSAGE][PASSED] - Object: 'Object Repository/SzukajPage/ZamknijCiastka' is clicked on

2022-07-27 16:04:45 - [TEST_STEP][PASSED] - click(findTestObject("Object Repository/Mobile Objects/SearchPage/filtry-boczne/pokaz-filtry-mobile-btn")): Object: 'Object Repository/Mobile Objects/SearchPage/filtry-boczne/pokaz-filtry-mobile-btn' is clicked on

2022-07-27 16:04:45 - [MESSAGE][PASSED] - Object: 'Object Repository/Mobile Objects/SearchPage/filtry-boczne/pokaz-filtry-mobile-btn' is clicked on

2022-07-27 16:04:45 - [TEST_STEP][PASSED] - enableSmartWait(): null

2022-07-27 16:04:45 - [TEST_STEP][PASSED] - comment("Ilość dni"): Ilość dni

2022-07-27 16:04:45 - [MESSAGE][INFO] - Ilość dni

2022-07-27 16:04:45 - [TEST_STEP][PASSED] - search.filterQueryCheck.clickFilterOnce(findTestObject("Mobile Objects/SearchPage/filtry-boczne/ilosc-dni/Do 6 dni"), timeout, 1, iloscDni[0]): search.filterQueryCheck.clickFilterOnce is PASSED

2022-07-27 16:04:46 - [MESSAGE][PASSED] - Object: 'Object Repository/Mobile Objects/SearchPage/filtry-boczne/ilosc-dni/Do 6 dni' is clicked on

2022-07-27 16:04:49 - [MESSAGE][PASSED] - Delayed 3 second(s)

2022-07-27 16:04:49 - [MESSAGE][PASSED] - Current window's url is: 'https://r.pl/szukaj?datyUrodzenia[]=1992-01-01&datyUrodzenia[]=1992-01-01&liczbaPokoi=1&sortowanie=popularne-desc&widok=filter&cena[]=avg&dlugoscPobytu[]=0-6&typTransportu[]=AIR&typTransportu[]=dreamliner'

2022-07-27 16:04:52 - [MESSAGE][PASSED] - Delayed 3 second(s)

2022-07-27 16:04:52 - [MESSAGE][PASSED] - search.filterQueryCheck.clickFilterOnce is PASSED

2022-07-27 16:04:52 - [TEST_STEP][PASSED] - search.filterQueryCheck.clickFilterOnce(findTestObject("Mobile Objects/SearchPage/filtry-boczne/ilosc-dni/7 - 9 dni"), timeout, 1, iloscDni[1]): search.filterQueryCheck.clickFilterOnce is PASSED

2022-07-27 16:04:52 - [MESSAGE][PASSED] - Object: 'Object Repository/Mobile Objects/SearchPage/filtry-boczne/ilosc-dni/7 - 9 dni' is clicked on

2022-07-27 16:04:55 - [MESSAGE][PASSED] - Delayed 3 second(s)

2022-07-27 16:04:55 - [MESSAGE][PASSED] - Current window's url is: 'https://r.pl/szukaj?datyUrodzenia[]=1992-01-01&datyUrodzenia[]=1992-01-01&liczbaPokoi=1&sortowanie=popularne-desc&widok=filter&cena[]=avg&dlugoscPobytu[]=7-9&typTransportu[]=AIR&typTransportu[]=dreamliner'

2022-07-27 16:04:58 - [MESSAGE][PASSED] - Delayed 3 second(s)

2022-07-27 16:04:58 - [MESSAGE][PASSED] - search.filterQueryCheck.clickFilterOnce is PASSED

2022-07-27 16:04:58 - [TEST_STEP][PASSED] - search.filterQueryCheck.clickFilterOnce(findTestObject("Mobile Objects/SearchPage/filtry-boczne/ilosc-dni/10 - 13 dni"), timeout, 1, iloscDni[2]): search.filterQueryCheck.clickFilterOnce is PASSED

2022-07-27 16:04:58 - [MESSAGE][PASSED] - Object: 'Object Repository/Mobile Objects/SearchPage/filtry-boczne/ilosc-dni/10 - 13 dni' is clicked on

2022-07-27 16:05:01 - [MESSAGE][PASSED] - Delayed 3 second(s)

2022-07-27 16:05:01 - [MESSAGE][PASSED] - Current window's url is: 'https://r.pl/szukaj?datyUrodzenia[]=1992-01-01&datyUrodzenia[]=1992-01-01&liczbaPokoi=1&sortowanie=popularne-desc&widok=filter&cena[]=avg&dlugoscPobytu[]=10-13&typTransportu[]=AIR&typTransportu[]=dreamliner'

2022-07-27 16:05:04 - [MESSAGE][PASSED] - Delayed 3 second(s)

2022-07-27 16:05:04 - [MESSAGE][PASSED] - search.filterQueryCheck.clickFilterOnce is PASSED

2022-07-27 16:05:04 - [TEST_STEP][PASSED] - search.filterQueryCheck.clickFilterOnce(findTestObject("Mobile Objects/SearchPage/filtry-boczne/ilosc-dni/14 - 17 dni"), timeout, 1, iloscDni[3]): search.filterQueryCheck.clickFilterOnce is PASSED

2022-07-27 16:05:04 - [MESSAGE][PASSED] - Object: 'Object Repository/Mobile Objects/SearchPage/filtry-boczne/ilosc-dni/14 - 17 dni' is clicked on

2022-07-27 16:05:07 - [MESSAGE][PASSED] - Delayed 3 second(s)

2022-07-27 16:05:07 - [MESSAGE][PASSED] - Current window's url is: 'https://r.pl/szukaj?datyUrodzenia[]=1992-01-01&datyUrodzenia[]=1992-01-01&liczbaPokoi=1&sortowanie=popularne-desc&widok=filter&cena[]=avg&dlugoscPobytu[]=14-17&typTransportu[]=AIR&typTransportu[]=dreamliner'

2022-07-27 16:05:10 - [MESSAGE][PASSED] - Delayed 3 second(s)

2022-07-27 16:05:10 - [MESSAGE][PASSED] - search.filterQueryCheck.clickFilterOnce is PASSED

2022-07-27 16:05:10 - [TEST_STEP][PASSED] - search.filterQueryCheck.clickFilterOnce(findTestObject("Mobile Objects/SearchPage/filtry-boczne/ilosc-dni/Dowolna ilosc dni"), timeout, 1, iloscDni[4]): search.filterQueryCheck.clickFilterOnce is PASSED

2022-07-27 16:05:10 - [MESSAGE][PASSED] - Object: 'Object Repository/Mobile Objects/SearchPage/filtry-boczne/ilosc-dni/Dowolna ilosc dni' is clicked on

2022-07-27 16:05:13 - [MESSAGE][PASSED] - Delayed 3 second(s)

2022-07-27 16:05:13 - [MESSAGE][PASSED] - Current window's url is: 'https://r.pl/szukaj?datyUrodzenia[]=1992-01-01&datyUrodzenia[]=1992-01-01&liczbaPokoi=1&sortowanie=popularne-desc&widok=filter&cena[]=avg&dlugoscPobytu[]=%2A-%2A&typTransportu[]=AIR&typTransportu[]=dreamliner'

2022-07-27 16:05:16 - [MESSAGE][PASSED] - Delayed 3 second(s)

2022-07-27 16:05:16 - [MESSAGE][PASSED] - search.filterQueryCheck.clickFilterOnce is PASSED

2022-07-27 16:05:16 - [TEST_STEP][PASSED] - closeBrowser(): Browser is closed

2022-07-27 16:05:17 - [MESSAGE][PASSED] - Browser is closed]]></system-out>
         <system-err><![CDATA[]]></system-err>
      </testcase>
      <testcase name="Test Cases/Mobile Tests/SearchPage/units-sidebar-filter-mobile/ocena-klientow-query-mobile" time="28.844" classname="Test Cases/Mobile Tests/SearchPage/units-sidebar-filter-mobile/ocena-klientow-query-mobile" status="PASSED">
         <system-out><![CDATA[2022-07-27 16:05:17 - [TEST_CASE][PASSED] - Test Cases/Mobile Tests/SearchPage/units-sidebar-filter-mobile/ocena-klientow-query-mobile: Test Cases/Mobile Tests/SearchPage/units-sidebar-filter-mobile/ocena-klientow-query-mobile

2022-07-27 16:05:18 - [TEST_STEP][PASSED] - System.setProperty("webdriver.chrome.driver", getChromeDriverPath()): null

2022-07-27 16:05:18 - [TEST_STEP][PASSED] - mobileEmulation = new java.util.HashMap(): null

2022-07-27 16:05:18 - [TEST_STEP][PASSED] - mobileEmulation.put("deviceName", mobileDevice): null

2022-07-27 16:05:18 - [TEST_STEP][PASSED] - chromeOptions = new org.openqa.selenium.chrome.ChromeOptions(): null

2022-07-27 16:05:18 - [TEST_STEP][PASSED] - chromeOptions.setExperimentalOption("mobileEmulation", mobileEmulation): null

2022-07-27 16:05:18 - [TEST_STEP][PASSED] - driver = new org.openqa.selenium.chrome.ChromeDriver(chromeOptions): null

2022-07-27 16:05:19 - [TEST_STEP][PASSED] - changeWebDriver(driver): null

2022-07-27 16:05:19 - [TEST_STEP][PASSED] - navigate().to("https://r.pl/szukaj"): null

2022-07-27 16:05:23 - [TEST_STEP][PASSED] - click(findTestObject("Object Repository/SzukajPage/ZamknijCiastka")): Object: 'Object Repository/SzukajPage/ZamknijCiastka' is clicked on

2022-07-27 16:05:23 - [MESSAGE][PASSED] - Object: 'Object Repository/SzukajPage/ZamknijCiastka' is clicked on

2022-07-27 16:05:23 - [TEST_STEP][PASSED] - click(findTestObject("Object Repository/Mobile Objects/SearchPage/filtry-boczne/pokaz-filtry-mobile-btn")): Object: 'Object Repository/Mobile Objects/SearchPage/filtry-boczne/pokaz-filtry-mobile-btn' is clicked on

2022-07-27 16:05:23 - [MESSAGE][PASSED] - Object: 'Object Repository/Mobile Objects/SearchPage/filtry-boczne/pokaz-filtry-mobile-btn' is clicked on

2022-07-27 16:05:23 - [TEST_STEP][PASSED] - enableSmartWait(): null

2022-07-27 16:05:23 - [TEST_STEP][PASSED] - comment("Ocena klientów"): Ocena klientów

2022-07-27 16:05:23 - [MESSAGE][INFO] - Ocena klientów

2022-07-27 16:05:23 - [TEST_STEP][PASSED] - scrollToElement(findTestObject("Mobile Objects/SearchPage/filtry-boczne/standard-hotelu/2-slonca"), 2): Scroll to object 'Object Repository/Mobile Objects/SearchPage/filtry-boczne/standard-hotelu/2-slonca' successfully

2022-07-27 16:05:23 - [MESSAGE][PASSED] - Scroll to object 'Object Repository/Mobile Objects/SearchPage/filtry-boczne/standard-hotelu/2-slonca' successfully

2022-07-27 16:05:23 - [TEST_STEP][PASSED] - search.filterQueryCheck.clickFilterOnce(findTestObject("Mobile Objects/SearchPage/filtry-boczne/ocena-klientow/Od 5.0"), timeout, 5, ocenaKlientow[0]): search.filterQueryCheck.clickFilterOnce is PASSED

2022-07-27 16:05:24 - [MESSAGE][PASSED] - Object: 'Object Repository/Mobile Objects/SearchPage/filtry-boczne/ocena-klientow/Od 5.0' is clicked on

2022-07-27 16:05:27 - [MESSAGE][PASSED] - Delayed 3 second(s)

2022-07-27 16:05:27 - [MESSAGE][PASSED] - Current window's url is: 'https://r.pl/szukaj?datyUrodzenia[]=1992-01-01&datyUrodzenia[]=1992-01-01&liczbaPokoi=1&sortowanie=popularne-desc&widok=filter&cena[]=avg&dlugoscPobytu[]=%2A-%2A&ocenaKlientow[]=10-12&typTransportu[]=AIR&typTransportu[]=dreamliner'

2022-07-27 16:05:30 - [MESSAGE][PASSED] - Delayed 3 second(s)

2022-07-27 16:05:30 - [MESSAGE][PASSED] - search.filterQueryCheck.clickFilterOnce is PASSED

2022-07-27 16:05:30 - [TEST_STEP][PASSED] - search.filterQueryCheck.clickFilterOnce(findTestObject("Mobile Objects/SearchPage/filtry-boczne/ocena-klientow/Od 4.0"), timeout, 5, ocenaKlientow[1]): search.filterQueryCheck.clickFilterOnce is PASSED

2022-07-27 16:05:30 - [MESSAGE][PASSED] - Object: 'Object Repository/Mobile Objects/SearchPage/filtry-boczne/ocena-klientow/Od 4.0' is clicked on

2022-07-27 16:05:33 - [MESSAGE][PASSED] - Delayed 3 second(s)

2022-07-27 16:05:33 - [MESSAGE][PASSED] - Current window's url is: 'https://r.pl/szukaj?datyUrodzenia[]=1992-01-01&datyUrodzenia[]=1992-01-01&liczbaPokoi=1&sortowanie=popularne-desc&widok=filter&cena[]=avg&dlugoscPobytu[]=%2A-%2A&ocenaKlientow[]=8-12&typTransportu[]=AIR&typTransportu[]=dreamliner'

2022-07-27 16:05:36 - [MESSAGE][PASSED] - Delayed 3 second(s)

2022-07-27 16:05:36 - [MESSAGE][PASSED] - search.filterQueryCheck.clickFilterOnce is PASSED

2022-07-27 16:05:36 - [TEST_STEP][PASSED] - search.filterQueryCheck.clickFilterOnce(findTestObject("Mobile Objects/SearchPage/filtry-boczne/ocena-klientow/Od 3.0"), timeout, 5, ocenaKlientow[2]): search.filterQueryCheck.clickFilterOnce is PASSED

2022-07-27 16:05:36 - [MESSAGE][PASSED] - Object: 'Object Repository/Mobile Objects/SearchPage/filtry-boczne/ocena-klientow/Od 3.0' is clicked on

2022-07-27 16:05:39 - [MESSAGE][PASSED] - Delayed 3 second(s)

2022-07-27 16:05:39 - [MESSAGE][PASSED] - Current window's url is: 'https://r.pl/szukaj?datyUrodzenia[]=1992-01-01&datyUrodzenia[]=1992-01-01&liczbaPokoi=1&sortowanie=popularne-desc&widok=filter&cena[]=avg&dlugoscPobytu[]=%2A-%2A&ocenaKlientow[]=6-12&typTransportu[]=AIR&typTransportu[]=dreamliner'

2022-07-27 16:05:42 - [MESSAGE][PASSED] - Delayed 3 second(s)

2022-07-27 16:05:42 - [MESSAGE][PASSED] - search.filterQueryCheck.clickFilterOnce is PASSED

2022-07-27 16:05:42 - [TEST_STEP][PASSED] - search.filterQueryCheck.clickDelay(findTestObject("Mobile Objects/SearchPage/filtry-boczne/ocena-klientow/Dowolna"), timeout): search.filterQueryCheck.clickDelay is PASSED

2022-07-27 16:05:42 - [MESSAGE][PASSED] - Object: 'Object Repository/Mobile Objects/SearchPage/filtry-boczne/ocena-klientow/Dowolna' is clicked on

2022-07-27 16:05:45 - [MESSAGE][PASSED] - Delayed 3 second(s)

2022-07-27 16:05:45 - [MESSAGE][PASSED] - search.filterQueryCheck.clickDelay is PASSED

2022-07-27 16:05:45 - [TEST_STEP][PASSED] - closeBrowser(): Browser is closed

2022-07-27 16:05:46 - [MESSAGE][PASSED] - Browser is closed]]></system-out>
         <system-err><![CDATA[]]></system-err>
      </testcase>
      <testcase name="Test Cases/Mobile Tests/SearchPage/units-sidebar-filter-mobile/pokoje-query-mobile" time="38.854" classname="Test Cases/Mobile Tests/SearchPage/units-sidebar-filter-mobile/pokoje-query-mobile" status="PASSED">
         <system-out><![CDATA[2022-07-27 16:05:46 - [TEST_CASE][PASSED] - Test Cases/Mobile Tests/SearchPage/units-sidebar-filter-mobile/pokoje-query-mobile: Test Cases/Mobile Tests/SearchPage/units-sidebar-filter-mobile/pokoje-query-mobile

2022-07-27 16:05:46 - [TEST_STEP][PASSED] - System.setProperty("webdriver.chrome.driver", getChromeDriverPath()): null

2022-07-27 16:05:46 - [TEST_STEP][PASSED] - mobileEmulation = new java.util.HashMap(): null

2022-07-27 16:05:46 - [TEST_STEP][PASSED] - mobileEmulation.put("deviceName", mobileDevice): null

2022-07-27 16:05:46 - [TEST_STEP][PASSED] - chromeOptions = new org.openqa.selenium.chrome.ChromeOptions(): null

2022-07-27 16:05:46 - [TEST_STEP][PASSED] - chromeOptions.setExperimentalOption("mobileEmulation", mobileEmulation): null

2022-07-27 16:05:46 - [TEST_STEP][PASSED] - driver = new org.openqa.selenium.chrome.ChromeDriver(chromeOptions): null

2022-07-27 16:05:48 - [TEST_STEP][PASSED] - changeWebDriver(driver): null

2022-07-27 16:05:48 - [TEST_STEP][PASSED] - navigate().to("https://r.pl/szukaj"): null

2022-07-27 16:05:52 - [TEST_STEP][PASSED] - click(findTestObject("Object Repository/SzukajPage/ZamknijCiastka")): Object: 'Object Repository/SzukajPage/ZamknijCiastka' is clicked on

2022-07-27 16:05:52 - [MESSAGE][PASSED] - Object: 'Object Repository/SzukajPage/ZamknijCiastka' is clicked on

2022-07-27 16:05:52 - [TEST_STEP][PASSED] - click(findTestObject("Object Repository/Mobile Objects/SearchPage/filtry-boczne/pokaz-filtry-mobile-btn")): Object: 'Object Repository/Mobile Objects/SearchPage/filtry-boczne/pokaz-filtry-mobile-btn' is clicked on

2022-07-27 16:05:52 - [MESSAGE][PASSED] - Object: 'Object Repository/Mobile Objects/SearchPage/filtry-boczne/pokaz-filtry-mobile-btn' is clicked on

2022-07-27 16:05:52 - [TEST_STEP][PASSED] - enableSmartWait(): null

2022-07-27 16:05:52 - [TEST_STEP][PASSED] - comment("Pokoje"): Pokoje

2022-07-27 16:05:52 - [MESSAGE][INFO] - Pokoje

2022-07-27 16:05:52 - [TEST_STEP][PASSED] - scrollToElement(findTestObject("Mobile Objects/SearchPage/filtry-boczne/rodzaj-hotelu/Hotel Elite"), 2): Scroll to object 'Object Repository/Mobile Objects/SearchPage/filtry-boczne/rodzaj-hotelu/Hotel Elite' successfully

2022-07-27 16:05:52 - [MESSAGE][PASSED] - Scroll to object 'Object Repository/Mobile Objects/SearchPage/filtry-boczne/rodzaj-hotelu/Hotel Elite' successfully

2022-07-27 16:05:52 - [TEST_STEP][PASSED] - search.filterQueryCheck.clickFilterUnclick(findTestObject("Mobile Objects/SearchPage/filtry-boczne/pokoje/Z osobna sypialnia"), timeout, 10, pokoje[0]): search.filterQueryCheck.clickFilterUnclick is PASSED

2022-07-27 16:05:53 - [MESSAGE][PASSED] - Object: 'Object Repository/Mobile Objects/SearchPage/filtry-boczne/pokoje/Z osobna sypialnia' is clicked on

2022-07-27 16:05:56 - [MESSAGE][PASSED] - Delayed 3 second(s)

2022-07-27 16:05:56 - [MESSAGE][PASSED] - Current window's url is: 'https://r.pl/szukaj?datyUrodzenia[]=1992-01-01&datyUrodzenia[]=1992-01-01&liczbaPokoi=1&sortowanie=popularne-desc&widok=filter&cena[]=avg&dlugoscPobytu[]=%2A-%2A&typTransportu[]=AIR&typTransportu[]=dreamliner&atrybutPokoj[]=z-osobna-sypialnia'

2022-07-27 16:05:56 - [MESSAGE][PASSED] - Object: 'Object Repository/Mobile Objects/SearchPage/filtry-boczne/pokoje/Z osobna sypialnia' is clicked on

2022-07-27 16:05:59 - [MESSAGE][PASSED] - Delayed 3 second(s)

2022-07-27 16:05:59 - [MESSAGE][PASSED] - search.filterQueryCheck.clickFilterUnclick is PASSED

2022-07-27 16:05:59 - [TEST_STEP][PASSED] - search.filterQueryCheck.clickFilterUnclick(findTestObject("Mobile Objects/SearchPage/filtry-boczne/pokoje/Apartament z osobna sypialnia"), timeout, 10, pokoje[1]): search.filterQueryCheck.clickFilterUnclick is PASSED

2022-07-27 16:05:59 - [MESSAGE][PASSED] - Object: 'Object Repository/Mobile Objects/SearchPage/filtry-boczne/pokoje/Apartament z osobna sypialnia' is clicked on

2022-07-27 16:06:02 - [MESSAGE][PASSED] - Delayed 3 second(s)

2022-07-27 16:06:02 - [MESSAGE][PASSED] - Current window's url is: 'https://r.pl/szukaj?datyUrodzenia[]=1992-01-01&datyUrodzenia[]=1992-01-01&liczbaPokoi=1&sortowanie=popularne-desc&widok=filter&cena[]=avg&dlugoscPobytu[]=%2A-%2A&typTransportu[]=AIR&typTransportu[]=dreamliner&atrybutPokoj[]=apartament-z-osobna-sypialnia'

2022-07-27 16:06:02 - [MESSAGE][PASSED] - Object: 'Object Repository/Mobile Objects/SearchPage/filtry-boczne/pokoje/Apartament z osobna sypialnia' is clicked on

2022-07-27 16:06:05 - [MESSAGE][PASSED] - Delayed 3 second(s)

2022-07-27 16:06:05 - [MESSAGE][PASSED] - search.filterQueryCheck.clickFilterUnclick is PASSED

2022-07-27 16:06:05 - [TEST_STEP][PASSED] - search.filterQueryCheck.clickFilterUnclick(findTestObject("Mobile Objects/SearchPage/filtry-boczne/pokoje/Z widokiem na morze"), timeout, 10, pokoje[2]): search.filterQueryCheck.clickFilterUnclick is PASSED

2022-07-27 16:06:05 - [MESSAGE][PASSED] - Object: 'Object Repository/Mobile Objects/SearchPage/filtry-boczne/pokoje/Z widokiem na morze' is clicked on

2022-07-27 16:06:08 - [MESSAGE][PASSED] - Delayed 3 second(s)

2022-07-27 16:06:08 - [MESSAGE][PASSED] - Current window's url is: 'https://r.pl/szukaj?datyUrodzenia[]=1992-01-01&datyUrodzenia[]=1992-01-01&liczbaPokoi=1&sortowanie=popularne-desc&widok=filter&cena[]=avg&dlugoscPobytu[]=%2A-%2A&typTransportu[]=AIR&typTransportu[]=dreamliner&atrybutPokoj[]=z-widokiem-na-morze'

2022-07-27 16:06:08 - [MESSAGE][PASSED] - Object: 'Object Repository/Mobile Objects/SearchPage/filtry-boczne/pokoje/Z widokiem na morze' is clicked on

2022-07-27 16:06:11 - [MESSAGE][PASSED] - Delayed 3 second(s)

2022-07-27 16:06:11 - [MESSAGE][PASSED] - search.filterQueryCheck.clickFilterUnclick is PASSED

2022-07-27 16:06:11 - [TEST_STEP][PASSED] - search.filterQueryCheck.clickFilterUnclick(findTestObject("Mobile Objects/SearchPage/filtry-boczne/pokoje/Pokoj Rodzinny"), timeout, 10, pokoje[3]): search.filterQueryCheck.clickFilterUnclick is PASSED

2022-07-27 16:06:12 - [MESSAGE][PASSED] - Object: 'Object Repository/Mobile Objects/SearchPage/filtry-boczne/pokoje/Pokoj Rodzinny' is clicked on

2022-07-27 16:06:15 - [MESSAGE][PASSED] - Delayed 3 second(s)

2022-07-27 16:06:15 - [MESSAGE][PASSED] - Current window's url is: 'https://r.pl/szukaj?datyUrodzenia[]=1992-01-01&datyUrodzenia[]=1992-01-01&liczbaPokoi=1&sortowanie=popularne-desc&widok=filter&cena[]=avg&dlugoscPobytu[]=%2A-%2A&typTransportu[]=AIR&typTransportu[]=dreamliner&atrybutPokoj[]=pokoj-rodzinny'

2022-07-27 16:06:15 - [MESSAGE][PASSED] - Object: 'Object Repository/Mobile Objects/SearchPage/filtry-boczne/pokoje/Pokoj Rodzinny' is clicked on

2022-07-27 16:06:18 - [MESSAGE][PASSED] - Delayed 3 second(s)

2022-07-27 16:06:18 - [MESSAGE][PASSED] - search.filterQueryCheck.clickFilterUnclick is PASSED

2022-07-27 16:06:18 - [TEST_STEP][PASSED] - search.filterQueryCheck.clickFilterUnclick(findTestObject("Mobile Objects/SearchPage/filtry-boczne/pokoje/Studio"), timeout, 10, pokoje[4]): search.filterQueryCheck.clickFilterUnclick is PASSED

2022-07-27 16:06:18 - [MESSAGE][PASSED] - Object: 'Object Repository/Mobile Objects/SearchPage/filtry-boczne/pokoje/Studio' is clicked on

2022-07-27 16:06:21 - [MESSAGE][PASSED] - Delayed 3 second(s)

2022-07-27 16:06:21 - [MESSAGE][PASSED] - Current window's url is: 'https://r.pl/szukaj?datyUrodzenia[]=1992-01-01&datyUrodzenia[]=1992-01-01&liczbaPokoi=1&sortowanie=popularne-desc&widok=filter&cena[]=avg&dlugoscPobytu[]=%2A-%2A&typTransportu[]=AIR&typTransportu[]=dreamliner&atrybutPokoj[]=studio'

2022-07-27 16:06:21 - [MESSAGE][PASSED] - Object: 'Object Repository/Mobile Objects/SearchPage/filtry-boczne/pokoje/Studio' is clicked on

2022-07-27 16:06:24 - [MESSAGE][PASSED] - Delayed 3 second(s)

2022-07-27 16:06:24 - [MESSAGE][PASSED] - search.filterQueryCheck.clickFilterUnclick is PASSED

2022-07-27 16:06:24 - [TEST_STEP][PASSED] - closeBrowser(): Browser is closed

2022-07-27 16:06:25 - [MESSAGE][PASSED] - Browser is closed]]></system-out>
         <system-err><![CDATA[]]></system-err>
      </testcase>
      <testcase name="Test Cases/Mobile Tests/SearchPage/units-sidebar-filter-mobile/promocje-query-mobile" time="105.008" classname="Test Cases/Mobile Tests/SearchPage/units-sidebar-filter-mobile/promocje-query-mobile" status="PASSED">
         <system-out><![CDATA[2022-07-27 16:06:49 - [TEST_CASE][PASSED] - Test Cases/Mobile Tests/SearchPage/units-sidebar-filter-mobile/promocje-query-mobile: Test Cases/Mobile Tests/SearchPage/units-sidebar-filter-mobile/promocje-query-mobile

2022-07-27 16:06:49 - [TEST_STEP][PASSED] - System.setProperty("webdriver.chrome.driver", getChromeDriverPath()): null

2022-07-27 16:06:49 - [TEST_STEP][PASSED] - mobileEmulation = new java.util.HashMap(): null

2022-07-27 16:06:49 - [TEST_STEP][PASSED] - mobileEmulation.put("deviceName", mobileDevice): null

2022-07-27 16:06:49 - [TEST_STEP][PASSED] - chromeOptions = new org.openqa.selenium.chrome.ChromeOptions(): null

2022-07-27 16:06:49 - [TEST_STEP][PASSED] - chromeOptions.setExperimentalOption("mobileEmulation", mobileEmulation): null

2022-07-27 16:06:49 - [TEST_STEP][PASSED] - driver = new org.openqa.selenium.chrome.ChromeDriver(chromeOptions): null

2022-07-27 16:06:50 - [TEST_STEP][PASSED] - changeWebDriver(driver): null

2022-07-27 16:06:50 - [TEST_STEP][PASSED] - navigate().to("https://r.pl/szukaj"): null

2022-07-27 16:06:53 - [TEST_STEP][PASSED] - click(findTestObject("Object Repository/SzukajPage/ZamknijCiastka")): Object: 'Object Repository/SzukajPage/ZamknijCiastka' is clicked on

2022-07-27 16:06:53 - [MESSAGE][PASSED] - Object: 'Object Repository/SzukajPage/ZamknijCiastka' is clicked on

2022-07-27 16:06:53 - [TEST_STEP][PASSED] - click(findTestObject("Object Repository/Mobile Objects/SearchPage/filtry-boczne/pokaz-filtry-mobile-btn")): Object: 'Object Repository/Mobile Objects/SearchPage/filtry-boczne/pokaz-filtry-mobile-btn' is clicked on

2022-07-27 16:06:54 - [MESSAGE][PASSED] - Object: 'Object Repository/Mobile Objects/SearchPage/filtry-boczne/pokaz-filtry-mobile-btn' is clicked on

2022-07-27 16:06:54 - [TEST_STEP][PASSED] - enableSmartWait(): null

2022-07-27 16:06:54 - [TEST_STEP][PASSED] - comment("Promocje"): Promocje

2022-07-27 16:06:54 - [MESSAGE][INFO] - Promocje

2022-07-27 16:06:54 - [TEST_STEP][PASSED] - scrollToElement(findTestObject("Mobile Objects/SearchPage/filtry-boczne/akordeon-btn/Tematyka-akordeon"), 2): Scroll to object 'Object Repository/Mobile Objects/SearchPage/filtry-boczne/akordeon-btn/Tematyka-akordeon' successfully

2022-07-27 16:06:54 - [MESSAGE][PASSED] - Scroll to object 'Object Repository/Mobile Objects/SearchPage/filtry-boczne/akordeon-btn/Tematyka-akordeon' successfully

2022-07-27 16:06:54 - [TEST_STEP][PASSED] - click(findTestObject("Mobile Objects/SearchPage/filtry-boczne/akordeon-btn/Promocje-akordeon")): Object: 'Object Repository/Mobile Objects/SearchPage/filtry-boczne/akordeon-btn/Promocje-akordeon' is clicked on

2022-07-27 16:06:54 - [MESSAGE][PASSED] - Object: 'Object Repository/Mobile Objects/SearchPage/filtry-boczne/akordeon-btn/Promocje-akordeon' is clicked on

2022-07-27 16:06:54 - [TEST_STEP][PASSED] - scrollToElement(findTestObject("Mobile Objects/SearchPage/filtry-boczne/akordeon-btn/Promocje-akordeon"), 2): Scroll to object 'Object Repository/Mobile Objects/SearchPage/filtry-boczne/akordeon-btn/Promocje-akordeon' successfully

2022-07-27 16:06:54 - [MESSAGE][PASSED] - Scroll to object 'Object Repository/Mobile Objects/SearchPage/filtry-boczne/akordeon-btn/Promocje-akordeon' successfully

2022-07-27 16:06:54 - [TEST_STEP][PASSED] - waitForElementClickable(findTestObject("Mobile Objects/SearchPage/filtry-boczne/promocje/Egzotyka 22-23 Second Minute"), 0): Object 'Object Repository/Mobile Objects/SearchPage/filtry-boczne/promocje/Egzotyka 22-23 Second Minute' is clickable

2022-07-27 16:06:54 - [MESSAGE][WARNING] - Timeout '0' is invalid. Using default page load timeout: '60'

2022-07-27 16:06:54 - [MESSAGE][PASSED] - Object 'Object Repository/Mobile Objects/SearchPage/filtry-boczne/promocje/Egzotyka 22-23 Second Minute' is clickable

2022-07-27 16:06:54 - [TEST_STEP][PASSED] - search.filterQueryCheck.clickFilterUnclick(findTestObject("Mobile Objects/SearchPage/filtry-boczne/promocje/Egzotyka 22-23 Second Minute"), timeout, 12, promocje[0]): search.filterQueryCheck.clickFilterUnclick is PASSED

2022-07-27 16:06:54 - [MESSAGE][PASSED] - Object: 'Object Repository/Mobile Objects/SearchPage/filtry-boczne/promocje/Egzotyka 22-23 Second Minute' is clicked on

2022-07-27 16:07:00 - [MESSAGE][PASSED] - Delayed 6 second(s)

2022-07-27 16:07:00 - [MESSAGE][PASSED] - Current window's url is: 'https://r.pl/szukaj?datyUrodzenia[]=1992-01-01&datyUrodzenia[]=1992-01-01&liczbaPokoi=1&sortowanie=popularne-desc&widok=filter&cena[]=avg&dlugoscPobytu[]=%2A-%2A&typTransportu[]=AIR&typTransportu[]=dreamliner&promocja[]=egzotyka-22-23-second-minute'

2022-07-27 16:07:01 - [MESSAGE][PASSED] - Object: 'Object Repository/Mobile Objects/SearchPage/filtry-boczne/promocje/Egzotyka 22-23 Second Minute' is clicked on

2022-07-27 16:07:07 - [MESSAGE][PASSED] - Delayed 6 second(s)

2022-07-27 16:07:07 - [MESSAGE][PASSED] - search.filterQueryCheck.clickFilterUnclick is PASSED

2022-07-27 16:07:07 - [TEST_STEP][PASSED] - if (getText(findTestObject("Mobile Objects/SearchPage/filtry-boczne/promocje/Happy Hours")) == "Happy Hours"): null

2022-07-27 16:07:07 - [MESSAGE][PASSED] - Text of object 'Object Repository/Mobile Objects/SearchPage/filtry-boczne/promocje/Happy Hours' is: 'Happy Hours'

2022-07-27 16:07:07 - [TEST_STEP][PASSED] - search.filterQueryCheck.clickFilterUnclick(findTestObject("Mobile Objects/SearchPage/filtry-boczne/promocje/podczas-hh/Happy Hours"), timeout, 12, promocje[1]): search.filterQueryCheck.clickFilterUnclick is PASSED

2022-07-27 16:07:07 - [MESSAGE][PASSED] - Object: 'Object Repository/Mobile Objects/SearchPage/filtry-boczne/promocje/podczas-hh/Happy Hours' is clicked on

2022-07-27 16:07:13 - [MESSAGE][PASSED] - Delayed 6 second(s)

2022-07-27 16:07:13 - [MESSAGE][PASSED] - Current window's url is: 'https://r.pl/szukaj?datyUrodzenia[]=1992-01-01&datyUrodzenia[]=1992-01-01&liczbaPokoi=1&sortowanie=popularne-desc&widok=filter&cena[]=avg&dlugoscPobytu[]=%2A-%2A&typTransportu[]=AIR&typTransportu[]=dreamliner&promocja[]=happy-hours'

2022-07-27 16:07:13 - [MESSAGE][PASSED] - Object: 'Object Repository/Mobile Objects/SearchPage/filtry-boczne/promocje/podczas-hh/Happy Hours' is clicked on

2022-07-27 16:07:19 - [MESSAGE][PASSED] - Delayed 6 second(s)

2022-07-27 16:07:19 - [MESSAGE][PASSED] - search.filterQueryCheck.clickFilterUnclick is PASSED

2022-07-27 16:07:19 - [TEST_STEP][PASSED] - search.filterQueryCheck.clickFilterUnclick(findTestObject("Mobile Objects/SearchPage/filtry-boczne/promocje/podczas-hh/Przedsmak Lata"), timeout, 12, promocje[2]): search.filterQueryCheck.clickFilterUnclick is PASSED

2022-07-27 16:07:19 - [MESSAGE][PASSED] - Object: 'Object Repository/Mobile Objects/SearchPage/filtry-boczne/promocje/podczas-hh/Przedsmak Lata' is clicked on

2022-07-27 16:07:25 - [MESSAGE][PASSED] - Delayed 6 second(s)

2022-07-27 16:07:25 - [MESSAGE][PASSED] - Current window's url is: 'https://r.pl/szukaj?datyUrodzenia[]=1992-01-01&datyUrodzenia[]=1992-01-01&liczbaPokoi=1&sortowanie=popularne-desc&widok=filter&cena[]=avg&dlugoscPobytu[]=%2A-%2A&typTransportu[]=AIR&typTransportu[]=dreamliner&promocja[]=przedsmak-lata'

2022-07-27 16:07:25 - [MESSAGE][PASSED] - Object: 'Object Repository/Mobile Objects/SearchPage/filtry-boczne/promocje/podczas-hh/Przedsmak Lata' is clicked on

2022-07-27 16:07:31 - [MESSAGE][PASSED] - Delayed 6 second(s)

2022-07-27 16:07:31 - [MESSAGE][PASSED] - search.filterQueryCheck.clickFilterUnclick is PASSED

2022-07-27 16:07:31 - [TEST_STEP][PASSED] - search.filterQueryCheck.clickFilterUnclick(findTestObject("Mobile Objects/SearchPage/filtry-boczne/promocje/podczas-hh/Topniejce Rabaty"), timeout, 12, promocje[3]): search.filterQueryCheck.clickFilterUnclick is PASSED

2022-07-27 16:07:32 - [MESSAGE][PASSED] - Object: 'Object Repository/Mobile Objects/SearchPage/filtry-boczne/promocje/podczas-hh/Topniejce Rabaty' is clicked on

2022-07-27 16:07:38 - [MESSAGE][PASSED] - Delayed 6 second(s)

2022-07-27 16:07:38 - [MESSAGE][PASSED] - Current window's url is: 'https://r.pl/szukaj?datyUrodzenia[]=1992-01-01&datyUrodzenia[]=1992-01-01&liczbaPokoi=1&sortowanie=popularne-desc&widok=filter&cena[]=avg&dlugoscPobytu[]=%2A-%2A&typTransportu[]=AIR&typTransportu[]=dreamliner&promocja[]=topniejace-rabaty'

2022-07-27 16:07:38 - [MESSAGE][PASSED] - Object: 'Object Repository/Mobile Objects/SearchPage/filtry-boczne/promocje/podczas-hh/Topniejce Rabaty' is clicked on

2022-07-27 16:07:44 - [MESSAGE][PASSED] - Delayed 6 second(s)

2022-07-27 16:07:44 - [MESSAGE][PASSED] - search.filterQueryCheck.clickFilterUnclick is PASSED

2022-07-27 16:07:44 - [TEST_STEP][PASSED] - search.filterQueryCheck.clickFilterUnclick(findTestObject("Mobile Objects/SearchPage/filtry-boczne/promocje/podczas-hh/Egzotyka 2223 - przedsprzeda"), timeout, 12, promocje[4]): search.filterQueryCheck.clickFilterUnclick is PASSED

2022-07-27 16:07:44 - [MESSAGE][PASSED] - Object: 'Object Repository/Mobile Objects/SearchPage/filtry-boczne/promocje/podczas-hh/Egzotyka 2223 - przedsprzeda' is clicked on

2022-07-27 16:07:50 - [MESSAGE][PASSED] - Delayed 6 second(s)

2022-07-27 16:07:50 - [MESSAGE][PASSED] - Current window's url is: 'https://r.pl/szukaj?datyUrodzenia[]=1992-01-01&datyUrodzenia[]=1992-01-01&liczbaPokoi=1&sortowanie=popularne-desc&widok=filter&cena[]=avg&dlugoscPobytu[]=%2A-%2A&typTransportu[]=AIR&typTransportu[]=dreamliner&promocja[]=egzotyka-22-23-przedsprzedaz'

2022-07-27 16:07:50 - [MESSAGE][PASSED] - Object: 'Object Repository/Mobile Objects/SearchPage/filtry-boczne/promocje/podczas-hh/Egzotyka 2223 - przedsprzeda' is clicked on

2022-07-27 16:07:56 - [MESSAGE][PASSED] - Delayed 6 second(s)

2022-07-27 16:07:56 - [MESSAGE][PASSED] - search.filterQueryCheck.clickFilterUnclick is PASSED

2022-07-27 16:07:56 - [TEST_STEP][PASSED] - search.filterQueryCheck.clickFilterUnclick(findTestObject("Mobile Objects/SearchPage/filtry-boczne/promocje/podczas-hh/Last minute"), timeout, 12, promocje[5]): search.filterQueryCheck.clickFilterUnclick is PASSED

2022-07-27 16:07:56 - [MESSAGE][PASSED] - Object: 'Object Repository/Mobile Objects/SearchPage/filtry-boczne/promocje/podczas-hh/Last minute' is clicked on

2022-07-27 16:08:02 - [MESSAGE][PASSED] - Delayed 6 second(s)

2022-07-27 16:08:02 - [MESSAGE][PASSED] - Current window's url is: 'https://r.pl/last-minute?datyUrodzenia[]=1992-01-01&datyUrodzenia[]=1992-01-01&liczbaPokoi=1&sortowanie=popularne-desc&widok=filter&cena[]=avg&dlugoscPobytu[]=%2A-%2A&typTransportu[]=AIR&typTransportu[]=dreamliner&promocja[]=last-minute'

2022-07-27 16:08:02 - [MESSAGE][PASSED] - Object: 'Object Repository/Mobile Objects/SearchPage/filtry-boczne/promocje/podczas-hh/Last minute' is clicked on

2022-07-27 16:08:08 - [MESSAGE][PASSED] - Delayed 6 second(s)

2022-07-27 16:08:08 - [MESSAGE][PASSED] - search.filterQueryCheck.clickFilterUnclick is PASSED

2022-07-27 16:08:08 - [TEST_STEP][PASSED] - search.filterQueryCheck.clickFilterUnclick(findTestObject("Mobile Objects/SearchPage/filtry-boczne/promocje/podczas-hh/Single nie placa"), timeout, 12, promocje[6]): search.filterQueryCheck.clickFilterUnclick is PASSED

2022-07-27 16:08:09 - [MESSAGE][PASSED] - Object: 'Object Repository/Mobile Objects/SearchPage/filtry-boczne/promocje/podczas-hh/Single nie placa' is clicked on

2022-07-27 16:08:15 - [MESSAGE][PASSED] - Delayed 6 second(s)

2022-07-27 16:08:15 - [MESSAGE][PASSED] - Current window's url is: 'https://r.pl/szukaj?datyUrodzenia[]=1992-01-01&datyUrodzenia[]=1992-01-01&liczbaPokoi=1&sortowanie=popularne-desc&widok=filter&cena[]=avg&dlugoscPobytu[]=%2A-%2A&typTransportu[]=AIR&typTransportu[]=dreamliner&promocja[]=single-nie-placa'

2022-07-27 16:08:15 - [MESSAGE][PASSED] - Object: 'Object Repository/Mobile Objects/SearchPage/filtry-boczne/promocje/podczas-hh/Single nie placa' is clicked on

2022-07-27 16:08:21 - [MESSAGE][PASSED] - Delayed 6 second(s)

2022-07-27 16:08:21 - [MESSAGE][PASSED] - search.filterQueryCheck.clickFilterUnclick is PASSED

2022-07-27 16:08:21 - [TEST_STEP][PASSED] - search.filterQueryCheck.clickFilterUnclick(findTestObject("Mobile Objects/SearchPage/filtry-boczne/promocje/podczas-hh/Super sroda"), timeout, 12, promocje[7]): search.filterQueryCheck.clickFilterUnclick is PASSED

2022-07-27 16:08:21 - [MESSAGE][PASSED] - Object: 'Object Repository/Mobile Objects/SearchPage/filtry-boczne/promocje/podczas-hh/Super sroda' is clicked on

2022-07-27 16:08:27 - [MESSAGE][PASSED] - Delayed 6 second(s)

2022-07-27 16:08:27 - [MESSAGE][PASSED] - Current window's url is: 'https://r.pl/szukaj?datyUrodzenia[]=1992-01-01&datyUrodzenia[]=1992-01-01&liczbaPokoi=1&sortowanie=popularne-desc&widok=filter&cena[]=avg&dlugoscPobytu[]=%2A-%2A&typTransportu[]=AIR&typTransportu[]=dreamliner&promocja[]=super-sroda'

2022-07-27 16:08:27 - [MESSAGE][PASSED] - Object: 'Object Repository/Mobile Objects/SearchPage/filtry-boczne/promocje/podczas-hh/Super sroda' is clicked on

2022-07-27 16:08:33 - [MESSAGE][PASSED] - Delayed 6 second(s)

2022-07-27 16:08:33 - [MESSAGE][PASSED] - search.filterQueryCheck.clickFilterUnclick is PASSED

2022-07-27 16:08:33 - [TEST_STEP][PASSED] - closeBrowser(): Browser is closed

2022-07-27 16:08:34 - [MESSAGE][PASSED] - Browser is closed]]></system-out>
         <system-err><![CDATA[]]></system-err>
      </testcase>
      <testcase name="Test Cases/Mobile Tests/SearchPage/units-sidebar-filter-mobile/rodzaj-hotelu-query-mobile" time="44.602" classname="Test Cases/Mobile Tests/SearchPage/units-sidebar-filter-mobile/rodzaj-hotelu-query-mobile" status="PASSED">
         <system-out><![CDATA[2022-07-27 16:08:34 - [TEST_CASE][PASSED] - Test Cases/Mobile Tests/SearchPage/units-sidebar-filter-mobile/rodzaj-hotelu-query-mobile: Test Cases/Mobile Tests/SearchPage/units-sidebar-filter-mobile/rodzaj-hotelu-query-mobile

2022-07-27 16:08:34 - [TEST_STEP][PASSED] - System.setProperty("webdriver.chrome.driver", getChromeDriverPath()): null

2022-07-27 16:08:34 - [TEST_STEP][PASSED] - mobileEmulation = new java.util.HashMap(): null

2022-07-27 16:08:34 - [TEST_STEP][PASSED] - mobileEmulation.put("deviceName", mobileDevice): null

2022-07-27 16:08:34 - [TEST_STEP][PASSED] - chromeOptions = new org.openqa.selenium.chrome.ChromeOptions(): null

2022-07-27 16:08:34 - [TEST_STEP][PASSED] - chromeOptions.setExperimentalOption("mobileEmulation", mobileEmulation): null

2022-07-27 16:08:34 - [TEST_STEP][PASSED] - driver = new org.openqa.selenium.chrome.ChromeDriver(chromeOptions): null

2022-07-27 16:08:36 - [TEST_STEP][PASSED] - changeWebDriver(driver): null

2022-07-27 16:08:36 - [TEST_STEP][PASSED] - navigate().to("https://r.pl/szukaj"): null

2022-07-27 16:08:39 - [TEST_STEP][PASSED] - click(findTestObject("Object Repository/SzukajPage/ZamknijCiastka")): Object: 'Object Repository/SzukajPage/ZamknijCiastka' is clicked on

2022-07-27 16:08:39 - [MESSAGE][PASSED] - Object: 'Object Repository/SzukajPage/ZamknijCiastka' is clicked on

2022-07-27 16:08:39 - [TEST_STEP][PASSED] - click(findTestObject("Object Repository/Mobile Objects/SearchPage/filtry-boczne/pokaz-filtry-mobile-btn")): Object: 'Object Repository/Mobile Objects/SearchPage/filtry-boczne/pokaz-filtry-mobile-btn' is clicked on

2022-07-27 16:08:39 - [MESSAGE][PASSED] - Object: 'Object Repository/Mobile Objects/SearchPage/filtry-boczne/pokaz-filtry-mobile-btn' is clicked on

2022-07-27 16:08:39 - [TEST_STEP][PASSED] - enableSmartWait(): null

2022-07-27 16:08:39 - [TEST_STEP][PASSED] - comment("Rodzaj hotelu"): Rodzaj hotelu

2022-07-27 16:08:39 - [MESSAGE][INFO] - Rodzaj hotelu

2022-07-27 16:08:39 - [TEST_STEP][PASSED] - scrollToElement(findTestObject("Mobile Objects/SearchPage/filtry-boczne/dokumenty/Bez wizy"), 2): Scroll to object 'Object Repository/Mobile Objects/SearchPage/filtry-boczne/dokumenty/Bez wizy' successfully

2022-07-27 16:08:40 - [MESSAGE][PASSED] - Scroll to object 'Object Repository/Mobile Objects/SearchPage/filtry-boczne/dokumenty/Bez wizy' successfully

2022-07-27 16:08:40 - [TEST_STEP][PASSED] - search.filterQueryCheck.clickFilterUnclick(findTestObject("Mobile Objects/SearchPage/filtry-boczne/rodzaj-hotelu/Nowosc"), timeout, 9, rodzajHotelu[0]): search.filterQueryCheck.clickFilterUnclick is PASSED

2022-07-27 16:08:40 - [MESSAGE][PASSED] - Object: 'Object Repository/Mobile Objects/SearchPage/filtry-boczne/rodzaj-hotelu/Nowosc' is clicked on

2022-07-27 16:08:43 - [MESSAGE][PASSED] - Delayed 3 second(s)

2022-07-27 16:08:43 - [MESSAGE][PASSED] - Current window's url is: 'https://r.pl/szukaj?datyUrodzenia[]=1992-01-01&datyUrodzenia[]=1992-01-01&liczbaPokoi=1&sortowanie=popularne-desc&widok=filter&cena[]=avg&dlugoscPobytu[]=%2A-%2A&typTransportu[]=AIR&typTransportu[]=dreamliner&atrybutCharakterystyka[]=nowosc'

2022-07-27 16:08:43 - [MESSAGE][PASSED] - Object: 'Object Repository/Mobile Objects/SearchPage/filtry-boczne/rodzaj-hotelu/Nowosc' is clicked on

2022-07-27 16:08:46 - [MESSAGE][PASSED] - Delayed 3 second(s)

2022-07-27 16:08:46 - [MESSAGE][PASSED] - search.filterQueryCheck.clickFilterUnclick is PASSED

2022-07-27 16:08:46 - [TEST_STEP][PASSED] - search.filterQueryCheck.clickFilterUnclick(findTestObject("Mobile Objects/SearchPage/filtry-boczne/rodzaj-hotelu/Hotel Premium"), timeout, 9, rodzajHotelu[1]): search.filterQueryCheck.clickFilterUnclick is PASSED

2022-07-27 16:08:46 - [MESSAGE][PASSED] - Object: 'Object Repository/Mobile Objects/SearchPage/filtry-boczne/rodzaj-hotelu/Hotel Premium' is clicked on

2022-07-27 16:08:49 - [MESSAGE][PASSED] - Delayed 3 second(s)

2022-07-27 16:08:49 - [MESSAGE][PASSED] - Current window's url is: 'https://r.pl/szukaj?datyUrodzenia[]=1992-01-01&datyUrodzenia[]=1992-01-01&liczbaPokoi=1&sortowanie=popularne-desc&widok=filter&cena[]=avg&dlugoscPobytu[]=%2A-%2A&typTransportu[]=AIR&typTransportu[]=dreamliner&atrybutCharakterystyka[]=hotel-premium'

2022-07-27 16:08:49 - [MESSAGE][PASSED] - Object: 'Object Repository/Mobile Objects/SearchPage/filtry-boczne/rodzaj-hotelu/Hotel Premium' is clicked on

2022-07-27 16:08:52 - [MESSAGE][PASSED] - Delayed 3 second(s)

2022-07-27 16:08:52 - [MESSAGE][PASSED] - search.filterQueryCheck.clickFilterUnclick is PASSED

2022-07-27 16:08:52 - [TEST_STEP][PASSED] - search.filterQueryCheck.clickFilterUnclick(findTestObject("Mobile Objects/SearchPage/filtry-boczne/rodzaj-hotelu/Rodzinny"), timeout, 9, rodzajHotelu[2]): search.filterQueryCheck.clickFilterUnclick is PASSED

2022-07-27 16:08:53 - [MESSAGE][PASSED] - Object: 'Object Repository/Mobile Objects/SearchPage/filtry-boczne/rodzaj-hotelu/Rodzinny' is clicked on

2022-07-27 16:08:56 - [MESSAGE][PASSED] - Delayed 3 second(s)

2022-07-27 16:08:56 - [MESSAGE][PASSED] - Current window's url is: 'https://r.pl/szukaj?datyUrodzenia[]=1992-01-01&datyUrodzenia[]=1992-01-01&liczbaPokoi=1&sortowanie=popularne-desc&widok=filter&cena[]=avg&dlugoscPobytu[]=%2A-%2A&typTransportu[]=AIR&typTransportu[]=dreamliner&atrybutCharakterystyka[]=rodzinny'

2022-07-27 16:08:56 - [MESSAGE][PASSED] - Object: 'Object Repository/Mobile Objects/SearchPage/filtry-boczne/rodzaj-hotelu/Rodzinny' is clicked on

2022-07-27 16:08:59 - [MESSAGE][PASSED] - Delayed 3 second(s)

2022-07-27 16:08:59 - [MESSAGE][PASSED] - search.filterQueryCheck.clickFilterUnclick is PASSED

2022-07-27 16:08:59 - [TEST_STEP][PASSED] - search.filterQueryCheck.clickFilterUnclick(findTestObject("Mobile Objects/SearchPage/filtry-boczne/rodzaj-hotelu/Dla doroslych"), timeout, 9, rodzajHotelu[3]): search.filterQueryCheck.clickFilterUnclick is PASSED

2022-07-27 16:08:59 - [MESSAGE][PASSED] - Object: 'Object Repository/Mobile Objects/SearchPage/filtry-boczne/rodzaj-hotelu/Dla doroslych' is clicked on

2022-07-27 16:09:02 - [MESSAGE][PASSED] - Delayed 3 second(s)

2022-07-27 16:09:02 - [MESSAGE][PASSED] - Current window's url is: 'https://r.pl/szukaj?datyUrodzenia[]=1992-01-01&datyUrodzenia[]=1992-01-01&liczbaPokoi=1&sortowanie=popularne-desc&widok=filter&cena[]=avg&dlugoscPobytu[]=%2A-%2A&typTransportu[]=AIR&typTransportu[]=dreamliner&atrybutCharakterystyka[]=dla-doroslych'

2022-07-27 16:09:02 - [MESSAGE][PASSED] - Object: 'Object Repository/Mobile Objects/SearchPage/filtry-boczne/rodzaj-hotelu/Dla doroslych' is clicked on

2022-07-27 16:09:05 - [MESSAGE][PASSED] - Delayed 3 second(s)

2022-07-27 16:09:05 - [MESSAGE][PASSED] - search.filterQueryCheck.clickFilterUnclick is PASSED

2022-07-27 16:09:05 - [TEST_STEP][PASSED] - search.filterQueryCheck.clickFilterUnclick(findTestObject("Mobile Objects/SearchPage/filtry-boczne/rodzaj-hotelu/Siec White Olive"), timeout, 9, rodzajHotelu[4]): search.filterQueryCheck.clickFilterUnclick is PASSED

2022-07-27 16:09:05 - [MESSAGE][PASSED] - Object: 'Object Repository/Mobile Objects/SearchPage/filtry-boczne/rodzaj-hotelu/Siec White Olive' is clicked on

2022-07-27 16:09:08 - [MESSAGE][PASSED] - Delayed 3 second(s)

2022-07-27 16:09:08 - [MESSAGE][PASSED] - Current window's url is: 'https://r.pl/szukaj?datyUrodzenia[]=1992-01-01&datyUrodzenia[]=1992-01-01&liczbaPokoi=1&sortowanie=popularne-desc&widok=filter&cena[]=avg&dlugoscPobytu[]=%2A-%2A&typTransportu[]=AIR&typTransportu[]=dreamliner&atrybutCharakterystyka[]=white-olive'

2022-07-27 16:09:08 - [MESSAGE][PASSED] - Object: 'Object Repository/Mobile Objects/SearchPage/filtry-boczne/rodzaj-hotelu/Siec White Olive' is clicked on

2022-07-27 16:09:12 - [MESSAGE][PASSED] - Delayed 3 second(s)

2022-07-27 16:09:12 - [MESSAGE][PASSED] - search.filterQueryCheck.clickFilterUnclick is PASSED

2022-07-27 16:09:12 - [TEST_STEP][PASSED] - search.filterQueryCheck.clickFilterUnclick(findTestObject("Mobile Objects/SearchPage/filtry-boczne/rodzaj-hotelu/Hotel Elite"), timeout, 9, rodzajHotelu[5]): search.filterQueryCheck.clickFilterUnclick is PASSED

2022-07-27 16:09:12 - [MESSAGE][PASSED] - Object: 'Object Repository/Mobile Objects/SearchPage/filtry-boczne/rodzaj-hotelu/Hotel Elite' is clicked on

2022-07-27 16:09:15 - [MESSAGE][PASSED] - Delayed 3 second(s)

2022-07-27 16:09:15 - [MESSAGE][PASSED] - Current window's url is: 'https://r.pl/szukaj?datyUrodzenia[]=1992-01-01&datyUrodzenia[]=1992-01-01&liczbaPokoi=1&sortowanie=popularne-desc&widok=filter&cena[]=avg&dlugoscPobytu[]=%2A-%2A&typTransportu[]=AIR&typTransportu[]=dreamliner&atrybutCharakterystyka[]=hotel-elite'

2022-07-27 16:09:15 - [MESSAGE][PASSED] - Object: 'Object Repository/Mobile Objects/SearchPage/filtry-boczne/rodzaj-hotelu/Hotel Elite' is clicked on

2022-07-27 16:09:18 - [MESSAGE][PASSED] - Delayed 3 second(s)

2022-07-27 16:09:18 - [MESSAGE][PASSED] - search.filterQueryCheck.clickFilterUnclick is PASSED

2022-07-27 16:09:18 - [TEST_STEP][PASSED] - closeBrowser(): Browser is closed

2022-07-27 16:09:19 - [MESSAGE][PASSED] - Browser is closed]]></system-out>
         <system-err><![CDATA[]]></system-err>
      </testcase>
      <testcase name="Test Cases/Mobile Tests/SearchPage/units-sidebar-filter-mobile/sezon-query-mobile" time="20.492" classname="Test Cases/Mobile Tests/SearchPage/units-sidebar-filter-mobile/sezon-query-mobile" status="PASSED">
         <system-out><![CDATA[2022-07-27 16:09:19 - [TEST_CASE][PASSED] - Test Cases/Mobile Tests/SearchPage/units-sidebar-filter-mobile/sezon-query-mobile: Test Cases/Mobile Tests/SearchPage/units-sidebar-filter-mobile/sezon-query-mobile

2022-07-27 16:09:19 - [TEST_STEP][PASSED] - System.setProperty("webdriver.chrome.driver", getChromeDriverPath()): null

2022-07-27 16:09:19 - [TEST_STEP][PASSED] - mobileEmulation = new java.util.HashMap(): null

2022-07-27 16:09:19 - [TEST_STEP][PASSED] - mobileEmulation.put("deviceName", mobileDevice): null

2022-07-27 16:09:19 - [TEST_STEP][PASSED] - chromeOptions = new org.openqa.selenium.chrome.ChromeOptions(): null

2022-07-27 16:09:19 - [TEST_STEP][PASSED] - chromeOptions.setExperimentalOption("mobileEmulation", mobileEmulation): null

2022-07-27 16:09:19 - [TEST_STEP][PASSED] - driver = new org.openqa.selenium.chrome.ChromeDriver(chromeOptions): null

2022-07-27 16:09:22 - [TEST_STEP][PASSED] - changeWebDriver(driver): null

2022-07-27 16:09:22 - [TEST_STEP][PASSED] - navigate().to("https://r.pl/szukaj"): null

2022-07-27 16:09:25 - [TEST_STEP][PASSED] - click(findTestObject("Object Repository/SzukajPage/ZamknijCiastka")): Object: 'Object Repository/SzukajPage/ZamknijCiastka' is clicked on

2022-07-27 16:09:25 - [MESSAGE][PASSED] - Object: 'Object Repository/SzukajPage/ZamknijCiastka' is clicked on

2022-07-27 16:09:25 - [TEST_STEP][PASSED] - click(findTestObject("Object Repository/Mobile Objects/SearchPage/filtry-boczne/pokaz-filtry-mobile-btn")): Object: 'Object Repository/Mobile Objects/SearchPage/filtry-boczne/pokaz-filtry-mobile-btn' is clicked on

2022-07-27 16:09:25 - [MESSAGE][PASSED] - Object: 'Object Repository/Mobile Objects/SearchPage/filtry-boczne/pokaz-filtry-mobile-btn' is clicked on

2022-07-27 16:09:25 - [TEST_STEP][PASSED] - enableSmartWait(): null

2022-07-27 16:09:25 - [TEST_STEP][PASSED] - comment("Sezon"): Sezon

2022-07-27 16:09:25 - [MESSAGE][INFO] - Sezon

2022-07-27 16:09:25 - [TEST_STEP][PASSED] - scrollToElement(findTestObject("Mobile Objects/SearchPage/filtry-boczne/ocena-klientow/Dowolna"), 0): Scroll to object 'Object Repository/Mobile Objects/SearchPage/filtry-boczne/ocena-klientow/Dowolna' successfully

2022-07-27 16:09:26 - [MESSAGE][WARNING] - Timeout '0' is invalid. Using default page load timeout: '60'

2022-07-27 16:09:26 - [MESSAGE][PASSED] - Scroll to object 'Object Repository/Mobile Objects/SearchPage/filtry-boczne/ocena-klientow/Dowolna' successfully

2022-07-27 16:09:26 - [TEST_STEP][PASSED] - search.filterQueryCheck.clickFilterUnclick(findTestObject("Mobile Objects/SearchPage/filtry-boczne/sezon/Lato 2022"), timeout, 6, sezon[0]): search.filterQueryCheck.clickFilterUnclick is PASSED

2022-07-27 16:09:26 - [MESSAGE][PASSED] - Object: 'Object Repository/Mobile Objects/SearchPage/filtry-boczne/sezon/Lato 2022' is clicked on

2022-07-27 16:09:29 - [MESSAGE][PASSED] - Delayed 3 second(s)

2022-07-27 16:09:29 - [MESSAGE][PASSED] - Current window's url is: 'https://r.pl/szukaj?datyUrodzenia[]=1992-01-01&datyUrodzenia[]=1992-01-01&liczbaPokoi=1&sortowanie=popularne-desc&widok=filter&cena[]=avg&dlugoscPobytu[]=%2A-%2A&typTransportu[]=AIR&typTransportu[]=dreamliner&sezon[]=lato-2022'

2022-07-27 16:09:29 - [MESSAGE][PASSED] - Object: 'Object Repository/Mobile Objects/SearchPage/filtry-boczne/sezon/Lato 2022' is clicked on

2022-07-27 16:09:32 - [MESSAGE][PASSED] - Delayed 3 second(s)

2022-07-27 16:09:32 - [MESSAGE][PASSED] - search.filterQueryCheck.clickFilterUnclick is PASSED

2022-07-27 16:09:32 - [TEST_STEP][PASSED] - search.filterQueryCheck.clickFilterUnclick(findTestObject("Mobile Objects/SearchPage/filtry-boczne/sezon/Zima 2223"), timeout, 6, sezon[1]): search.filterQueryCheck.clickFilterUnclick is PASSED

2022-07-27 16:09:32 - [MESSAGE][PASSED] - Object: 'Object Repository/Mobile Objects/SearchPage/filtry-boczne/sezon/Zima 2223' is clicked on

2022-07-27 16:09:35 - [MESSAGE][PASSED] - Delayed 3 second(s)

2022-07-27 16:09:35 - [MESSAGE][PASSED] - Current window's url is: 'https://r.pl/szukaj?datyUrodzenia[]=1992-01-01&datyUrodzenia[]=1992-01-01&liczbaPokoi=1&sortowanie=popularne-desc&widok=filter&cena[]=avg&dlugoscPobytu[]=%2A-%2A&typTransportu[]=AIR&typTransportu[]=dreamliner&sezon[]=zima-22_23'

2022-07-27 16:09:35 - [MESSAGE][PASSED] - Object: 'Object Repository/Mobile Objects/SearchPage/filtry-boczne/sezon/Zima 2223' is clicked on

2022-07-27 16:09:38 - [MESSAGE][PASSED] - Delayed 3 second(s)

2022-07-27 16:09:38 - [MESSAGE][PASSED] - search.filterQueryCheck.clickFilterUnclick is PASSED

2022-07-27 16:09:38 - [TEST_STEP][PASSED] - closeBrowser(): Browser is closed

2022-07-27 16:09:39 - [MESSAGE][PASSED] - Browser is closed]]></system-out>
         <system-err><![CDATA[]]></system-err>
      </testcase>
      <testcase name="Test Cases/Mobile Tests/SearchPage/units-sidebar-filter-mobile/standard-hotelu-query-mobile" time="32.407" classname="Test Cases/Mobile Tests/SearchPage/units-sidebar-filter-mobile/standard-hotelu-query-mobile" status="PASSED">
         <system-out><![CDATA[2022-07-27 16:09:39 - [TEST_CASE][PASSED] - Test Cases/Mobile Tests/SearchPage/units-sidebar-filter-mobile/standard-hotelu-query-mobile: Test Cases/Mobile Tests/SearchPage/units-sidebar-filter-mobile/standard-hotelu-query-mobile

2022-07-27 16:09:40 - [TEST_STEP][PASSED] - System.setProperty("webdriver.chrome.driver", getChromeDriverPath()): null

2022-07-27 16:09:40 - [TEST_STEP][PASSED] - mobileEmulation = new java.util.HashMap(): null

2022-07-27 16:09:40 - [TEST_STEP][PASSED] - mobileEmulation.put("deviceName", mobileDevice): null

2022-07-27 16:09:40 - [TEST_STEP][PASSED] - chromeOptions = new org.openqa.selenium.chrome.ChromeOptions(): null

2022-07-27 16:09:40 - [TEST_STEP][PASSED] - chromeOptions.setExperimentalOption("mobileEmulation", mobileEmulation): null

2022-07-27 16:09:40 - [TEST_STEP][PASSED] - driver = new org.openqa.selenium.chrome.ChromeDriver(chromeOptions): null

2022-07-27 16:09:41 - [TEST_STEP][PASSED] - changeWebDriver(driver): null

2022-07-27 16:09:41 - [TEST_STEP][PASSED] - navigate().to("https://r.pl/szukaj"): null

2022-07-27 16:09:44 - [TEST_STEP][PASSED] - click(findTestObject("Object Repository/SzukajPage/ZamknijCiastka")): Object: 'Object Repository/SzukajPage/ZamknijCiastka' is clicked on

2022-07-27 16:09:44 - [MESSAGE][PASSED] - Object: 'Object Repository/SzukajPage/ZamknijCiastka' is clicked on

2022-07-27 16:09:44 - [TEST_STEP][PASSED] - click(findTestObject("Object Repository/Mobile Objects/SearchPage/filtry-boczne/pokaz-filtry-mobile-btn")): Object: 'Object Repository/Mobile Objects/SearchPage/filtry-boczne/pokaz-filtry-mobile-btn' is clicked on

2022-07-27 16:09:44 - [MESSAGE][PASSED] - Object: 'Object Repository/Mobile Objects/SearchPage/filtry-boczne/pokaz-filtry-mobile-btn' is clicked on

2022-07-27 16:09:44 - [TEST_STEP][PASSED] - enableSmartWait(): null

2022-07-27 16:09:44 - [TEST_STEP][PASSED] - comment("Standard hotelu"): Standard hotelu

2022-07-27 16:09:44 - [MESSAGE][INFO] - Standard hotelu

2022-07-27 16:09:44 - [TEST_STEP][PASSED] - scrollToElement(findTestObject("Mobile Objects/SearchPage/filtry-boczne/cena/Za wszystkie osoby"), 2): Scroll to object 'Object Repository/Mobile Objects/SearchPage/filtry-boczne/cena/Za wszystkie osoby' successfully

2022-07-27 16:09:45 - [MESSAGE][PASSED] - Scroll to object 'Object Repository/Mobile Objects/SearchPage/filtry-boczne/cena/Za wszystkie osoby' successfully

2022-07-27 16:09:45 - [TEST_STEP][PASSED] - search.filterQueryCheck.clickFilterUnclick(findTestObject("Mobile Objects/SearchPage/filtry-boczne/standard-hotelu/5-sloneczek"), timeout, 4, standardHotelu[0]): search.filterQueryCheck.clickFilterUnclick is PASSED

2022-07-27 16:09:46 - [MESSAGE][PASSED] - Object: 'Object Repository/Mobile Objects/SearchPage/filtry-boczne/standard-hotelu/5-sloneczek' is clicked on

2022-07-27 16:09:49 - [MESSAGE][PASSED] - Delayed 3 second(s)

2022-07-27 16:09:49 - [MESSAGE][PASSED] - Current window's url is: 'https://r.pl/szukaj?datyUrodzenia[]=1992-01-01&datyUrodzenia[]=1992-01-01&liczbaPokoi=1&sortowanie=popularne-desc&widok=filter&cena[]=avg&dlugoscPobytu[]=%2A-%2A&typTransportu[]=AIR&typTransportu[]=dreamliner&standardHotelu[]=10'

2022-07-27 16:09:49 - [MESSAGE][PASSED] - Object: 'Object Repository/Mobile Objects/SearchPage/filtry-boczne/standard-hotelu/5-sloneczek' is clicked on

2022-07-27 16:09:52 - [MESSAGE][PASSED] - Delayed 3 second(s)

2022-07-27 16:09:52 - [MESSAGE][PASSED] - search.filterQueryCheck.clickFilterUnclick is PASSED

2022-07-27 16:09:52 - [TEST_STEP][PASSED] - search.filterQueryCheck.clickFilterUnclick(findTestObject("Mobile Objects/SearchPage/filtry-boczne/standard-hotelu/4-slonca"), timeout, 4, standardHotelu[1]): search.filterQueryCheck.clickFilterUnclick is PASSED

2022-07-27 16:09:52 - [MESSAGE][PASSED] - Object: 'Object Repository/Mobile Objects/SearchPage/filtry-boczne/standard-hotelu/4-slonca' is clicked on

2022-07-27 16:09:55 - [MESSAGE][PASSED] - Delayed 3 second(s)

2022-07-27 16:09:55 - [MESSAGE][PASSED] - Current window's url is: 'https://r.pl/szukaj?datyUrodzenia[]=1992-01-01&datyUrodzenia[]=1992-01-01&liczbaPokoi=1&sortowanie=popularne-desc&widok=filter&cena[]=avg&dlugoscPobytu[]=%2A-%2A&typTransportu[]=AIR&typTransportu[]=dreamliner&standardHotelu[]=8'

2022-07-27 16:09:55 - [MESSAGE][PASSED] - Object: 'Object Repository/Mobile Objects/SearchPage/filtry-boczne/standard-hotelu/4-slonca' is clicked on

2022-07-27 16:09:58 - [MESSAGE][PASSED] - Delayed 3 second(s)

2022-07-27 16:09:58 - [MESSAGE][PASSED] - search.filterQueryCheck.clickFilterUnclick is PASSED

2022-07-27 16:09:58 - [TEST_STEP][PASSED] - search.filterQueryCheck.clickFilterUnclick(findTestObject("Mobile Objects/SearchPage/filtry-boczne/standard-hotelu/3-slonca"), timeout, 4, standardHotelu[2]): search.filterQueryCheck.clickFilterUnclick is PASSED

2022-07-27 16:09:58 - [MESSAGE][PASSED] - Object: 'Object Repository/Mobile Objects/SearchPage/filtry-boczne/standard-hotelu/3-slonca' is clicked on

2022-07-27 16:10:01 - [MESSAGE][PASSED] - Delayed 3 second(s)

2022-07-27 16:10:01 - [MESSAGE][PASSED] - Current window's url is: 'https://r.pl/szukaj?datyUrodzenia[]=1992-01-01&datyUrodzenia[]=1992-01-01&liczbaPokoi=1&sortowanie=popularne-desc&widok=filter&cena[]=avg&dlugoscPobytu[]=%2A-%2A&typTransportu[]=AIR&typTransportu[]=dreamliner&standardHotelu[]=6'

2022-07-27 16:10:01 - [MESSAGE][PASSED] - Object: 'Object Repository/Mobile Objects/SearchPage/filtry-boczne/standard-hotelu/3-slonca' is clicked on

2022-07-27 16:10:04 - [MESSAGE][PASSED] - Delayed 3 second(s)

2022-07-27 16:10:04 - [MESSAGE][PASSED] - search.filterQueryCheck.clickFilterUnclick is PASSED

2022-07-27 16:10:04 - [TEST_STEP][PASSED] - search.filterQueryCheck.clickFilterUnclick(findTestObject("Mobile Objects/SearchPage/filtry-boczne/standard-hotelu/2-slonca"), timeout, 4, standardHotelu[3]): search.filterQueryCheck.clickFilterUnclick is PASSED

2022-07-27 16:10:05 - [MESSAGE][PASSED] - Object: 'Object Repository/Mobile Objects/SearchPage/filtry-boczne/standard-hotelu/2-slonca' is clicked on

2022-07-27 16:10:08 - [MESSAGE][PASSED] - Delayed 3 second(s)

2022-07-27 16:10:08 - [MESSAGE][PASSED] - Current window's url is: 'https://r.pl/szukaj?datyUrodzenia[]=1992-01-01&datyUrodzenia[]=1992-01-01&liczbaPokoi=1&sortowanie=popularne-desc&widok=filter&cena[]=avg&dlugoscPobytu[]=%2A-%2A&typTransportu[]=AIR&typTransportu[]=dreamliner&standardHotelu[]=4'

2022-07-27 16:10:08 - [MESSAGE][PASSED] - Object: 'Object Repository/Mobile Objects/SearchPage/filtry-boczne/standard-hotelu/2-slonca' is clicked on

2022-07-27 16:10:11 - [MESSAGE][PASSED] - Delayed 3 second(s)

2022-07-27 16:10:11 - [MESSAGE][PASSED] - search.filterQueryCheck.clickFilterUnclick is PASSED

2022-07-27 16:10:11 - [TEST_STEP][PASSED] - closeBrowser(): Browser is closed

2022-07-27 16:10:12 - [MESSAGE][PASSED] - Browser is closed]]></system-out>
         <system-err><![CDATA[]]></system-err>
      </testcase>
      <testcase name="Test Cases/Mobile Tests/SearchPage/units-sidebar-filter-mobile/tematyka-query-mobile" time="82.969" classname="Test Cases/Mobile Tests/SearchPage/units-sidebar-filter-mobile/tematyka-query-mobile" status="PASSED">
         <system-out><![CDATA[2022-07-27 16:10:12 - [TEST_CASE][PASSED] - Test Cases/Mobile Tests/SearchPage/units-sidebar-filter-mobile/tematyka-query-mobile: Test Cases/Mobile Tests/SearchPage/units-sidebar-filter-mobile/tematyka-query-mobile

2022-07-27 16:10:12 - [TEST_STEP][PASSED] - System.setProperty("webdriver.chrome.driver", getChromeDriverPath()): null

2022-07-27 16:10:12 - [TEST_STEP][PASSED] - mobileEmulation = new java.util.HashMap(): null

2022-07-27 16:10:12 - [TEST_STEP][PASSED] - mobileEmulation.put("deviceName", mobileDevice): null

2022-07-27 16:10:12 - [TEST_STEP][PASSED] - chromeOptions = new org.openqa.selenium.chrome.ChromeOptions(): null

2022-07-27 16:10:12 - [TEST_STEP][PASSED] - chromeOptions.setExperimentalOption("mobileEmulation", mobileEmulation): null

2022-07-27 16:10:12 - [TEST_STEP][PASSED] - driver = new org.openqa.selenium.chrome.ChromeDriver(chromeOptions): null

2022-07-27 16:10:13 - [TEST_STEP][PASSED] - changeWebDriver(driver): null

2022-07-27 16:10:13 - [TEST_STEP][PASSED] - navigate().to("https://r.pl/szukaj"): null

2022-07-27 16:10:16 - [TEST_STEP][PASSED] - click(findTestObject("Object Repository/SzukajPage/ZamknijCiastka")): Object: 'Object Repository/SzukajPage/ZamknijCiastka' is clicked on

2022-07-27 16:10:17 - [MESSAGE][PASSED] - Object: 'Object Repository/SzukajPage/ZamknijCiastka' is clicked on

2022-07-27 16:10:17 - [TEST_STEP][PASSED] - click(findTestObject("Object Repository/Mobile Objects/SearchPage/filtry-boczne/pokaz-filtry-mobile-btn")): Object: 'Object Repository/Mobile Objects/SearchPage/filtry-boczne/pokaz-filtry-mobile-btn' is clicked on

2022-07-27 16:10:17 - [MESSAGE][PASSED] - Object: 'Object Repository/Mobile Objects/SearchPage/filtry-boczne/pokaz-filtry-mobile-btn' is clicked on

2022-07-27 16:10:17 - [TEST_STEP][PASSED] - enableSmartWait(): null

2022-07-27 16:10:17 - [TEST_STEP][PASSED] - comment("Tematyka"): Tematyka

2022-07-27 16:10:17 - [MESSAGE][INFO] - Tematyka

2022-07-27 16:10:17 - [TEST_STEP][PASSED] - scrollToElement(findTestObject("Mobile Objects/SearchPage/filtry-boczne/akordeon-btn/Tematyka-akordeon"), 2): Scroll to object 'Object Repository/Mobile Objects/SearchPage/filtry-boczne/akordeon-btn/Tematyka-akordeon' successfully

2022-07-27 16:10:17 - [MESSAGE][PASSED] - Scroll to object 'Object Repository/Mobile Objects/SearchPage/filtry-boczne/akordeon-btn/Tematyka-akordeon' successfully

2022-07-27 16:10:17 - [TEST_STEP][PASSED] - click(findTestObject("Mobile Objects/SearchPage/filtry-boczne/akordeon-btn/Tematyka-akordeon")): Object: 'Object Repository/Mobile Objects/SearchPage/filtry-boczne/akordeon-btn/Tematyka-akordeon' is clicked on

2022-07-27 16:10:17 - [MESSAGE][PASSED] - Object: 'Object Repository/Mobile Objects/SearchPage/filtry-boczne/akordeon-btn/Tematyka-akordeon' is clicked on

2022-07-27 16:10:17 - [TEST_STEP][PASSED] - waitForElementClickable(findTestObject("SzukajPage/SidebarFilters/filter12-1"), 4): Object 'Object Repository/SzukajPage/SidebarFilters/filter12-1' is clickable

2022-07-27 16:10:17 - [MESSAGE][PASSED] - Object 'Object Repository/SzukajPage/SidebarFilters/filter12-1' is clickable

2022-07-27 16:10:17 - [TEST_STEP][PASSED] - search.filterQueryCheck.clickFilterUnclick(findTestObject("Mobile Objects/SearchPage/filtry-boczne/tematyka/City Break"), timeout, 11, tematyka[0]): search.filterQueryCheck.clickFilterUnclick is PASSED

2022-07-27 16:10:17 - [MESSAGE][PASSED] - Object: 'Object Repository/Mobile Objects/SearchPage/filtry-boczne/tematyka/City Break' is clicked on

2022-07-27 16:10:20 - [MESSAGE][PASSED] - Delayed 3 second(s)

2022-07-27 16:10:20 - [MESSAGE][PASSED] - Current window's url is: 'https://r.pl/city-break?datyUrodzenia[]=1992-01-01&datyUrodzenia[]=1992-01-01&liczbaPokoi=1&sortowanie=popularne-desc&widok=filter&cena[]=avg&dlugoscPobytu[]=%2A-%2A&typTransportu[]=AIR&typTransportu[]=dreamliner&atrybutTematyka[]=city-break'

2022-07-27 16:10:21 - [MESSAGE][PASSED] - Object: 'Object Repository/Mobile Objects/SearchPage/filtry-boczne/tematyka/City Break' is clicked on

2022-07-27 16:10:24 - [MESSAGE][PASSED] - Delayed 3 second(s)

2022-07-27 16:10:24 - [MESSAGE][PASSED] - search.filterQueryCheck.clickFilterUnclick is PASSED

2022-07-27 16:10:24 - [TEST_STEP][PASSED] - scrollToElement(findTestObject("Mobile Objects/SearchPage/filtry-boczne/tematyka/City Break"), 2): Scroll to object 'Object Repository/Mobile Objects/SearchPage/filtry-boczne/tematyka/City Break' successfully

2022-07-27 16:10:24 - [MESSAGE][PASSED] - Scroll to object 'Object Repository/Mobile Objects/SearchPage/filtry-boczne/tematyka/City Break' successfully

2022-07-27 16:10:24 - [TEST_STEP][PASSED] - search.filterQueryCheck.clickFilterUnclick(findTestObject("Mobile Objects/SearchPage/filtry-boczne/tematyka/Egzotyka"), timeout, 11, tematyka[1]): search.filterQueryCheck.clickFilterUnclick is PASSED

2022-07-27 16:10:24 - [MESSAGE][PASSED] - Object: 'Object Repository/Mobile Objects/SearchPage/filtry-boczne/tematyka/Egzotyka' is clicked on

2022-07-27 16:10:27 - [MESSAGE][PASSED] - Delayed 3 second(s)

2022-07-27 16:10:27 - [MESSAGE][PASSED] - Current window's url is: 'https://r.pl/egzotyka?datyUrodzenia[]=1992-01-01&datyUrodzenia[]=1992-01-01&liczbaPokoi=1&sortowanie=popularne-desc&widok=filter&cena[]=avg&dlugoscPobytu[]=%2A-%2A&typTransportu[]=AIR&typTransportu[]=dreamliner&atrybutTematyka[]=egzotyka'

2022-07-27 16:10:27 - [MESSAGE][PASSED] - Object: 'Object Repository/Mobile Objects/SearchPage/filtry-boczne/tematyka/Egzotyka' is clicked on

2022-07-27 16:10:30 - [MESSAGE][PASSED] - Delayed 3 second(s)

2022-07-27 16:10:30 - [MESSAGE][PASSED] - search.filterQueryCheck.clickFilterUnclick is PASSED

2022-07-27 16:10:30 - [TEST_STEP][PASSED] - search.filterQueryCheck.clickFilterUnclick(findTestObject("Mobile Objects/SearchPage/filtry-boczne/tematyka/Egzotyka light"), timeout, 11, tematyka[2]): search.filterQueryCheck.clickFilterUnclick is PASSED

2022-07-27 16:10:30 - [MESSAGE][PASSED] - Object: 'Object Repository/Mobile Objects/SearchPage/filtry-boczne/tematyka/Egzotyka light' is clicked on

2022-07-27 16:10:33 - [MESSAGE][PASSED] - Delayed 3 second(s)

2022-07-27 16:10:33 - [MESSAGE][PASSED] - Current window's url is: 'https://r.pl/szukaj?datyUrodzenia[]=1992-01-01&datyUrodzenia[]=1992-01-01&liczbaPokoi=1&sortowanie=popularne-desc&widok=filter&cena[]=avg&dlugoscPobytu[]=%2A-%2A&typTransportu[]=AIR&typTransportu[]=dreamliner&atrybutTematyka[]=egzotyka-light'

2022-07-27 16:10:33 - [MESSAGE][PASSED] - Object: 'Object Repository/Mobile Objects/SearchPage/filtry-boczne/tematyka/Egzotyka light' is clicked on

2022-07-27 16:10:36 - [MESSAGE][PASSED] - Delayed 3 second(s)

2022-07-27 16:10:36 - [MESSAGE][PASSED] - search.filterQueryCheck.clickFilterUnclick is PASSED

2022-07-27 16:10:36 - [TEST_STEP][PASSED] - search.filterQueryCheck.clickFilterUnclick(findTestObject("Mobile Objects/SearchPage/filtry-boczne/tematyka/Europa i Orient"), timeout, 11, tematyka[3]): search.filterQueryCheck.clickFilterUnclick is PASSED

2022-07-27 16:10:37 - [MESSAGE][PASSED] - Object: 'Object Repository/Mobile Objects/SearchPage/filtry-boczne/tematyka/Europa i Orient' is clicked on

2022-07-27 16:10:40 - [MESSAGE][PASSED] - Delayed 3 second(s)

2022-07-27 16:10:40 - [MESSAGE][PASSED] - Current window's url is: 'https://r.pl/szukaj?datyUrodzenia[]=1992-01-01&datyUrodzenia[]=1992-01-01&liczbaPokoi=1&sortowanie=popularne-desc&widok=filter&cena[]=avg&dlugoscPobytu[]=%2A-%2A&typTransportu[]=AIR&typTransportu[]=dreamliner&atrybutTematyka[]=europa-orient'

2022-07-27 16:10:40 - [MESSAGE][PASSED] - Object: 'Object Repository/Mobile Objects/SearchPage/filtry-boczne/tematyka/Europa i Orient' is clicked on

2022-07-27 16:10:43 - [MESSAGE][PASSED] - Delayed 3 second(s)

2022-07-27 16:10:43 - [MESSAGE][PASSED] - search.filterQueryCheck.clickFilterUnclick is PASSED

2022-07-27 16:10:43 - [TEST_STEP][PASSED] - search.filterQueryCheck.clickFilterUnclick(findTestObject("Mobile Objects/SearchPage/filtry-boczne/tematyka/Kuchnia i wino"), timeout, 11, tematyka[4]): search.filterQueryCheck.clickFilterUnclick is PASSED

2022-07-27 16:10:43 - [MESSAGE][PASSED] - Object: 'Object Repository/Mobile Objects/SearchPage/filtry-boczne/tematyka/Kuchnia i wino' is clicked on

2022-07-27 16:10:46 - [MESSAGE][PASSED] - Delayed 3 second(s)

2022-07-27 16:10:46 - [MESSAGE][PASSED] - Current window's url is: 'https://r.pl/szukaj?datyUrodzenia[]=1992-01-01&datyUrodzenia[]=1992-01-01&liczbaPokoi=1&sortowanie=popularne-desc&widok=filter&cena[]=avg&dlugoscPobytu[]=%2A-%2A&typTransportu[]=AIR&typTransportu[]=dreamliner&atrybutTematyka[]=kuchani-wino'

2022-07-27 16:10:46 - [MESSAGE][PASSED] - Object: 'Object Repository/Mobile Objects/SearchPage/filtry-boczne/tematyka/Kuchnia i wino' is clicked on

2022-07-27 16:10:49 - [MESSAGE][PASSED] - Delayed 3 second(s)

2022-07-27 16:10:49 - [MESSAGE][PASSED] - search.filterQueryCheck.clickFilterUnclick is PASSED

2022-07-27 16:10:49 - [TEST_STEP][PASSED] - search.filterQueryCheck.clickFilterUnclick(findTestObject("Mobile Objects/SearchPage/filtry-boczne/tematyka/Parki rozrywki"), timeout, 11, tematyka[5]): search.filterQueryCheck.clickFilterUnclick is PASSED

2022-07-27 16:10:49 - [MESSAGE][PASSED] - Object: 'Object Repository/Mobile Objects/SearchPage/filtry-boczne/tematyka/Parki rozrywki' is clicked on

2022-07-27 16:10:52 - [MESSAGE][PASSED] - Delayed 3 second(s)

2022-07-27 16:10:52 - [MESSAGE][PASSED] - Current window's url is: 'https://r.pl/szukaj?datyUrodzenia[]=1992-01-01&datyUrodzenia[]=1992-01-01&liczbaPokoi=1&sortowanie=popularne-desc&widok=filter&cena[]=avg&dlugoscPobytu[]=%2A-%2A&typTransportu[]=AIR&typTransportu[]=dreamliner&atrybutTematyka[]=parki-rozrywki'

2022-07-27 16:10:53 - [MESSAGE][PASSED] - Object: 'Object Repository/Mobile Objects/SearchPage/filtry-boczne/tematyka/Parki rozrywki' is clicked on

2022-07-27 16:10:56 - [MESSAGE][PASSED] - Delayed 3 second(s)

2022-07-27 16:10:56 - [MESSAGE][PASSED] - search.filterQueryCheck.clickFilterUnclick is PASSED

2022-07-27 16:10:56 - [TEST_STEP][PASSED] - search.filterQueryCheck.clickFilterUnclick(findTestObject("Mobile Objects/SearchPage/filtry-boczne/tematyka/Poza utartym szlakiem"), timeout, 11, tematyka[6]): search.filterQueryCheck.clickFilterUnclick is PASSED

2022-07-27 16:10:56 - [MESSAGE][PASSED] - Object: 'Object Repository/Mobile Objects/SearchPage/filtry-boczne/tematyka/Poza utartym szlakiem' is clicked on

2022-07-27 16:10:59 - [MESSAGE][PASSED] - Delayed 3 second(s)

2022-07-27 16:10:59 - [MESSAGE][PASSED] - Current window's url is: 'https://r.pl/szukaj?datyUrodzenia[]=1992-01-01&datyUrodzenia[]=1992-01-01&liczbaPokoi=1&sortowanie=popularne-desc&widok=filter&cena[]=avg&dlugoscPobytu[]=%2A-%2A&typTransportu[]=AIR&typTransportu[]=dreamliner&atrybutTematyka[]=poza-utartym-szlakiem'

2022-07-27 16:10:59 - [MESSAGE][PASSED] - Object: 'Object Repository/Mobile Objects/SearchPage/filtry-boczne/tematyka/Poza utartym szlakiem' is clicked on

2022-07-27 16:11:02 - [MESSAGE][PASSED] - Delayed 3 second(s)

2022-07-27 16:11:02 - [MESSAGE][PASSED] - search.filterQueryCheck.clickFilterUnclick is PASSED

2022-07-27 16:11:02 - [TEST_STEP][PASSED] - search.filterQueryCheck.clickFilterUnclick(findTestObject("Mobile Objects/SearchPage/filtry-boczne/tematyka/Rejs statkiem"), timeout, 11, tematyka[7]): search.filterQueryCheck.clickFilterUnclick is PASSED

2022-07-27 16:11:02 - [MESSAGE][PASSED] - Object: 'Object Repository/Mobile Objects/SearchPage/filtry-boczne/tematyka/Rejs statkiem' is clicked on

2022-07-27 16:11:05 - [MESSAGE][PASSED] - Delayed 3 second(s)

2022-07-27 16:11:05 - [MESSAGE][PASSED] - Current window's url is: 'https://r.pl/rejsy-statkiem?datyUrodzenia[]=1992-01-01&datyUrodzenia[]=1992-01-01&liczbaPokoi=1&sortowanie=popularne-desc&widok=filter&cena[]=avg&dlugoscPobytu[]=%2A-%2A&typTransportu[]=AIR&typTransportu[]=dreamliner&atrybutTematyka[]=rejs-statkiem'

2022-07-27 16:11:05 - [MESSAGE][PASSED] - Object: 'Object Repository/Mobile Objects/SearchPage/filtry-boczne/tematyka/Rejs statkiem' is clicked on

2022-07-27 16:11:08 - [MESSAGE][PASSED] - Delayed 3 second(s)

2022-07-27 16:11:08 - [MESSAGE][PASSED] - search.filterQueryCheck.clickFilterUnclick is PASSED

2022-07-27 16:11:08 - [TEST_STEP][PASSED] - search.filterQueryCheck.clickFilterUnclick(findTestObject("Mobile Objects/SearchPage/filtry-boczne/tematyka/Smak przygody"), timeout, 11, tematyka[8]): search.filterQueryCheck.clickFilterUnclick is PASSED

2022-07-27 16:11:09 - [MESSAGE][PASSED] - Object: 'Object Repository/Mobile Objects/SearchPage/filtry-boczne/tematyka/Smak przygody' is clicked on

2022-07-27 16:11:12 - [MESSAGE][PASSED] - Delayed 3 second(s)

2022-07-27 16:11:12 - [MESSAGE][PASSED] - Current window's url is: 'https://r.pl/szukaj?datyUrodzenia[]=1992-01-01&datyUrodzenia[]=1992-01-01&liczbaPokoi=1&sortowanie=popularne-desc&widok=filter&cena[]=avg&dlugoscPobytu[]=%2A-%2A&typTransportu[]=AIR&typTransportu[]=dreamliner&atrybutTematyka[]=smak-przygody'

2022-07-27 16:11:12 - [MESSAGE][PASSED] - Object: 'Object Repository/Mobile Objects/SearchPage/filtry-boczne/tematyka/Smak przygody' is clicked on

2022-07-27 16:11:15 - [MESSAGE][PASSED] - Delayed 3 second(s)

2022-07-27 16:11:15 - [MESSAGE][PASSED] - search.filterQueryCheck.clickFilterUnclick is PASSED

2022-07-27 16:11:15 - [TEST_STEP][PASSED] - search.filterQueryCheck.clickFilterUnclick(findTestObject("Mobile Objects/SearchPage/filtry-boczne/tematyka/Sylwester"), timeout, 11, tematyka[9]): search.filterQueryCheck.clickFilterUnclick is PASSED

2022-07-27 16:11:15 - [MESSAGE][PASSED] - Object: 'Object Repository/Mobile Objects/SearchPage/filtry-boczne/tematyka/Sylwester' is clicked on

2022-07-27 16:11:18 - [MESSAGE][PASSED] - Delayed 3 second(s)

2022-07-27 16:11:18 - [MESSAGE][PASSED] - Current window's url is: 'https://r.pl/szukaj?datyUrodzenia[]=1992-01-01&datyUrodzenia[]=1992-01-01&liczbaPokoi=1&sortowanie=popularne-desc&widok=filter&cena[]=avg&dlugoscPobytu[]=%2A-%2A&typTransportu[]=AIR&typTransportu[]=dreamliner&atrybutTematyka[]=sylwester'

2022-07-27 16:11:18 - [MESSAGE][PASSED] - Object: 'Object Repository/Mobile Objects/SearchPage/filtry-boczne/tematyka/Sylwester' is clicked on

2022-07-27 16:11:21 - [MESSAGE][PASSED] - Delayed 3 second(s)

2022-07-27 16:11:21 - [MESSAGE][PASSED] - search.filterQueryCheck.clickFilterUnclick is PASSED

2022-07-27 16:11:21 - [TEST_STEP][PASSED] - search.filterQueryCheck.clickFilterUnclick(findTestObject("Mobile Objects/SearchPage/filtry-boczne/tematyka/Zainteresowania i hobby"), timeout, 11, tematyka[10]): search.filterQueryCheck.clickFilterUnclick is PASSED

2022-07-27 16:11:21 - [MESSAGE][PASSED] - Object: 'Object Repository/Mobile Objects/SearchPage/filtry-boczne/tematyka/Zainteresowania i hobby' is clicked on

2022-07-27 16:11:24 - [MESSAGE][PASSED] - Delayed 3 second(s)

2022-07-27 16:11:24 - [MESSAGE][PASSED] - Current window's url is: 'https://r.pl/szukaj?datyUrodzenia[]=1992-01-01&datyUrodzenia[]=1992-01-01&liczbaPokoi=1&sortowanie=popularne-desc&widok=filter&cena[]=avg&dlugoscPobytu[]=%2A-%2A&typTransportu[]=AIR&typTransportu[]=dreamliner&atrybutTematyka[]=zainteresowania-hobby'

2022-07-27 16:11:24 - [MESSAGE][PASSED] - Object: 'Object Repository/Mobile Objects/SearchPage/filtry-boczne/tematyka/Zainteresowania i hobby' is clicked on

2022-07-27 16:11:27 - [MESSAGE][PASSED] - Delayed 3 second(s)

2022-07-27 16:11:27 - [MESSAGE][PASSED] - search.filterQueryCheck.clickFilterUnclick is PASSED

2022-07-27 16:11:27 - [TEST_STEP][PASSED] - search.filterQueryCheck.clickFilterUnclick(findTestObject("Mobile Objects/SearchPage/filtry-boczne/tematyka/Wycieczki objazdowe premium"), timeout, 11, tematyka[11]): search.filterQueryCheck.clickFilterUnclick is PASSED

2022-07-27 16:11:28 - [MESSAGE][PASSED] - Object: 'Object Repository/Mobile Objects/SearchPage/filtry-boczne/tematyka/Wycieczki objazdowe premium' is clicked on

2022-07-27 16:11:31 - [MESSAGE][PASSED] - Delayed 3 second(s)

2022-07-27 16:11:31 - [MESSAGE][PASSED] - Current window's url is: 'https://r.pl/szukaj?datyUrodzenia[]=1992-01-01&datyUrodzenia[]=1992-01-01&liczbaPokoi=1&sortowanie=popularne-desc&widok=filter&cena[]=avg&dlugoscPobytu[]=%2A-%2A&typTransportu[]=AIR&typTransportu[]=dreamliner&atrybutTematyka[]=wycieczki-objazdowe-premium'

2022-07-27 16:11:31 - [MESSAGE][PASSED] - Object: 'Object Repository/Mobile Objects/SearchPage/filtry-boczne/tematyka/Wycieczki objazdowe premium' is clicked on

2022-07-27 16:11:34 - [MESSAGE][PASSED] - Delayed 3 second(s)

2022-07-27 16:11:34 - [MESSAGE][PASSED] - search.filterQueryCheck.clickFilterUnclick is PASSED

2022-07-27 16:11:34 - [TEST_STEP][PASSED] - closeBrowser(): Browser is closed

2022-07-27 16:11:35 - [MESSAGE][PASSED] - Browser is closed]]></system-out>
         <system-err><![CDATA[]]></system-err>
      </testcase>
      <testcase name="Test Cases/Mobile Tests/SearchPage/units-sidebar-filter-mobile/typ-wyjazdu-query-mobile" time="51.063" classname="Test Cases/Mobile Tests/SearchPage/units-sidebar-filter-mobile/typ-wyjazdu-query-mobile" status="PASSED">
         <system-out><![CDATA[2022-07-27 16:11:35 - [TEST_CASE][PASSED] - Test Cases/Mobile Tests/SearchPage/units-sidebar-filter-mobile/typ-wyjazdu-query-mobile: Test Cases/Mobile Tests/SearchPage/units-sidebar-filter-mobile/typ-wyjazdu-query-mobile

2022-07-27 16:11:35 - [TEST_STEP][PASSED] - System.setProperty("webdriver.chrome.driver", getChromeDriverPath()): null

2022-07-27 16:11:35 - [TEST_STEP][PASSED] - mobileEmulation = new java.util.HashMap(): null

2022-07-27 16:11:35 - [TEST_STEP][PASSED] - mobileEmulation.put("deviceName", mobileDevice): null

2022-07-27 16:11:35 - [TEST_STEP][PASSED] - chromeOptions = new org.openqa.selenium.chrome.ChromeOptions(): null

2022-07-27 16:11:35 - [TEST_STEP][PASSED] - chromeOptions.setExperimentalOption("mobileEmulation", mobileEmulation): null

2022-07-27 16:11:35 - [TEST_STEP][PASSED] - driver = new org.openqa.selenium.chrome.ChromeDriver(chromeOptions): null

2022-07-27 16:11:36 - [TEST_STEP][PASSED] - changeWebDriver(driver): null

2022-07-27 16:11:36 - [TEST_STEP][PASSED] - navigate().to("https://r.pl/szukaj"): null

2022-07-27 16:11:40 - [TEST_STEP][PASSED] - click(findTestObject("Object Repository/SzukajPage/ZamknijCiastka")): Object: 'Object Repository/SzukajPage/ZamknijCiastka' is clicked on

2022-07-27 16:11:40 - [MESSAGE][PASSED] - Object: 'Object Repository/SzukajPage/ZamknijCiastka' is clicked on

2022-07-27 16:11:40 - [TEST_STEP][PASSED] - click(findTestObject("Object Repository/Mobile Objects/SearchPage/filtry-boczne/pokaz-filtry-mobile-btn")): Object: 'Object Repository/Mobile Objects/SearchPage/filtry-boczne/pokaz-filtry-mobile-btn' is clicked on

2022-07-27 16:11:41 - [MESSAGE][PASSED] - Object: 'Object Repository/Mobile Objects/SearchPage/filtry-boczne/pokaz-filtry-mobile-btn' is clicked on

2022-07-27 16:11:41 - [TEST_STEP][PASSED] - enableSmartWait(): null

2022-07-27 16:11:41 - [TEST_STEP][PASSED] - comment("Typ wyjazdu"): Typ wyjazdu

2022-07-27 16:11:41 - [MESSAGE][INFO] - Typ wyjazdu

2022-07-27 16:11:41 - [TEST_STEP][PASSED] - scrollToElement(findTestObject("Mobile Objects/SearchPage/filtry-boczne/ilosc-dni/Dowolna ilosc dni"), 2): Scroll to object 'Object Repository/Mobile Objects/SearchPage/filtry-boczne/ilosc-dni/Dowolna ilosc dni' successfully

2022-07-27 16:11:41 - [MESSAGE][PASSED] - Scroll to object 'Object Repository/Mobile Objects/SearchPage/filtry-boczne/ilosc-dni/Dowolna ilosc dni' successfully

2022-07-27 16:11:41 - [TEST_STEP][PASSED] - search.filterQueryCheck.clickFilterUnclick(findTestObject("Mobile Objects/SearchPage/filtry-boczne/typ-wyjazdu/Wypoczynek"), timeout, 2, typWyjazdu[0]): search.filterQueryCheck.clickFilterUnclick is PASSED

2022-07-27 16:11:41 - [MESSAGE][PASSED] - Object: 'Object Repository/Mobile Objects/SearchPage/filtry-boczne/typ-wyjazdu/Wypoczynek' is clicked on

2022-07-27 16:11:44 - [MESSAGE][PASSED] - Delayed 3 second(s)

2022-07-27 16:11:44 - [MESSAGE][PASSED] - Current window's url is: 'https://r.pl/szukaj?datyUrodzenia[]=1992-01-01&datyUrodzenia[]=1992-01-01&liczbaPokoi=1&sortowanie=popularne-desc&widok=filter&cena[]=avg&dlugoscPobytu[]=%2A-%2A&typTransportu[]=AIR&typTransportu[]=dreamliner&typyWyjazdu[]=wypoczynek'

2022-07-27 16:11:44 - [MESSAGE][PASSED] - Object: 'Object Repository/Mobile Objects/SearchPage/filtry-boczne/typ-wyjazdu/Wypoczynek' is clicked on

2022-07-27 16:11:47 - [MESSAGE][PASSED] - Delayed 3 second(s)

2022-07-27 16:11:47 - [MESSAGE][PASSED] - search.filterQueryCheck.clickFilterUnclick is PASSED

2022-07-27 16:11:47 - [TEST_STEP][PASSED] - search.filterQueryCheck.clickFilterOnce(findTestObject("Mobile Objects/SearchPage/filtry-boczne/typ-wyjazdu/Objazd"), timeout, 2, typWyjazdu[1]): search.filterQueryCheck.clickFilterOnce is PASSED

2022-07-27 16:11:47 - [MESSAGE][PASSED] - Object: 'Object Repository/Mobile Objects/SearchPage/filtry-boczne/typ-wyjazdu/Objazd' is clicked on

2022-07-27 16:11:50 - [MESSAGE][PASSED] - Delayed 3 second(s)

2022-07-27 16:11:50 - [MESSAGE][PASSED] - Current window's url is: 'https://r.pl/wycieczki-objazdowe?datyUrodzenia[]=1992-01-01&datyUrodzenia[]=1992-01-01&liczbaPokoi=1&sortowanie=popularne-desc&widok=filter&cena[]=avg&dlugoscPobytu[]=%2A-%2A&typTransportu[]=AIR&typTransportu[]=dreamliner&typyWyjazdu[]=objazd'

2022-07-27 16:11:53 - [MESSAGE][PASSED] - Delayed 3 second(s)

2022-07-27 16:11:53 - [MESSAGE][PASSED] - search.filterQueryCheck.clickFilterOnce is PASSED

2022-07-27 16:11:53 - [TEST_STEP][PASSED] - search.filterQueryCheck.clickFilterOnce(findTestObject("Mobile Objects/SearchPage/filtry-boczne/typ-wyjazdu/span Objazd-Tylko potwierdzone terminy"), timeout, 2, typWyjazdu[2]): search.filterQueryCheck.clickFilterOnce is PASSED

2022-07-27 16:11:54 - [MESSAGE][PASSED] - Object: 'Object Repository/Mobile Objects/SearchPage/filtry-boczne/typ-wyjazdu/span Objazd-Tylko potwierdzone terminy' is clicked on

2022-07-27 16:11:57 - [MESSAGE][PASSED] - Delayed 3 second(s)

2022-07-27 16:11:57 - [MESSAGE][PASSED] - Current window's url is: 'https://r.pl/wycieczki-objazdowe?datyUrodzenia[]=1992-01-01&datyUrodzenia[]=1992-01-01&liczbaPokoi=1&sortowanie=popularne-desc&widok=filter&cena[]=avg&dlugoscPobytu[]=%2A-%2A&typTransportu[]=AIR&typTransportu[]=dreamliner&typyWyjazdu[]=objazd%20%2B%20potwierdzony'

2022-07-27 16:12:00 - [MESSAGE][PASSED] - Delayed 3 second(s)

2022-07-27 16:12:00 - [MESSAGE][PASSED] - search.filterQueryCheck.clickFilterOnce is PASSED

2022-07-27 16:12:00 - [TEST_STEP][PASSED] - search.filterQueryCheck.clickDelay(findTestObject("Mobile Objects/SearchPage/filtry-boczne/typ-wyjazdu/span Objazd-Tylko potwierdzone terminy"), timeout): search.filterQueryCheck.clickDelay is PASSED

2022-07-27 16:12:00 - [MESSAGE][PASSED] - Object: 'Object Repository/Mobile Objects/SearchPage/filtry-boczne/typ-wyjazdu/span Objazd-Tylko potwierdzone terminy' is clicked on

2022-07-27 16:12:03 - [MESSAGE][PASSED] - Delayed 3 second(s)

2022-07-27 16:12:03 - [MESSAGE][PASSED] - search.filterQueryCheck.clickDelay is PASSED

2022-07-27 16:12:03 - [TEST_STEP][PASSED] - search.filterQueryCheck.clickDelay(findTestObject("Mobile Objects/SearchPage/filtry-boczne/typ-wyjazdu/Objazd"), timeout): search.filterQueryCheck.clickDelay is PASSED

2022-07-27 16:12:03 - [MESSAGE][PASSED] - Object: 'Object Repository/Mobile Objects/SearchPage/filtry-boczne/typ-wyjazdu/Objazd' is clicked on

2022-07-27 16:12:06 - [MESSAGE][PASSED] - Delayed 3 second(s)

2022-07-27 16:12:06 - [MESSAGE][PASSED] - search.filterQueryCheck.clickDelay is PASSED

2022-07-27 16:12:06 - [TEST_STEP][PASSED] - search.filterQueryCheck.clickFilterOnce(findTestObject("Mobile Objects/SearchPage/filtry-boczne/typ-wyjazdu/Objazd_wypoczynek"), timeout, 2, typWyjazdu[3]): search.filterQueryCheck.clickFilterOnce is PASSED

2022-07-27 16:12:06 - [MESSAGE][PASSED] - Object: 'Object Repository/Mobile Objects/SearchPage/filtry-boczne/typ-wyjazdu/Objazd_wypoczynek' is clicked on

2022-07-27 16:12:09 - [MESSAGE][PASSED] - Delayed 3 second(s)

2022-07-27 16:12:09 - [MESSAGE][PASSED] - Current window's url is: 'https://r.pl/wycieczki-objazdowe?datyUrodzenia[]=1992-01-01&datyUrodzenia[]=1992-01-01&liczbaPokoi=1&sortowanie=popularne-desc&widok=filter&cena[]=avg&dlugoscPobytu[]=%2A-%2A&typTransportu[]=AIR&typTransportu[]=dreamliner&typyWyjazdu[]=objazd%20%2B%20wypoczynek'

2022-07-27 16:12:12 - [MESSAGE][PASSED] - Delayed 3 second(s)

2022-07-27 16:12:12 - [MESSAGE][PASSED] - search.filterQueryCheck.clickFilterOnce is PASSED

2022-07-27 16:12:12 - [TEST_STEP][PASSED] - search.filterQueryCheck.clickFilterOnce(findTestObject("Mobile Objects/SearchPage/filtry-boczne/typ-wyjazdu/span Objazd_wypoczynek-Tylko potwierdzone terminy"), timeout, 2, typWyjazdu[4]): search.filterQueryCheck.clickFilterOnce is PASSED

2022-07-27 16:12:12 - [MESSAGE][PASSED] - Object: 'Object Repository/Mobile Objects/SearchPage/filtry-boczne/typ-wyjazdu/span Objazd_wypoczynek-Tylko potwierdzone terminy' is clicked on

2022-07-27 16:12:15 - [MESSAGE][PASSED] - Delayed 3 second(s)

2022-07-27 16:12:15 - [MESSAGE][PASSED] - Current window's url is: 'https://r.pl/szukaj?datyUrodzenia[]=1992-01-01&datyUrodzenia[]=1992-01-01&liczbaPokoi=1&sortowanie=popularne-desc&widok=filter&cena[]=avg&dlugoscPobytu[]=%2A-%2A&typTransportu[]=AIR&typTransportu[]=dreamliner&typyWyjazdu[]=objazd%20%2B%20wypoczynek%20%2B%20potwierdzony'

2022-07-27 16:12:18 - [MESSAGE][PASSED] - Delayed 3 second(s)

2022-07-27 16:12:18 - [MESSAGE][PASSED] - search.filterQueryCheck.clickFilterOnce is PASSED

2022-07-27 16:12:18 - [TEST_STEP][PASSED] - search.filterQueryCheck.clickDelay(findTestObject("Mobile Objects/SearchPage/filtry-boczne/typ-wyjazdu/span Objazd_wypoczynek-Tylko potwierdzone terminy"), timeout): search.filterQueryCheck.clickDelay is PASSED

2022-07-27 16:12:19 - [MESSAGE][PASSED] - Object: 'Object Repository/Mobile Objects/SearchPage/filtry-boczne/typ-wyjazdu/span Objazd_wypoczynek-Tylko potwierdzone terminy' is clicked on

2022-07-27 16:12:22 - [MESSAGE][PASSED] - Delayed 3 second(s)

2022-07-27 16:12:22 - [MESSAGE][PASSED] - search.filterQueryCheck.clickDelay is PASSED

2022-07-27 16:12:22 - [TEST_STEP][PASSED] - search.filterQueryCheck.clickDelay(findTestObject("Mobile Objects/SearchPage/filtry-boczne/typ-wyjazdu/Objazd_wypoczynek"), timeout): search.filterQueryCheck.clickDelay is PASSED

2022-07-27 16:12:22 - [MESSAGE][PASSED] - Object: 'Object Repository/Mobile Objects/SearchPage/filtry-boczne/typ-wyjazdu/Objazd_wypoczynek' is clicked on

2022-07-27 16:12:25 - [MESSAGE][PASSED] - Delayed 3 second(s)

2022-07-27 16:12:25 - [MESSAGE][PASSED] - search.filterQueryCheck.clickDelay is PASSED

2022-07-27 16:12:25 - [TEST_STEP][PASSED] - closeBrowser(): Browser is closed

2022-07-27 16:12:26 - [MESSAGE][PASSED] - Browser is closed]]></system-out>
         <system-err><![CDATA[]]></system-err>
      </testcase>
      <testcase name="Test Cases/Mobile Tests/SearchPage/units-sidebar-filter-mobile/udogodnienia-query-mobile" time="70.057" classname="Test Cases/Mobile Tests/SearchPage/units-sidebar-filter-mobile/udogodnienia-query-mobile" status="PASSED">
         <system-out><![CDATA[2022-07-27 16:12:26 - [TEST_CASE][PASSED] - Test Cases/Mobile Tests/SearchPage/units-sidebar-filter-mobile/udogodnienia-query-mobile: Test Cases/Mobile Tests/SearchPage/units-sidebar-filter-mobile/udogodnienia-query-mobile

2022-07-27 16:12:26 - [TEST_STEP][PASSED] - System.setProperty("webdriver.chrome.driver", getChromeDriverPath()): null

2022-07-27 16:12:26 - [TEST_STEP][PASSED] - mobileEmulation = new java.util.HashMap(): null

2022-07-27 16:12:26 - [TEST_STEP][PASSED] - mobileEmulation.put("deviceName", mobileDevice): null

2022-07-27 16:12:26 - [TEST_STEP][PASSED] - chromeOptions = new org.openqa.selenium.chrome.ChromeOptions(): null

2022-07-27 16:12:26 - [TEST_STEP][PASSED] - chromeOptions.setExperimentalOption("mobileEmulation", mobileEmulation): null

2022-07-27 16:12:26 - [TEST_STEP][PASSED] - driver = new org.openqa.selenium.chrome.ChromeDriver(chromeOptions): null

2022-07-27 16:12:27 - [TEST_STEP][PASSED] - changeWebDriver(driver): null

2022-07-27 16:12:27 - [TEST_STEP][PASSED] - navigate().to("https://r.pl/szukaj"): null

2022-07-27 16:12:30 - [TEST_STEP][PASSED] - click(findTestObject("Object Repository/SzukajPage/ZamknijCiastka")): Object: 'Object Repository/SzukajPage/ZamknijCiastka' is clicked on

2022-07-27 16:12:31 - [MESSAGE][PASSED] - Object: 'Object Repository/SzukajPage/ZamknijCiastka' is clicked on

2022-07-27 16:12:31 - [TEST_STEP][PASSED] - click(findTestObject("Object Repository/Mobile Objects/SearchPage/filtry-boczne/pokaz-filtry-mobile-btn")): Object: 'Object Repository/Mobile Objects/SearchPage/filtry-boczne/pokaz-filtry-mobile-btn' is clicked on

2022-07-27 16:12:31 - [MESSAGE][PASSED] - Object: 'Object Repository/Mobile Objects/SearchPage/filtry-boczne/pokaz-filtry-mobile-btn' is clicked on

2022-07-27 16:12:31 - [TEST_STEP][PASSED] - enableSmartWait(): null

2022-07-27 16:12:31 - [TEST_STEP][PASSED] - comment("Udogodnienia"): Udogodnienia

2022-07-27 16:12:31 - [MESSAGE][INFO] - Udogodnienia

2022-07-27 16:12:31 - [TEST_STEP][PASSED] - scrollToElement(findTestObject("Mobile Objects/SearchPage/filtry-boczne/sezon/Zima 2223"), 2): Scroll to object 'Object Repository/Mobile Objects/SearchPage/filtry-boczne/sezon/Zima 2223' successfully

2022-07-27 16:12:31 - [MESSAGE][PASSED] - Scroll to object 'Object Repository/Mobile Objects/SearchPage/filtry-boczne/sezon/Zima 2223' successfully

2022-07-27 16:12:31 - [TEST_STEP][PASSED] - search.filterQueryCheck.clickFilterUnclick(findTestObject("Mobile Objects/SearchPage/filtry-boczne/udogodnienia/Wi-Fi"), timeout, 7, udogodnienia[0]): search.filterQueryCheck.clickFilterUnclick is PASSED

2022-07-27 16:12:31 - [MESSAGE][PASSED] - Object: 'Object Repository/Mobile Objects/SearchPage/filtry-boczne/udogodnienia/Wi-Fi' is clicked on

2022-07-27 16:12:34 - [MESSAGE][PASSED] - Delayed 3 second(s)

2022-07-27 16:12:34 - [MESSAGE][PASSED] - Current window's url is: 'https://r.pl/szukaj?datyUrodzenia[]=1992-01-01&datyUrodzenia[]=1992-01-01&liczbaPokoi=1&sortowanie=popularne-desc&widok=filter&cena[]=avg&dlugoscPobytu[]=%2A-%2A&typTransportu[]=AIR&typTransportu[]=dreamliner&atrybutUdogodnienia_AtrybutPolozenie[]=wi-fi'

2022-07-27 16:12:34 - [MESSAGE][PASSED] - Object: 'Object Repository/Mobile Objects/SearchPage/filtry-boczne/udogodnienia/Wi-Fi' is clicked on

2022-07-27 16:12:37 - [MESSAGE][PASSED] - Delayed 3 second(s)

2022-07-27 16:12:37 - [MESSAGE][PASSED] - search.filterQueryCheck.clickFilterUnclick is PASSED

2022-07-27 16:12:37 - [TEST_STEP][PASSED] - search.filterQueryCheck.clickFilterUnclick(findTestObject("Mobile Objects/SearchPage/filtry-boczne/udogodnienia/Aquapark-zjezdzalnie"), timeout, 7, udogodnienia[1]): search.filterQueryCheck.clickFilterUnclick is PASSED

2022-07-27 16:12:38 - [MESSAGE][PASSED] - Object: 'Object Repository/Mobile Objects/SearchPage/filtry-boczne/udogodnienia/Aquapark-zjezdzalnie' is clicked on

2022-07-27 16:12:41 - [MESSAGE][PASSED] - Delayed 3 second(s)

2022-07-27 16:12:41 - [MESSAGE][PASSED] - Current window's url is: 'https://r.pl/szukaj?datyUrodzenia[]=1992-01-01&datyUrodzenia[]=1992-01-01&liczbaPokoi=1&sortowanie=popularne-desc&widok=filter&cena[]=avg&dlugoscPobytu[]=%2A-%2A&typTransportu[]=AIR&typTransportu[]=dreamliner&atrybutUdogodnienia_AtrybutPolozenie[]=aquapark-zjezdzalnie'

2022-07-27 16:12:41 - [MESSAGE][PASSED] - Object: 'Object Repository/Mobile Objects/SearchPage/filtry-boczne/udogodnienia/Aquapark-zjezdzalnie' is clicked on

2022-07-27 16:12:44 - [MESSAGE][PASSED] - Delayed 3 second(s)

2022-07-27 16:12:44 - [MESSAGE][PASSED] - search.filterQueryCheck.clickFilterUnclick is PASSED

2022-07-27 16:12:44 - [TEST_STEP][PASSED] - search.filterQueryCheck.clickFilterUnclick(findTestObject("Mobile Objects/SearchPage/filtry-boczne/udogodnienia/Figloklub polscy animatorzy"), timeout, 7, udogodnienia[2]): search.filterQueryCheck.clickFilterUnclick is PASSED

2022-07-27 16:12:44 - [MESSAGE][PASSED] - Object: 'Object Repository/Mobile Objects/SearchPage/filtry-boczne/udogodnienia/Figloklub polscy animatorzy' is clicked on

2022-07-27 16:12:47 - [MESSAGE][PASSED] - Delayed 3 second(s)

2022-07-27 16:12:47 - [MESSAGE][PASSED] - Current window's url is: 'https://r.pl/szukaj?datyUrodzenia[]=1992-01-01&datyUrodzenia[]=1992-01-01&liczbaPokoi=1&sortowanie=popularne-desc&widok=filter&cena[]=avg&dlugoscPobytu[]=%2A-%2A&typTransportu[]=AIR&typTransportu[]=dreamliner&atrybutUdogodnienia_AtrybutPolozenie[]=figloklub'

2022-07-27 16:12:47 - [MESSAGE][PASSED] - Object: 'Object Repository/Mobile Objects/SearchPage/filtry-boczne/udogodnienia/Figloklub polscy animatorzy' is clicked on

2022-07-27 16:12:50 - [MESSAGE][PASSED] - Delayed 3 second(s)

2022-07-27 16:12:50 - [MESSAGE][PASSED] - search.filterQueryCheck.clickFilterUnclick is PASSED

2022-07-27 16:12:50 - [TEST_STEP][PASSED] - search.filterQueryCheck.clickFilterUnclick(findTestObject("Mobile Objects/SearchPage/filtry-boczne/udogodnienia/Miedzynarodowe animacje"), timeout, 7, udogodnienia[3]): search.filterQueryCheck.clickFilterUnclick is PASSED

2022-07-27 16:12:50 - [MESSAGE][PASSED] - Object: 'Object Repository/Mobile Objects/SearchPage/filtry-boczne/udogodnienia/Miedzynarodowe animacje' is clicked on

2022-07-27 16:12:53 - [MESSAGE][PASSED] - Delayed 3 second(s)

2022-07-27 16:12:53 - [MESSAGE][PASSED] - Current window's url is: 'https://r.pl/szukaj?datyUrodzenia[]=1992-01-01&datyUrodzenia[]=1992-01-01&liczbaPokoi=1&sortowanie=popularne-desc&widok=filter&cena[]=avg&dlugoscPobytu[]=%2A-%2A&typTransportu[]=AIR&typTransportu[]=dreamliner&atrybutUdogodnienia_AtrybutPolozenie[]=miedzynarodowe-animacje'

2022-07-27 16:12:54 - [MESSAGE][PASSED] - Object: 'Object Repository/Mobile Objects/SearchPage/filtry-boczne/udogodnienia/Miedzynarodowe animacje' is clicked on

2022-07-27 16:12:57 - [MESSAGE][PASSED] - Delayed 3 second(s)

2022-07-27 16:12:57 - [MESSAGE][PASSED] - search.filterQueryCheck.clickFilterUnclick is PASSED

2022-07-27 16:12:57 - [TEST_STEP][PASSED] - search.filterQueryCheck.clickFilterUnclick(findTestObject("Mobile Objects/SearchPage/filtry-boczne/udogodnienia/SPA"), timeout, 7, udogodnienia[4]): search.filterQueryCheck.clickFilterUnclick is PASSED

2022-07-27 16:12:57 - [MESSAGE][PASSED] - Object: 'Object Repository/Mobile Objects/SearchPage/filtry-boczne/udogodnienia/SPA' is clicked on

2022-07-27 16:13:00 - [MESSAGE][PASSED] - Delayed 3 second(s)

2022-07-27 16:13:00 - [MESSAGE][PASSED] - Current window's url is: 'https://r.pl/szukaj?datyUrodzenia[]=1992-01-01&datyUrodzenia[]=1992-01-01&liczbaPokoi=1&sortowanie=popularne-desc&widok=filter&cena[]=avg&dlugoscPobytu[]=%2A-%2A&typTransportu[]=AIR&typTransportu[]=dreamliner&atrybutUdogodnienia_AtrybutPolozenie[]=spa'

2022-07-27 16:13:00 - [MESSAGE][PASSED] - Object: 'Object Repository/Mobile Objects/SearchPage/filtry-boczne/udogodnienia/SPA' is clicked on

2022-07-27 16:13:03 - [MESSAGE][PASSED] - Delayed 3 second(s)

2022-07-27 16:13:03 - [MESSAGE][PASSED] - search.filterQueryCheck.clickFilterUnclick is PASSED

2022-07-27 16:13:03 - [TEST_STEP][PASSED] - search.filterQueryCheck.clickFilterUnclick(findTestObject("Mobile Objects/SearchPage/filtry-boczne/udogodnienia/Silownia"), timeout, 7, udogodnienia[5]): search.filterQueryCheck.clickFilterUnclick is PASSED

2022-07-27 16:13:03 - [MESSAGE][PASSED] - Object: 'Object Repository/Mobile Objects/SearchPage/filtry-boczne/udogodnienia/Silownia' is clicked on

2022-07-27 16:13:06 - [MESSAGE][PASSED] - Delayed 3 second(s)

2022-07-27 16:13:06 - [MESSAGE][PASSED] - Current window's url is: 'https://r.pl/szukaj?datyUrodzenia[]=1992-01-01&datyUrodzenia[]=1992-01-01&liczbaPokoi=1&sortowanie=popularne-desc&widok=filter&cena[]=avg&dlugoscPobytu[]=%2A-%2A&typTransportu[]=AIR&typTransportu[]=dreamliner&atrybutUdogodnienia_AtrybutPolozenie[]=silownia'

2022-07-27 16:13:06 - [MESSAGE][PASSED] - Object: 'Object Repository/Mobile Objects/SearchPage/filtry-boczne/udogodnienia/Silownia' is clicked on

2022-07-27 16:13:09 - [MESSAGE][PASSED] - Delayed 3 second(s)

2022-07-27 16:13:09 - [MESSAGE][PASSED] - search.filterQueryCheck.clickFilterUnclick is PASSED

2022-07-27 16:13:09 - [TEST_STEP][PASSED] - search.filterQueryCheck.clickFilterUnclick(findTestObject("Mobile Objects/SearchPage/filtry-boczne/udogodnienia/Kort tenisowy"), timeout, 7, udogodnienia[6]): search.filterQueryCheck.clickFilterUnclick is PASSED

2022-07-27 16:13:10 - [MESSAGE][PASSED] - Object: 'Object Repository/Mobile Objects/SearchPage/filtry-boczne/udogodnienia/Kort tenisowy' is clicked on

2022-07-27 16:13:13 - [MESSAGE][PASSED] - Delayed 3 second(s)

2022-07-27 16:13:13 - [MESSAGE][PASSED] - Current window's url is: 'https://r.pl/szukaj?datyUrodzenia[]=1992-01-01&datyUrodzenia[]=1992-01-01&liczbaPokoi=1&sortowanie=popularne-desc&widok=filter&cena[]=avg&dlugoscPobytu[]=%2A-%2A&typTransportu[]=AIR&typTransportu[]=dreamliner&atrybutUdogodnienia_AtrybutPolozenie[]=kort-tenisowy'

2022-07-27 16:13:13 - [MESSAGE][PASSED] - Object: 'Object Repository/Mobile Objects/SearchPage/filtry-boczne/udogodnienia/Kort tenisowy' is clicked on

2022-07-27 16:13:16 - [MESSAGE][PASSED] - Delayed 3 second(s)

2022-07-27 16:13:16 - [MESSAGE][PASSED] - search.filterQueryCheck.clickFilterUnclick is PASSED

2022-07-27 16:13:16 - [TEST_STEP][PASSED] - search.filterQueryCheck.clickFilterUnclick(findTestObject("Mobile Objects/SearchPage/filtry-boczne/udogodnienia/Darmowe lezaki"), timeout, 7, udogodnienia[7]): search.filterQueryCheck.clickFilterUnclick is PASSED

2022-07-27 16:13:16 - [MESSAGE][PASSED] - Object: 'Object Repository/Mobile Objects/SearchPage/filtry-boczne/udogodnienia/Darmowe lezaki' is clicked on

2022-07-27 16:13:19 - [MESSAGE][PASSED] - Delayed 3 second(s)

2022-07-27 16:13:19 - [MESSAGE][PASSED] - Current window's url is: 'https://r.pl/szukaj?datyUrodzenia[]=1992-01-01&datyUrodzenia[]=1992-01-01&liczbaPokoi=1&sortowanie=popularne-desc&widok=filter&cena[]=avg&dlugoscPobytu[]=%2A-%2A&typTransportu[]=AIR&typTransportu[]=dreamliner&atrybutUdogodnienia_AtrybutPolozenie[]=darmowe-lezaki'

2022-07-27 16:13:19 - [MESSAGE][PASSED] - Object: 'Object Repository/Mobile Objects/SearchPage/filtry-boczne/udogodnienia/Darmowe lezaki' is clicked on

2022-07-27 16:13:22 - [MESSAGE][PASSED] - Delayed 3 second(s)

2022-07-27 16:13:22 - [MESSAGE][PASSED] - search.filterQueryCheck.clickFilterUnclick is PASSED

2022-07-27 16:13:22 - [TEST_STEP][PASSED] - search.filterQueryCheck.clickFilterUnclick(findTestObject("Mobile Objects/SearchPage/filtry-boczne/udogodnienia/Plaza do 100 m"), timeout, 7, udogodnienia[8]): search.filterQueryCheck.clickFilterUnclick is PASSED

2022-07-27 16:13:22 - [MESSAGE][PASSED] - Object: 'Object Repository/Mobile Objects/SearchPage/filtry-boczne/udogodnienia/Plaza do 100 m' is clicked on

2022-07-27 16:13:25 - [MESSAGE][PASSED] - Delayed 3 second(s)

2022-07-27 16:13:25 - [MESSAGE][PASSED] - Current window's url is: 'https://r.pl/szukaj?datyUrodzenia[]=1992-01-01&datyUrodzenia[]=1992-01-01&liczbaPokoi=1&sortowanie=popularne-desc&widok=filter&cena[]=avg&dlugoscPobytu[]=%2A-%2A&typTransportu[]=AIR&typTransportu[]=dreamliner&atrybutUdogodnienia_AtrybutPolozenie[]=plaza-do-100-m'

2022-07-27 16:13:26 - [MESSAGE][PASSED] - Object: 'Object Repository/Mobile Objects/SearchPage/filtry-boczne/udogodnienia/Plaza do 100 m' is clicked on

2022-07-27 16:13:29 - [MESSAGE][PASSED] - Delayed 3 second(s)

2022-07-27 16:13:29 - [MESSAGE][PASSED] - search.filterQueryCheck.clickFilterUnclick is PASSED

2022-07-27 16:13:29 - [TEST_STEP][PASSED] - search.filterQueryCheck.clickFilterUnclick(findTestObject("Mobile Objects/SearchPage/filtry-boczne/udogodnienia/W-blisko centrum"), timeout, 7, udogodnienia[9]): search.filterQueryCheck.clickFilterUnclick is PASSED

2022-07-27 16:13:29 - [MESSAGE][PASSED] - Object: 'Object Repository/Mobile Objects/SearchPage/filtry-boczne/udogodnienia/W-blisko centrum' is clicked on

2022-07-27 16:13:32 - [MESSAGE][PASSED] - Delayed 3 second(s)

2022-07-27 16:13:32 - [MESSAGE][PASSED] - Current window's url is: 'https://r.pl/szukaj?datyUrodzenia[]=1992-01-01&datyUrodzenia[]=1992-01-01&liczbaPokoi=1&sortowanie=popularne-desc&widok=filter&cena[]=avg&dlugoscPobytu[]=%2A-%2A&typTransportu[]=AIR&typTransportu[]=dreamliner&atrybutUdogodnienia_AtrybutPolozenie[]=wblisko-centrum'

2022-07-27 16:13:32 - [MESSAGE][PASSED] - Object: 'Object Repository/Mobile Objects/SearchPage/filtry-boczne/udogodnienia/W-blisko centrum' is clicked on

2022-07-27 16:13:35 - [MESSAGE][PASSED] - Delayed 3 second(s)

2022-07-27 16:13:35 - [MESSAGE][PASSED] - search.filterQueryCheck.clickFilterUnclick is PASSED

2022-07-27 16:13:35 - [TEST_STEP][PASSED] - closeBrowser(): Browser is closed

2022-07-27 16:13:36 - [MESSAGE][PASSED] - Browser is closed]]></system-out>
         <system-err><![CDATA[]]></system-err>
      </testcase>
      <testcase name="Test Cases/Mobile Tests/SearchPage/units-sidebar-filter-mobile/wyzywienie-query-mobile" time="38.067" classname="Test Cases/Mobile Tests/SearchPage/units-sidebar-filter-mobile/wyzywienie-query-mobile" status="PASSED">
         <system-out><![CDATA[2022-07-27 16:14:13 - [TEST_CASE][PASSED] - Test Cases/Mobile Tests/SearchPage/units-sidebar-filter-mobile/wyzywienie-query-mobile: Test Cases/Mobile Tests/SearchPage/units-sidebar-filter-mobile/wyzywienie-query-mobile

2022-07-27 16:14:13 - [TEST_STEP][PASSED] - System.setProperty("webdriver.chrome.driver", getChromeDriverPath()): null

2022-07-27 16:14:13 - [TEST_STEP][PASSED] - mobileEmulation = new java.util.HashMap(): null

2022-07-27 16:14:13 - [TEST_STEP][PASSED] - mobileEmulation.put("deviceName", mobileDevice): null

2022-07-27 16:14:13 - [TEST_STEP][PASSED] - chromeOptions = new org.openqa.selenium.chrome.ChromeOptions(): null

2022-07-27 16:14:13 - [TEST_STEP][PASSED] - chromeOptions.setExperimentalOption("mobileEmulation", mobileEmulation): null

2022-07-27 16:14:13 - [TEST_STEP][PASSED] - driver = new org.openqa.selenium.chrome.ChromeDriver(chromeOptions): null

2022-07-27 16:14:14 - [TEST_STEP][PASSED] - changeWebDriver(driver): null

2022-07-27 16:14:14 - [TEST_STEP][PASSED] - navigate().to("https://r.pl/szukaj"): null

2022-07-27 16:14:17 - [TEST_STEP][PASSED] - click(findTestObject("Object Repository/SzukajPage/ZamknijCiastka")): Object: 'Object Repository/SzukajPage/ZamknijCiastka' is clicked on

2022-07-27 16:14:17 - [MESSAGE][PASSED] - Object: 'Object Repository/SzukajPage/ZamknijCiastka' is clicked on

2022-07-27 16:14:17 - [TEST_STEP][PASSED] - click(findTestObject("Object Repository/Mobile Objects/SearchPage/filtry-boczne/pokaz-filtry-mobile-btn")): Object: 'Object Repository/Mobile Objects/SearchPage/filtry-boczne/pokaz-filtry-mobile-btn' is clicked on

2022-07-27 16:14:18 - [MESSAGE][PASSED] - Object: 'Object Repository/Mobile Objects/SearchPage/filtry-boczne/pokaz-filtry-mobile-btn' is clicked on

2022-07-27 16:14:18 - [TEST_STEP][PASSED] - enableSmartWait(): null

2022-07-27 16:14:18 - [TEST_STEP][PASSED] - comment("Wyżywienie"): Wyżywienie

2022-07-27 16:14:18 - [MESSAGE][INFO] - Wyżywienie

2022-07-27 16:14:18 - [TEST_STEP][PASSED] - search.filterQueryCheck.clickFilterUnclick(findTestObject("Mobile Objects/SearchPage/filtry-boczne/wyzywienie/3 posiki"), timeout, 0, wyzywienie[1]): search.filterQueryCheck.clickFilterUnclick is PASSED

2022-07-27 16:14:18 - [MESSAGE][PASSED] - Object: 'Object Repository/Mobile Objects/SearchPage/filtry-boczne/wyzywienie/3 posiki' is clicked on

2022-07-27 16:14:21 - [MESSAGE][PASSED] - Delayed 3 second(s)

2022-07-27 16:14:21 - [MESSAGE][PASSED] - Current window's url is: 'https://r.pl/szukaj?datyUrodzenia[]=1992-01-01&datyUrodzenia[]=1992-01-01&liczbaPokoi=1&sortowanie=popularne-desc&widok=filter&cena[]=avg&dlugoscPobytu[]=%2A-%2A&typTransportu[]=AIR&typTransportu[]=dreamliner&wyzywienia[]=3-posilki'

2022-07-27 16:14:22 - [MESSAGE][PASSED] - Object: 'Object Repository/Mobile Objects/SearchPage/filtry-boczne/wyzywienie/3 posiki' is clicked on

2022-07-27 16:14:25 - [MESSAGE][PASSED] - Delayed 3 second(s)

2022-07-27 16:14:25 - [MESSAGE][PASSED] - search.filterQueryCheck.clickFilterUnclick is PASSED

2022-07-27 16:14:25 - [TEST_STEP][PASSED] - search.filterQueryCheck.clickFilterUnclick(findTestObject("Mobile Objects/SearchPage/filtry-boczne/wyzywienie/2 posiki"), timeout, 0, wyzywienie[2]): search.filterQueryCheck.clickFilterUnclick is PASSED

2022-07-27 16:14:25 - [MESSAGE][PASSED] - Object: 'Object Repository/Mobile Objects/SearchPage/filtry-boczne/wyzywienie/2 posiki' is clicked on

2022-07-27 16:14:28 - [MESSAGE][PASSED] - Delayed 3 second(s)

2022-07-27 16:14:28 - [MESSAGE][PASSED] - Current window's url is: 'https://r.pl/szukaj?datyUrodzenia[]=1992-01-01&datyUrodzenia[]=1992-01-01&liczbaPokoi=1&sortowanie=popularne-desc&widok=filter&cena[]=avg&dlugoscPobytu[]=%2A-%2A&typTransportu[]=AIR&typTransportu[]=dreamliner&wyzywienia[]=2-posilki'

2022-07-27 16:14:28 - [MESSAGE][PASSED] - Object: 'Object Repository/Mobile Objects/SearchPage/filtry-boczne/wyzywienie/2 posiki' is clicked on

2022-07-27 16:14:31 - [MESSAGE][PASSED] - Delayed 3 second(s)

2022-07-27 16:14:31 - [MESSAGE][PASSED] - search.filterQueryCheck.clickFilterUnclick is PASSED

2022-07-27 16:14:31 - [TEST_STEP][PASSED] - search.filterQueryCheck.clickFilterUnclick(findTestObject("Mobile Objects/SearchPage/filtry-boczne/wyzywienie/Sniadania"), timeout, 0, wyzywienie[3]): search.filterQueryCheck.clickFilterUnclick is PASSED

2022-07-27 16:14:31 - [MESSAGE][PASSED] - Object: 'Object Repository/Mobile Objects/SearchPage/filtry-boczne/wyzywienie/Sniadania' is clicked on

2022-07-27 16:14:34 - [MESSAGE][PASSED] - Delayed 3 second(s)

2022-07-27 16:14:34 - [MESSAGE][PASSED] - Current window's url is: 'https://r.pl/szukaj?datyUrodzenia[]=1992-01-01&datyUrodzenia[]=1992-01-01&liczbaPokoi=1&sortowanie=popularne-desc&widok=filter&cena[]=avg&dlugoscPobytu[]=%2A-%2A&typTransportu[]=AIR&typTransportu[]=dreamliner&wyzywienia[]=sniadania'

2022-07-27 16:14:34 - [MESSAGE][PASSED] - Object: 'Object Repository/Mobile Objects/SearchPage/filtry-boczne/wyzywienie/Sniadania' is clicked on

2022-07-27 16:14:37 - [MESSAGE][PASSED] - Delayed 3 second(s)

2022-07-27 16:14:37 - [MESSAGE][PASSED] - search.filterQueryCheck.clickFilterUnclick is PASSED

2022-07-27 16:14:37 - [TEST_STEP][PASSED] - search.filterQueryCheck.clickFilterUnclick(findTestObject("Mobile Objects/SearchPage/filtry-boczne/wyzywienie/Bez wyywienia"), timeout, 0, wyzywienie[4]): search.filterQueryCheck.clickFilterUnclick is PASSED

2022-07-27 16:14:37 - [MESSAGE][PASSED] - Object: 'Object Repository/Mobile Objects/SearchPage/filtry-boczne/wyzywienie/Bez wyywienia' is clicked on

2022-07-27 16:14:40 - [MESSAGE][PASSED] - Delayed 3 second(s)

2022-07-27 16:14:40 - [MESSAGE][PASSED] - Current window's url is: 'https://r.pl/szukaj?datyUrodzenia[]=1992-01-01&datyUrodzenia[]=1992-01-01&liczbaPokoi=1&sortowanie=popularne-desc&widok=filter&cena[]=avg&dlugoscPobytu[]=%2A-%2A&typTransportu[]=AIR&typTransportu[]=dreamliner&wyzywienia[]=bez-wyzywienia'

2022-07-27 16:14:41 - [MESSAGE][PASSED] - Object: 'Object Repository/Mobile Objects/SearchPage/filtry-boczne/wyzywienie/Bez wyywienia' is clicked on

2022-07-27 16:14:44 - [MESSAGE][PASSED] - Delayed 3 second(s)

2022-07-27 16:14:44 - [MESSAGE][PASSED] - search.filterQueryCheck.clickFilterUnclick is PASSED

2022-07-27 16:14:44 - [TEST_STEP][PASSED] - search.filterQueryCheck.clickFilterUnclick(findTestObject("Mobile Objects/SearchPage/filtry-boczne/wyzywienie/All inclusive"), timeout, 0, wyzywienie[0]): search.filterQueryCheck.clickFilterUnclick is PASSED

2022-07-27 16:14:44 - [MESSAGE][PASSED] - Object: 'Object Repository/Mobile Objects/SearchPage/filtry-boczne/wyzywienie/All inclusive' is clicked on

2022-07-27 16:14:47 - [MESSAGE][PASSED] - Delayed 3 second(s)

2022-07-27 16:14:47 - [MESSAGE][PASSED] - Current window's url is: 'https://r.pl/all-inclusive?datyUrodzenia[]=1992-01-01&datyUrodzenia[]=1992-01-01&liczbaPokoi=1&sortowanie=popularne-desc&widok=filter&cena[]=avg&dlugoscPobytu[]=%2A-%2A&typTransportu[]=AIR&typTransportu[]=dreamliner&wyzywienia[]=all-inclusive'

2022-07-27 16:14:47 - [MESSAGE][PASSED] - Object: 'Object Repository/Mobile Objects/SearchPage/filtry-boczne/wyzywienie/All inclusive' is clicked on

2022-07-27 16:14:50 - [MESSAGE][PASSED] - Delayed 3 second(s)

2022-07-27 16:14:50 - [MESSAGE][PASSED] - search.filterQueryCheck.clickFilterUnclick is PASSED

2022-07-27 16:14:50 - [TEST_STEP][PASSED] - closeBrowser(): Browser is closed

2022-07-27 16:14:51 - [MESSAGE][PASSED] - Browser is closed]]></system-out>
         <system-err><![CDATA[]]></system-err>
      </testcase>
      <testcase name="Test Cases/Mobile Tests/SEO/check-seo-mobile" time="7.74" classname="Test Cases/Mobile Tests/SEO/check-seo-mobile" status="PASSED">
         <system-out><![CDATA[2022-07-27 16:14:51 - [TEST_CASE][PASSED] - Test Cases/Mobile Tests/SEO/check-seo-mobile: Test Cases/Mobile Tests/SEO/check-seo-mobile

2022-07-27 16:14:51 - [TEST_STEP][PASSED] - System.setProperty("webdriver.chrome.driver", getChromeDriverPath()): null

2022-07-27 16:14:51 - [TEST_STEP][PASSED] - mobileEmulation = new java.util.HashMap(): null

2022-07-27 16:14:51 - [TEST_STEP][PASSED] - mobileEmulation.put("deviceName", mobileDevice): null

2022-07-27 16:14:51 - [TEST_STEP][PASSED] - chromeOptions = new org.openqa.selenium.chrome.ChromeOptions(): null

2022-07-27 16:14:51 - [TEST_STEP][PASSED] - chromeOptions.setExperimentalOption("mobileEmulation", mobileEmulation): null

2022-07-27 16:14:51 - [TEST_STEP][PASSED] - driver = new org.openqa.selenium.chrome.ChromeDriver(chromeOptions): null

2022-07-27 16:14:52 - [TEST_STEP][PASSED] - changeWebDriver(driver): null

2022-07-27 16:14:52 - [TEST_STEP][PASSED] - navigate().to(baseUrl + slug): null

2022-07-27 16:14:55 - [TEST_STEP][PASSED] - if (verifyElementClickable(findTestObject("SeoContentSearchPage/zamknijCiastka"), OPTIONAL)): null

2022-07-27 16:14:55 - [MESSAGE][PASSED] - Object 'Object Repository/SeoContentSearchPage/zamknijCiastka' is clickable

2022-07-27 16:14:55 - [TEST_STEP][PASSED] - click(findTestObject("SeoContentSearchPage/zamknijCiastka")): Object: 'Object Repository/SeoContentSearchPage/zamknijCiastka' is clicked on

2022-07-27 16:14:55 - [MESSAGE][PASSED] - Object: 'Object Repository/SeoContentSearchPage/zamknijCiastka' is clicked on

2022-07-27 16:14:55 - [TEST_STEP][PASSED] - comment("Sekcja seo"): Sekcja seo

2022-07-27 16:14:55 - [MESSAGE][INFO] - Sekcja seo

2022-07-27 16:14:55 - [TEST_STEP][PASSED] - if (!(waitForElementPresent(findTestObject("SeoContentSearchPage/content-bluebg-section"), 1, OPTIONAL))): Object 'Object Repository/SeoContentSearchPage/content-bluebg-section' is present

2022-07-27 16:14:56 - [MESSAGE][PASSED] - Object 'Object Repository/SeoContentSearchPage/content-bluebg-section' is present

2022-07-27 16:14:56 - [TEST_STEP][PASSED] - verifyElementPresent(findTestObject("SeoContentSearchPage/content-bluebg-section"), 1): Object 'Object Repository/SeoContentSearchPage/content-bluebg-section' is present

2022-07-27 16:14:56 - [MESSAGE][PASSED] - Object 'Object Repository/SeoContentSearchPage/content-bluebg-section' is present

2022-07-27 16:14:56 - [TEST_STEP][PASSED] - verifyElementVisible(findTestObject("SeoContentSearchPage/content-bluebg-section")): Object 'Object Repository/SeoContentSearchPage/content-bluebg-section' is visible

2022-07-27 16:14:56 - [MESSAGE][PASSED] - Object 'Object Repository/SeoContentSearchPage/content-bluebg-section' is visible

2022-07-27 16:14:56 - [TEST_STEP][PASSED] - verifyElementPresent(findTestObject("SeoContentSearchPage/content-seo-container"), 1): Object 'Object Repository/SeoContentSearchPage/content-seo-container' is present

2022-07-27 16:14:56 - [MESSAGE][PASSED] - Object 'Object Repository/SeoContentSearchPage/content-seo-container' is present

2022-07-27 16:14:56 - [TEST_STEP][PASSED] - verifyElementVisible(findTestObject("SeoContentSearchPage/content-seo-container")): Object 'Object Repository/SeoContentSearchPage/content-seo-container' is visible

2022-07-27 16:14:56 - [MESSAGE][PASSED] - Object 'Object Repository/SeoContentSearchPage/content-seo-container' is visible

2022-07-27 16:14:56 - [TEST_STEP][PASSED] - comment("Elementy sekcji"): Elementy sekcji

2022-07-27 16:14:56 - [MESSAGE][INFO] - Elementy sekcji

2022-07-27 16:14:56 - [TEST_STEP][PASSED] - verifyElementPresent(findTestObject("SeoContentSearchPage/destination-content-general"), 1): Object 'Object Repository/SeoContentSearchPage/destination-content-general' is present

2022-07-27 16:14:56 - [MESSAGE][PASSED] - Object 'Object Repository/SeoContentSearchPage/destination-content-general' is present

2022-07-27 16:14:56 - [TEST_STEP][PASSED] - verifyElementVisible(findTestObject("SeoContentSearchPage/destination-content-general")): Object 'Object Repository/SeoContentSearchPage/destination-content-general' is visible

2022-07-27 16:14:56 - [MESSAGE][PASSED] - Object 'Object Repository/SeoContentSearchPage/destination-content-general' is visible

2022-07-27 16:14:56 - [TEST_STEP][PASSED] - verifyElementPresent(findTestObject("SeoContentSearchPage/destination-box"), 1): Object 'Object Repository/SeoContentSearchPage/destination-box' is present

2022-07-27 16:14:56 - [MESSAGE][PASSED] - Object 'Object Repository/SeoContentSearchPage/destination-box' is present

2022-07-27 16:14:56 - [TEST_STEP][PASSED] - verifyElementVisible(findTestObject("SeoContentSearchPage/destination-box")): Object 'Object Repository/SeoContentSearchPage/destination-box' is visible

2022-07-27 16:14:56 - [MESSAGE][PASSED] - Object 'Object Repository/SeoContentSearchPage/destination-box' is visible

2022-07-27 16:14:56 - [TEST_STEP][PASSED] - verifyElementPresent(findTestObject("SeoContentSearchPage/destination-articles"), 1): Object 'Object Repository/SeoContentSearchPage/destination-articles' is present

2022-07-27 16:14:56 - [MESSAGE][PASSED] - Object 'Object Repository/SeoContentSearchPage/destination-articles' is present

2022-07-27 16:14:56 - [TEST_STEP][PASSED] - verifyElementPresent(findTestObject("SeoContentSearchPage/destination-articles"), 1): Object 'Object Repository/SeoContentSearchPage/destination-articles' is present

2022-07-27 16:14:56 - [MESSAGE][PASSED] - Object 'Object Repository/SeoContentSearchPage/destination-articles' is present

2022-07-27 16:14:56 - [TEST_STEP][PASSED] - verifyElementVisible(findTestObject("SeoContentSearchPage/destination-opinions")): Object 'Object Repository/SeoContentSearchPage/destination-opinions' is visible

2022-07-27 16:14:57 - [MESSAGE][PASSED] - Object 'Object Repository/SeoContentSearchPage/destination-opinions' is visible

2022-07-27 16:14:57 - [TEST_STEP][PASSED] - verifyElementVisible(findTestObject("SeoContentSearchPage/destination-opinions")): Object 'Object Repository/SeoContentSearchPage/destination-opinions' is visible

2022-07-27 16:14:57 - [MESSAGE][PASSED] - Object 'Object Repository/SeoContentSearchPage/destination-opinions' is visible

2022-07-27 16:14:57 - [TEST_STEP][PASSED] - comment("Nazwa kraju/miejsca"): Nazwa kraju/miejsca

2022-07-27 16:14:57 - [MESSAGE][INFO] - Nazwa kraju/miejsca

2022-07-27 16:14:57 - [TEST_STEP][PASSED] - verifyElementPresent(findTestObject("SeoContentSearchPage/destination-box__place"), 1): Object 'Object Repository/SeoContentSearchPage/destination-box__place' is present

2022-07-27 16:14:57 - [MESSAGE][PASSED] - Object 'Object Repository/SeoContentSearchPage/destination-box__place' is present

2022-07-27 16:14:57 - [TEST_STEP][PASSED] - verifyElementVisible(findTestObject("SeoContentSearchPage/destination-box__place"), STOP_ON_FAILURE): Object 'Object Repository/SeoContentSearchPage/destination-box__place' is visible

2022-07-27 16:14:57 - [MESSAGE][PASSED] - Object 'Object Repository/SeoContentSearchPage/destination-box__place' is visible

2022-07-27 16:14:57 - [TEST_STEP][PASSED] - verifyElementText(findTestObject("SeoContentSearchPage/destination-box__place"), destination): Actual text and expected text of test object 'Object Repository/SeoContentSearchPage/destination-box__place' are matched.

2022-07-27 16:14:57 - [MESSAGE][PASSED] - Actual text and expected text of test object 'Object Repository/SeoContentSearchPage/destination-box__place' are matched.

2022-07-27 16:14:57 - [TEST_STEP][PASSED] - comment("Pierwszy element akordeonu"): Pierwszy element akordeonu

2022-07-27 16:14:57 - [MESSAGE][INFO] - Pierwszy element akordeonu

2022-07-27 16:14:57 - [TEST_STEP][PASSED] - scrollToElement(findTestObject("SeoContentSearchPage/content-bluebg-section"), 1): Scroll to object 'Object Repository/SeoContentSearchPage/content-bluebg-section' successfully

2022-07-27 16:14:57 - [MESSAGE][PASSED] - Scroll to object 'Object Repository/SeoContentSearchPage/content-bluebg-section' successfully

2022-07-27 16:14:57 - [TEST_STEP][PASSED] - if (waitForElementPresent(findTestObject("Mobile Objects/SEO/akordeon-mobile/Akordeon-pierwszy-ele-mobile"), 2, OPTIONAL)): null

2022-07-27 16:14:57 - [MESSAGE][PASSED] - Object 'Object Repository/Mobile Objects/SEO/akordeon-mobile/Akordeon-pierwszy-ele-mobile' is present

2022-07-27 16:14:57 - [TEST_STEP][PASSED] - verifyElementPresent(findTestObject("Mobile Objects/SEO/akordeon-mobile/Akordeon-pierwszy-ele-mobile"), 1): Object 'Object Repository/Mobile Objects/SEO/akordeon-mobile/Akordeon-pierwszy-ele-mobile' is present

2022-07-27 16:14:57 - [MESSAGE][PASSED] - Object 'Object Repository/Mobile Objects/SEO/akordeon-mobile/Akordeon-pierwszy-ele-mobile' is present

2022-07-27 16:14:57 - [TEST_STEP][PASSED] - verifyElementVisible(findTestObject("Mobile Objects/SEO/akordeon-mobile/Akordeon-pierwszy-ele-mobile")): Object 'Object Repository/Mobile Objects/SEO/akordeon-mobile/Akordeon-pierwszy-ele-mobile' is visible

2022-07-27 16:14:57 - [MESSAGE][PASSED] - Object 'Object Repository/Mobile Objects/SEO/akordeon-mobile/Akordeon-pierwszy-ele-mobile' is visible

2022-07-27 16:14:57 - [TEST_STEP][PASSED] - click(findTestObject("SeoContentSearchPage/destination-akordeon__first-element")): Object: 'Object Repository/SeoContentSearchPage/destination-akordeon__first-element' is clicked on

2022-07-27 16:14:57 - [MESSAGE][PASSED] - Object: 'Object Repository/SeoContentSearchPage/destination-akordeon__first-element' is clicked on

2022-07-27 16:14:57 - [TEST_STEP][PASSED] - waitForElementPresent(findTestObject("SeoContentSearchPage/destination-akordeon__first-para"), 1): Object 'Object Repository/SeoContentSearchPage/destination-akordeon__first-para' is present

2022-07-27 16:14:57 - [MESSAGE][PASSED] - Object 'Object Repository/SeoContentSearchPage/destination-akordeon__first-para' is present

2022-07-27 16:14:57 - [TEST_STEP][PASSED] - verifyElementPresent(findTestObject("SeoContentSearchPage/destination-akordeon__first-para"), 1): Object 'Object Repository/SeoContentSearchPage/destination-akordeon__first-para' is present

2022-07-27 16:14:58 - [MESSAGE][PASSED] - Object 'Object Repository/SeoContentSearchPage/destination-akordeon__first-para' is present

2022-07-27 16:14:58 - [TEST_STEP][PASSED] - verifyElementVisible(findTestObject("SeoContentSearchPage/destination-akordeon__first-para"), STOP_ON_FAILURE): Object 'Object Repository/SeoContentSearchPage/destination-akordeon__first-para' is visible

2022-07-27 16:14:58 - [MESSAGE][PASSED] - Object 'Object Repository/SeoContentSearchPage/destination-akordeon__first-para' is visible

2022-07-27 16:14:58 - [TEST_STEP][PASSED] - closeBrowser(STOP_ON_FAILURE): Browser is closed

2022-07-27 16:14:58 - [MESSAGE][PASSED] - Browser is closed]]></system-out>
         <system-err><![CDATA[]]></system-err>
      </testcase>
      <system-out><![CDATA[2022-07-27 16:03:08 - [TEST_SUITE][ERROR] - Mobile test suite: Test Cases/Mobile Tests/Results/popularne-refresh-mobile FAILED.
Reason:
org.openqa.selenium.InvalidArgumentException: invalid argument
  (Session info: chrome=103.0.5060.134)
Build info: version: '3.141.59', revision: 'e82be7d358', time: '2018-11-14T08:25:53'
System info: host: 'BH-N002', ip: '192.168.1.27', os.name: 'Windows 10', os.arch: 'amd64', os.version: '10.0', java.version: '1.8.0_282'
Driver info: org.openqa.selenium.chrome.ChromeDriver
Capabilities {acceptInsecureCerts: false, browserName: chrome, browserVersion: 103.0.5060.134, chrome: {chromedriverVersion: 103.0.5060.134 (8ec6fce403b..., userDataDir: C:\Users\MKAPUS~1\AppData\L...}, goog:chromeOptions: {debuggerAddress: localhost:52951}, javascriptEnabled: true, networkConnectionEnabled: false, pageLoadStrategy: normal, platform: WINDOWS, platformName: WINDOWS, proxy: Proxy(), setWindowRect: true, strictFileInteractability: false, timeouts: {implicit: 0, pageLoad: 300000, script: 30000}, unhandledPromptBehavior: dismiss and notify, webauthn:extension:credBlob: true, webauthn:extension:largeBlob: true, webauthn:virtualAuthenticators: true}
Session ID: a9846dce0a8643e350544c8c17da3e72
	at org.openqa.selenium.remote.http.W3CHttpResponseCodec.createException(W3CHttpResponseCodec.java:187)
	at org.openqa.selenium.remote.http.W3CHttpResponseCodec.decode(W3CHttpResponseCodec.java:122)
	at org.openqa.selenium.remote.http.W3CHttpResponseCodec.decode(W3CHttpResponseCodec.java:49)
	at org.openqa.selenium.remote.HttpCommandExecutor.execute(HttpCommandExecutor.java:158)
	at org.openqa.selenium.remote.service.DriverCommandExecutor.execute(DriverCommandExecutor.java:83)
	at org.openqa.selenium.remote.RemoteWebDriver.execute(RemoteWebDriver.java:552)
	at org.openqa.selenium.remote.RemoteWebDriver.get(RemoteWebDriver.java:277)
	at org.openqa.selenium.remote.RemoteWebDriver$RemoteNavigation.to(RemoteWebDriver.java:857)
	at org.openqa.selenium.WebDriver$Navigation$to.call(Unknown Source)
	at popularne-refresh-mobile.run(popularne-refresh-mobile:38)
	at com.kms.katalon.core.main.ScriptEngine.run(ScriptEngine.java:194)
	at com.kms.katalon.core.main.ScriptEngine.runScriptAsRawText(ScriptEngine.java:119)
	at com.kms.katalon.core.main.TestCaseExecutor.runScript(TestCaseExecutor.java:445)
	at com.kms.katalon.core.main.TestCaseExecutor.doExecute(TestCaseExecutor.java:436)
	at com.kms.katalon.core.main.TestCaseExecutor.processExecutionPhase(TestCaseExecutor.java:415)
	at com.kms.katalon.core.main.TestCaseExecutor.accessMainPhase(TestCaseExecutor.java:407)
	at com.kms.katalon.core.main.TestCaseExecutor.execute(TestCaseExecutor.java:284)
	at com.kms.katalon.core.common.CommonExecutor.accessTestCaseMainPhase(CommonExecutor.java:65)
	at com.kms.katalon.core.main.TestSuiteExecutor.accessTestSuiteMainPhase(TestSuiteExecutor.java:144)
	at com.kms.katalon.core.main.TestSuiteExecutor.execute(TestSuiteExecutor.java:106)
	at com.kms.katalon.core.main.TestCaseMain.startTestSuite(TestCaseMain.java:185)
	at com.kms.katalon.core.main.TestCaseMain$startTestSuite$0.call(Unknown Source)
	at TempTestSuite1658930586090.run(TempTestSuite1658930586090.groovy:36)]]></system-out>
      <system-err><![CDATA[2022-07-27 16:03:08 - [TEST_SUITE][ERROR] - Mobile test suite: Test Cases/Mobile Tests/Results/popularne-refresh-mobile FAILED.
Reason:
org.openqa.selenium.InvalidArgumentException: invalid argument
  (Session info: chrome=103.0.5060.134)
Build info: version: '3.141.59', revision: 'e82be7d358', time: '2018-11-14T08:25:53'
System info: host: 'BH-N002', ip: '192.168.1.27', os.name: 'Windows 10', os.arch: 'amd64', os.version: '10.0', java.version: '1.8.0_282'
Driver info: org.openqa.selenium.chrome.ChromeDriver
Capabilities {acceptInsecureCerts: false, browserName: chrome, browserVersion: 103.0.5060.134, chrome: {chromedriverVersion: 103.0.5060.134 (8ec6fce403b..., userDataDir: C:\Users\MKAPUS~1\AppData\L...}, goog:chromeOptions: {debuggerAddress: localhost:52951}, javascriptEnabled: true, networkConnectionEnabled: false, pageLoadStrategy: normal, platform: WINDOWS, platformName: WINDOWS, proxy: Proxy(), setWindowRect: true, strictFileInteractability: false, timeouts: {implicit: 0, pageLoad: 300000, script: 30000}, unhandledPromptBehavior: dismiss and notify, webauthn:extension:credBlob: true, webauthn:extension:largeBlob: true, webauthn:virtualAuthenticators: true}
Session ID: a9846dce0a8643e350544c8c17da3e72
	at org.openqa.selenium.remote.http.W3CHttpResponseCodec.createException(W3CHttpResponseCodec.java:187)
	at org.openqa.selenium.remote.http.W3CHttpResponseCodec.decode(W3CHttpResponseCodec.java:122)
	at org.openqa.selenium.remote.http.W3CHttpResponseCodec.decode(W3CHttpResponseCodec.java:49)
	at org.openqa.selenium.remote.HttpCommandExecutor.execute(HttpCommandExecutor.java:158)
	at org.openqa.selenium.remote.service.DriverCommandExecutor.execute(DriverCommandExecutor.java:83)
	at org.openqa.selenium.remote.RemoteWebDriver.execute(RemoteWebDriver.java:552)
	at org.openqa.selenium.remote.RemoteWebDriver.get(RemoteWebDriver.java:277)
	at org.openqa.selenium.remote.RemoteWebDriver$RemoteNavigation.to(RemoteWebDriver.java:857)
	at org.openqa.selenium.WebDriver$Navigation$to.call(Unknown Source)
	at popularne-refresh-mobile.run(popularne-refresh-mobile:38)
	at com.kms.katalon.core.main.ScriptEngine.run(ScriptEngine.java:194)
	at com.kms.katalon.core.main.ScriptEngine.runScriptAsRawText(ScriptEngine.java:119)
	at com.kms.katalon.core.main.TestCaseExecutor.runScript(TestCaseExecutor.java:445)
	at com.kms.katalon.core.main.TestCaseExecutor.doExecute(TestCaseExecutor.java:436)
	at com.kms.katalon.core.main.TestCaseExecutor.processExecutionPhase(TestCaseExecutor.java:415)
	at com.kms.katalon.core.main.TestCaseExecutor.accessMainPhase(TestCaseExecutor.java:407)
	at com.kms.katalon.core.main.TestCaseExecutor.execute(TestCaseExecutor.java:284)
	at com.kms.katalon.core.common.CommonExecutor.accessTestCaseMainPhase(CommonExecutor.java:65)
	at com.kms.katalon.core.main.TestSuiteExecutor.accessTestSuiteMainPhase(TestSuiteExecutor.java:144)
	at com.kms.katalon.core.main.TestSuiteExecutor.execute(TestSuiteExecutor.java:106)
	at com.kms.katalon.core.main.TestCaseMain.startTestSuite(TestCaseMain.java:185)
	at com.kms.katalon.core.main.TestCaseMain$startTestSuite$0.call(Unknown Source)
	at TempTestSuite1658930586090.run(TempTestSuite1658930586090.groovy:36)]]></system-err>
   </testsuite>
</testsuites>
