<?xml version="1.0" encoding="UTF-8"?>
<testsuites name="Happy Hours During Hours" time="13.626" tests="1" failures="0" errors="0">
   <testsuite name="Happy Hours During Hours" tests="1" failures="0" errors="0" time="13.626" skipped="0" timestamp="2022-07-06 13:17:28" hostname="adamtopczewski - localhost" id="Test Suites/Happy Hours During Hours">
      <properties>
         <property name="deviceName" value=""/>
         <property name="devicePlatform" value=""/>
         <property name="logFolder" value="/Users/adamtopczewski/git/rainbow_test_suite/Reports/20220706_131725/Happy Hours During Hours/20220706_131725"/>
         <property name="logFiles" value="/Users/adamtopczewski/git/rainbow_test_suite/Reports/20220706_131725/Happy Hours During Hours/20220706_131725/execution0.log"/>
         <property name="attachments" value=""/>
         <property name="hostName" value="adamtopczewski - localhost"/>
         <property name="os" value="Mac OS X 64bit"/>
         <property name="katalonVersion" value="8.3.5.208"/>
         <property name="browser" value="Chrome 103.0.5060.53"/>
         <property name="hostAddress" value="127.0.0.1"/>
         <property name="sessionId" value="4192b1aeeb8a56c3fcc579e8bd593295"/>
         <property name="seleniumVersion" value="3.141.59"/>
         <property name="proxyInformation" value="ProxyInformation { proxyOption=NO_PROXY, proxyServerType=HTTP, username=, password=********, proxyServerAddress=, proxyServerPort=0, executionList=&quot;&quot;, isApplyToDesiredCapabilities=true }"/>
         <property name="platform" value="Mac OS X"/>
      </properties>
      <testcase name="Test Cases/Happy Hours/happy-hours_promo-active" time="13.319" classname="Test Cases/Happy Hours/happy-hours_promo-active" status="PASSED">
         <system-out><![CDATA[2022-07-06 13:17:29 - [TEST_CASE][PASSED] - Test Cases/Happy Hours/happy-hours_promo-active: Test Cases/Happy Hours/happy-hours_promo-active

2022-07-06 13:17:29 - [TEST_STEP][PASSED] - openBrowser(""): Browser is opened with url: ''

2022-07-06 13:17:29 - [MESSAGE][INFO] - Starting 'Chrome' driver

2022-07-06 13:17:30 - [MESSAGE][INFO] - Action delay is set to 0 milliseconds

2022-07-06 13:17:32 - [MESSAGE][PASSED] - Browser is opened with url: ''

2022-07-06 13:17:32 - [TEST_STEP][PASSED] - navigateToUrl("https://r.pl/happy-hours"): Navigate to 'https://r.pl/happy-hours' successfully

2022-07-06 13:17:37 - [MESSAGE][PASSED] - Navigate to 'https://r.pl/happy-hours' successfully

2022-07-06 13:17:37 - [TEST_STEP][PASSED] - maximizeWindow(): Current window maximized

2022-07-06 13:17:37 - [MESSAGE][PASSED] - Current window maximized

2022-07-06 13:17:37 - [TEST_STEP][PASSED] - click(findTestObject("HappyHoursPage/zamknijCiastka")): Object: 'Object Repository/HappyHoursPage/zamknijCiastka' is clicked on

2022-07-06 13:17:38 - [MESSAGE][PASSED] - Object: 'Object Repository/HappyHoursPage/zamknijCiastka' is clicked on

2022-07-06 13:17:38 - [TEST_STEP][PASSED] - verifyElementNotPresent(findTestObject("HappyHoursPage/clock-module2"), 1): Web element with id: 'Object Repository/HappyHoursPage/clock-module2' located by 'By.xpath: //div[@id='__layout']/div/div[2]/div/div[3]/div' is not present after '1' second(s)

2022-07-06 13:17:39 - [MESSAGE][PASSED] - Web element with id: 'Object Repository/HappyHoursPage/clock-module2' located by 'By.xpath: //div[@id='__layout']/div/div[2]/div/div[3]/div' is not present after '1' second(s)

2022-07-06 13:17:39 - [TEST_STEP][PASSED] - verifyElementNotPresent(findTestObject("HappyHoursPage/do-startu-kolejnej-promocji-pozostao"), 1): Web element with id: 'Object Repository/HappyHoursPage/do-startu-kolejnej-promocji-pozostao' located by 'By.xpath: //div[@id='__layout']/div/div[2]/div/div[3]/p' is not present after '1' second(s)

2022-07-06 13:17:39 - [MESSAGE][PASSED] - Web element with id: 'Object Repository/HappyHoursPage/do-startu-kolejnej-promocji-pozostao' located by 'By.xpath: //div[@id='__layout']/div/div[2]/div/div[3]/p' is not present after '1' second(s)

2022-07-06 13:17:39 - [TEST_STEP][PASSED] - verifyElementPresent(findTestObject("Object Repository/HappyHoursPage/pokaz-wszystkie-oferty-link"), 1): Object 'Object Repository/HappyHoursPage/pokaz-wszystkie-oferty-link' is present

2022-07-06 13:17:39 - [MESSAGE][PASSED] - Object 'Object Repository/HappyHoursPage/pokaz-wszystkie-oferty-link' is present

2022-07-06 13:17:39 - [TEST_STEP][PASSED] - verifyElementVisible(findTestObject("Object Repository/HappyHoursPage/pokaz-wszystkie-oferty-link")): Object 'Object Repository/HappyHoursPage/pokaz-wszystkie-oferty-link' is visible

2022-07-06 13:17:40 - [MESSAGE][PASSED] - Object 'Object Repository/HappyHoursPage/pokaz-wszystkie-oferty-link' is visible

2022-07-06 13:17:40 - [TEST_STEP][PASSED] - verifyElementText(findTestObject("Object Repository/HappyHoursPage/pokaz-wszystkie-oferty-text"), "POKAÅ» WSZYSTKIE OFERTY"): Actual text and expected text of test object 'Object Repository/HappyHoursPage/pokaz-wszystkie-oferty-text' are matched.

2022-07-06 13:17:40 - [MESSAGE][PASSED] - Actual text and expected text of test object 'Object Repository/HappyHoursPage/pokaz-wszystkie-oferty-text' are matched.

2022-07-06 13:17:40 - [TEST_STEP][PASSED] - if (!(verifyElementPresent(findTestObject("HappyHoursPage/bloczki-content-hh"), 1, OPTIONAL))): Object 'Object Repository/HappyHoursPage/bloczki-content-hh' is present

2022-07-06 13:17:40 - [MESSAGE][PASSED] - Object 'Object Repository/HappyHoursPage/bloczki-content-hh' is present

2022-07-06 13:17:40 - [TEST_STEP][PASSED] - verifyElementPresent(findTestObject("HappyHoursPage/bloczki-content-hh"), 1): Object 'Object Repository/HappyHoursPage/bloczki-content-hh' is present

2022-07-06 13:17:41 - [MESSAGE][PASSED] - Object 'Object Repository/HappyHoursPage/bloczki-content-hh' is present

2022-07-06 13:17:41 - [TEST_STEP][PASSED] - verifyElementPresent(findTestObject("HappyHoursPage/pierwszy-bloczek-hh"), 1): Object 'Object Repository/HappyHoursPage/pierwszy-bloczek-hh' is present

2022-07-06 13:17:41 - [MESSAGE][PASSED] - Object 'Object Repository/HappyHoursPage/pierwszy-bloczek-hh' is present

2022-07-06 13:17:41 - [TEST_STEP][PASSED] - verifyElementVisible(findTestObject("Object Repository/HappyHoursPage/pierwszy-bloczek-hh")): Object 'Object Repository/HappyHoursPage/pierwszy-bloczek-hh' is visible

2022-07-06 13:17:42 - [MESSAGE][PASSED] - Object 'Object Repository/HappyHoursPage/pierwszy-bloczek-hh' is visible

2022-07-06 13:17:42 - [TEST_STEP][PASSED] - verifyElementPresent(findTestObject("HappyHoursPage/pokaz-wszystkie-oferty-link"), 1): Object 'Object Repository/HappyHoursPage/pokaz-wszystkie-oferty-link' is present

2022-07-06 13:17:42 - [MESSAGE][PASSED] - Object 'Object Repository/HappyHoursPage/pokaz-wszystkie-oferty-link' is present

2022-07-06 13:17:42 - [TEST_STEP][PASSED] - closeBrowser(): Browser is closed

2022-07-06 13:17:42 - [MESSAGE][PASSED] - Browser is closed]]></system-out>
         <system-err><![CDATA[]]></system-err>
      </testcase>
      <system-out><![CDATA[2022-07-06 13:17:28 - [TEST_SUITE][PASSED] - Happy Hours During Hours: Test Cases/Happy Hours/happy-hours_promo-active]]></system-out>
      <system-err><![CDATA[]]></system-err>
   </testsuite>
</testsuites>
